Log file open, 02/19/20 15:07:10
LogWindows: Failed to load 'aqProf.dll' (GetLastError=126)
LogWindows: File 'aqProf.dll' does not exist
LogWindows: Failed to load 'VtuneApi.dll' (GetLastError=126)
LogWindows: File 'VtuneApi.dll' does not exist
LogWindows: Failed to load 'VtuneApi32e.dll' (GetLastError=126)
LogWindows: File 'VtuneApi32e.dll' does not exist
LogConsoleResponse: Display: Failed to find resolution value strings in scalability ini. Falling back to default.
LogInit: Display: Running engine for game: FishBaloon
LogPlatformFile: Not using cached read wrapper
LogTaskGraph: Started task graph with 5 named threads and 23 total threads with 3 sets of task threads.
LogStats: Stats thread started at 0.162116
LogD3D11RHI: Loaded GFSDK_Aftermath_Lib.x64.dll
LogICUInternationalization: ICU TimeZone Detection - Raw Offset: +1:00, Platform Override: ''
LogPluginManager: Mounting plugin Paper2D
LogPluginManager: Mounting plugin AISupport
LogPluginManager: Mounting plugin LightPropagationVolume
LogPluginManager: Mounting plugin ActorLayerUtilities
LogPluginManager: Mounting plugin AnimationSharing
LogPluginManager: Mounting plugin CLionSourceCodeAccess
LogPluginManager: Mounting plugin CodeLiteSourceCodeAccess
LogPluginManager: Mounting plugin GitSourceControl
LogPluginManager: Mounting plugin KDevelopSourceCodeAccess
LogPluginManager: Mounting plugin NullSourceCodeAccess
LogPluginManager: Mounting plugin PerforceSourceControl
LogPluginManager: Mounting plugin PlasticSourceControl
LogPluginManager: Mounting plugin SubversionSourceControl
LogPluginManager: Mounting plugin UObjectPlugin
LogPluginManager: Mounting plugin VisualStudioCodeSourceCodeAccess
LogPluginManager: Mounting plugin VisualStudioSourceCodeAccess
LogPluginManager: Mounting plugin XCodeSourceCodeAccess
LogPluginManager: Mounting plugin AssetManagerEditor
LogPluginManager: Mounting plugin CryptoKeys
LogPluginManager: Mounting plugin CurveEditorTools
LogPluginManager: Mounting plugin DataValidation
LogPluginManager: Mounting plugin FacialAnimation
LogPluginManager: Mounting plugin GameplayTagsEditor
LogPluginManager: Mounting plugin MacGraphicsSwitching
LogPluginManager: Mounting plugin MaterialAnalyzer
LogPluginManager: Mounting plugin MobileLauncherProfileWizard
LogPluginManager: Mounting plugin PluginBrowser
LogPluginManager: Mounting plugin SpeedTreeImporter
LogPluginManager: Mounting plugin DatasmithContent
LogPluginManager: Mounting plugin VariantManagerContent
LogPluginManager: Mounting plugin AlembicImporter
LogPluginManager: Mounting plugin AutomationUtils
LogPluginManager: Mounting plugin BackChannel
LogPluginManager: Mounting plugin CharacterAI
LogPluginManager: Mounting plugin GeometryCache
LogPluginManager: Mounting plugin PlatformCrypto
LogPluginManager: Mounting plugin ProxyLODPlugin
LogPluginManager: Mounting plugin SkeletalReduction
LogPluginManager: Mounting plugin MagicLeap
LogPluginManager: Mounting plugin MagicLeapMedia
LogPluginManager: Mounting plugin MLSDK
LogPluginManager: Mounting plugin AndroidMedia
LogPluginManager: Mounting plugin AvfMedia
LogPluginManager: Mounting plugin ImgMedia
LogPluginManager: Mounting plugin MediaCompositing
LogPluginManager: Mounting plugin MediaPlayerEditor
LogPluginManager: Mounting plugin WebMMedia
LogPluginManager: Mounting plugin WmfMedia
LogPluginManager: Mounting plugin TcpMessaging
LogPluginManager: Mounting plugin UdpMessaging
LogPluginManager: Mounting plugin ActorSequence
LogPluginManager: Mounting plugin LevelSequenceEditor
LogPluginManager: Mounting plugin MatineeToLevelSequence
LogPluginManager: Mounting plugin NetcodeUnitTest
LogPluginManager: Mounting plugin NUTUnrealEngine4
LogPluginManager: Mounting plugin OnlineSubsystemGooglePlay
LogPluginManager: Mounting plugin OnlineSubsystemIOS
LogPluginManager: Mounting plugin OnlineSubsystem
LogPluginManager: Mounting plugin OnlineSubsystemNull
LogPluginManager: Mounting plugin OnlineSubsystemUtils
LogPluginManager: Mounting plugin LauncherChunkInstaller
LogPluginManager: Mounting plugin AndroidDeviceProfileSelector
LogPluginManager: Mounting plugin AndroidMoviePlayer
LogPluginManager: Mounting plugin AndroidPermission
LogPluginManager: Mounting plugin AppleImageUtils
LogPluginManager: Mounting plugin AppleMoviePlayer
LogPluginManager: Mounting plugin ArchVisCharacter
LogPluginManager: Mounting plugin AssetTags
LogPluginManager: Mounting plugin AudioCapture
LogPluginManager: Mounting plugin CableComponent
LogPluginManager: Mounting plugin CustomMeshComponent
LogPluginManager: Mounting plugin EditableMesh
LogPluginManager: Mounting plugin ExampleDeviceProfileSelector
LogPluginManager: Mounting plugin GoogleCloudMessaging
LogPluginManager: Mounting plugin IOSDeviceProfileSelector
LogPluginManager: Mounting plugin LinuxDeviceProfileSelector
LogPluginManager: Mounting plugin LocationServicesBPLibrary
LogPluginManager: Mounting plugin MobilePatchingUtils
LogPluginManager: Mounting plugin OculusVR
LogPluginManager: Mounting plugin PhysXVehicles
LogPluginManager: Mounting plugin PostSplashScreen
LogPluginManager: Mounting plugin ProceduralMeshComponent
LogPluginManager: Mounting plugin RuntimePhysXCooking
LogPluginManager: Mounting plugin SignificanceManager
LogPluginManager: Mounting plugin SteamVR
LogPluginManager: Mounting plugin WebMMoviePlayer
LogPluginManager: Mounting plugin WindowsMoviePlayer
LogPluginManager: Mounting plugin ScreenshotTools
LogInit: Using libcurl 7.55.1-DEV
LogInit:  - built for x86_64-pc-win32
LogInit:  - supports SSL with OpenSSL/1.1.1
LogInit:  - supports HTTP deflate (compression) using libz 1.2.8
LogInit:  - other features:
LogInit:      CURL_VERSION_SSL
LogInit:      CURL_VERSION_LIBZ
LogInit:      CURL_VERSION_IPV6
LogInit:      CURL_VERSION_ASYNCHDNS
LogInit:      CURL_VERSION_LARGEFILE
LogInit:      CURL_VERSION_IDN
LogInit:  CurlRequestOptions (configurable via config and command line):
LogInit:  - bVerifyPeer = true  - Libcurl will verify peer certificate
LogInit:  - bUseHttpProxy = false  - Libcurl will NOT use HTTP proxy
LogInit:  - bDontReuseConnections = false  - Libcurl will reuse connections
LogInit:  - MaxHostConnections = 16  - Libcurl will limit the number of connections to a host
LogInit:  - LocalHostAddr = Default
LogInit:  - BufferSize = 65536
LogOnline: OSS: Creating online subsystem instance for: NULL
LogInit: WinSock: version 1.1 (2.2), MaxSocks=32767, MaxUdp=65467
LogOnline: OSS: TryLoadSubsystemAndSetDefault: Loaded subsystem for module [NULL]
LogInit: Build: ++UE4+Release-4.24-CL-11100242
LogInit: Engine Version: 4.24.2-11100242+++UE4+Release-4.24
LogInit: Compatible Engine Version: 4.24.0-10570792+++UE4+Release-4.24
LogInit: Net CL: 10570792
LogInit: OS: Windows 10 (Release 1903) (), CPU: Intel(R) Core(TM) i7-4720HQ CPU @ 2.60GHz, GPU: Intel(R) HD Graphics 4600
LogInit: Compiled (64-bit): Jan 24 2020 02:05:53
LogInit: Compiled with Visual C++: 19.16.27032.01
LogInit: Build Configuration: Development
LogInit: Branch Name: ++UE4+Release-4.24
LogInit: Command Line: 
LogInit: Base Directory: C:/Program Files/Epic Games/UE_4.24/Engine/Binaries/Win64/
LogInit: Installed Engine Build: 1
LogDevObjectVersion: Number of dev versions registered: 25
LogDevObjectVersion:   Dev-Blueprints (B0D832E4-1F89-4F0D-ACCF-7EB736FD4AA2): 10
LogDevObjectVersion:   Dev-Build (E1C64328-A22C-4D53-A36C-8E866417BD8C): 0
LogDevObjectVersion:   Dev-Core (375EC13C-06E4-48FB-B500-84F0262A717E): 3
LogDevObjectVersion:   Dev-Editor (E4B068ED-F494-42E9-A231-DA0B2E46BB41): 37
LogDevObjectVersion:   Dev-Framework (CFFC743F-43B0-4480-9391-14DF171D2073): 36
LogDevObjectVersion:   Dev-Mobile (B02B49B5-BB20-44E9-A304-32B752E40360): 2
LogDevObjectVersion:   Dev-Networking (A4E4105C-59A1-49B5-A7C5-40C4547EDFEE): 0
LogDevObjectVersion:   Dev-Online (39C831C9-5AE6-47DC-9A44-9C173E1C8E7C): 0
LogDevObjectVersion:   Dev-Physics (78F01B33-EBEA-4F98-B9B4-84EACCB95AA2): 2
LogDevObjectVersion:   Dev-Platform (6631380F-2D4D-43E0-8009-CF276956A95A): 0
LogDevObjectVersion:   Dev-Rendering (12F88B9F-8875-4AFC-A67C-D90C383ABD29): 36
LogDevObjectVersion:   Dev-Sequencer (7B5AE74C-D270-4C10-A958-57980B212A5A): 11
LogDevObjectVersion:   Dev-VR (D7296918-1DD6-4BDD-9DE2-64A83CC13884): 2
LogDevObjectVersion:   Dev-LoadTimes (C2A15278-BFE7-4AFE-6C17-90FF531DF755): 1
LogDevObjectVersion:   Private-Geometry (6EACA3D4-40EC-4CC1-B786-8BED09428FC5): 3
LogDevObjectVersion:   Dev-AnimPhys (29E575DD-E0A3-4627-9D10-D276232CDCEA): 17
LogDevObjectVersion:   Dev-Anim (AF43A65D-7FD3-4947-9873-3E8ED9C1BB05): 2
LogDevObjectVersion:   Dev-ReflectionCapture (6B266CEC-1EC7-4B8F-A30B-E4D90942FC07): 1
LogDevObjectVersion:   Dev-Automation (0DF73D61-A23F-47EA-B727-89E90C41499A): 1
LogDevObjectVersion:   FortniteMain (601D1886-AC64-4F84-AA16-D3DE0DEAC7D6): 31
LogDevObjectVersion:   Dev-Enterprise (9DFFBCD6-494F-0158-E221-12823C92A888): 8
LogDevObjectVersion:   Dev-Niagara (F2AED0AC-9AFE-416F-8664-AA7FFA26D6FC): 1
LogDevObjectVersion:   Dev-Destruction (174F1F0B-B4C6-45A5-B13F-2EE8D0FB917D): 9
LogDevObjectVersion:   Dev-Physics-Ext (35F94A83-E258-406C-A318-09F59610247C): 8
LogDevObjectVersion:   Dev-CineCamera (B2E18506-4273-CFC2-A54E-F4BB758BBA07): 1
LogInit: Presizing for max 25165824 objects, including 0 objects not considered by GC, pre-allocating 0 bytes for permanent pool.
LogInit: Object subsystem initialized
LogConfig: Setting CVar [[con.DebugEarlyDefault:1]]
LogConfig: Setting CVar [[r.setres:1280x720]]
[2020.02.19-14.07.10:897][  0]LogConfig: Setting CVar [[r.VSync:0]]
[2020.02.19-14.07.10:897][  0]LogConfig: Setting CVar [[r.RHICmdBypass:0]]
[2020.02.19-14.07.10:897][  0]LogConfig: Applying CVar settings from Section [/Script/Engine.RendererSettings] File [C:/Users/AndrejxD/Documents/fishbaloon/FishBaloon/Saved/Config/Windows/Engine.ini]
[2020.02.19-14.07.10:897][  0]LogConfig: Setting CVar [[r.GPUCrashDebugging:0]]
[2020.02.19-14.07.10:897][  0]LogConfig: Setting CVar [[r.MobileHDR:1]]
[2020.02.19-14.07.10:897][  0]LogConfig: Setting CVar [[r.Mobile.DisableVertexFog:1]]
[2020.02.19-14.07.10:897][  0]LogConfig: Setting CVar [[r.Shadow.CSM.MaxMobileCascades:2]]
[2020.02.19-14.07.10:897][  0]LogConfig: Setting CVar [[r.MobileMSAA:1]]
[2020.02.19-14.07.10:897][  0]LogConfig: Setting CVar [[r.Mobile.UseLegacyShadingModel:0]]
[2020.02.19-14.07.10:897][  0]LogConfig: Setting CVar [[r.Mobile.UseHWsRGBEncoding:0]]
[2020.02.19-14.07.10:897][  0]LogConfig: Setting CVar [[r.Mobile.AllowDitheredLODTransition:0]]
[2020.02.19-14.07.10:897][  0]LogConfig: Setting CVar [[r.Mobile.AllowSoftwareOcclusion:0]]
[2020.02.19-14.07.10:897][  0]LogConfig: Setting CVar [[r.DiscardUnusedQuality:0]]
[2020.02.19-14.07.10:897][  0]LogConfig: Setting CVar [[r.AllowOcclusionQueries:1]]
[2020.02.19-14.07.10:897][  0]LogConfig: Setting CVar [[r.MinScreenRadiusForLights:0.030000]]
[2020.02.19-14.07.10:897][  0]LogConfig: Setting CVar [[r.MinScreenRadiusForDepthPrepass:0.030000]]
[2020.02.19-14.07.10:897][  0]LogConfig: Setting CVar [[r.MinScreenRadiusForCSMDepth:0.010000]]
[2020.02.19-14.07.10:897][  0]LogConfig: Setting CVar [[r.PrecomputedVisibilityWarning:0]]
[2020.02.19-14.07.10:897][  0]LogConfig: Setting CVar [[r.TextureStreaming:1]]
[2020.02.19-14.07.10:897][  0]LogConfig: Setting CVar [[Compat.UseDXT5NormalMaps:0]]
[2020.02.19-14.07.10:897][  0]LogConfig: Setting CVar [[r.VirtualTextures:0]]
[2020.02.19-14.07.10:897][  0]LogConfig: Setting CVar [[r.VirtualTexturedLightmaps:0]]
[2020.02.19-14.07.10:897][  0]LogConfig: Setting CVar [[r.VT.TileSize:128]]
[2020.02.19-14.07.10:897][  0]LogConfig: Setting CVar [[r.VT.TileBorderSize:4]]
[2020.02.19-14.07.10:897][  0]LogConfig: Setting CVar [[r.vt.FeedbackFactor:16]]
[2020.02.19-14.07.10:897][  0]LogConfig: Setting CVar [[r.VT.EnableCompressZlib:1]]
[2020.02.19-14.07.10:897][  0]LogConfig: Setting CVar [[r.VT.EnableCompressCrunch:0]]
[2020.02.19-14.07.10:897][  0]LogConfig: Setting CVar [[r.ClearCoatNormal:0]]
[2020.02.19-14.07.10:897][  0]LogConfig: Setting CVar [[r.ReflectionCaptureResolution:128]]
[2020.02.19-14.07.10:897][  0]LogConfig: Setting CVar [[r.ReflectionEnvironmentLightmapMixBasedOnRoughness:1]]
[2020.02.19-14.07.10:897][  0]LogConfig: Setting CVar [[r.ForwardShading:0]]
[2020.02.19-14.07.10:897][  0]LogConfig: Setting CVar [[r.VertexFoggingForOpaque:1]]
[2020.02.19-14.07.10:897][  0]LogConfig: Setting CVar [[r.AllowStaticLighting:1]]
[2020.02.19-14.07.10:897][  0]LogConfig: Setting CVar [[r.NormalMapsForStaticLighting:0]]
[2020.02.19-14.07.10:897][  0]LogConfig: Setting CVar [[r.GenerateMeshDistanceFields:0]]
[2020.02.19-14.07.10:897][  0]LogConfig: Setting CVar [[r.DistanceFieldBuild.EightBit:0]]
[2020.02.19-14.07.10:897][  0]LogConfig: Setting CVar [[r.GenerateLandscapeGIData:0]]
[2020.02.19-14.07.10:897][  0]LogConfig: Setting CVar [[r.DistanceFieldBuild.Compress:0]]
[2020.02.19-14.07.10:897][  0]LogConfig: Setting CVar [[r.TessellationAdaptivePixelsPerTriangle:48.000000]]
[2020.02.19-14.07.10:897][  0]LogConfig: Setting CVar [[r.SeparateTranslucency:1]]
[2020.02.19-14.07.10:897][  0]LogConfig: Setting CVar [[r.TranslucentSortPolicy:0]]
[2020.02.19-14.07.10:897][  0]LogConfig: Setting CVar [[r.CustomDepth:1]]
[2020.02.19-14.07.10:897][  0]LogConfig: Setting CVar [[r.CustomDepthTemporalAAJitter:1]]
[2020.02.19-14.07.10:897][  0]LogConfig: Setting CVar [[r.PostProcessing.PropagateAlpha:0]]
[2020.02.19-14.07.10:897][  0]LogConfig: Setting CVar [[r.DefaultFeature.Bloom:1]]
[2020.02.19-14.07.10:897][  0]LogConfig: Setting CVar [[r.DefaultFeature.AmbientOcclusion:1]]
[2020.02.19-14.07.10:897][  0]LogConfig: Setting CVar [[r.DefaultFeature.AmbientOcclusionStaticFraction:1]]
[2020.02.19-14.07.10:897][  0]LogConfig: Setting CVar [[r.DefaultFeature.AutoExposure:0]]
[2020.02.19-14.07.10:897][  0]LogConfig: Setting CVar [[r.DefaultFeature.AutoExposure.Method:0]]
[2020.02.19-14.07.10:897][  0]LogConfig: Setting CVar [[r.DefaultFeature.AutoExposure.ExtendDefaultLuminanceRange:0]]
[2020.02.19-14.07.10:897][  0]LogConfig: Setting CVar [[r.UsePreExposure:1]]
[2020.02.19-14.07.10:897][  0]LogConfig: Setting CVar [[r.EyeAdaptation.EditorOnly:1]]
[2020.02.19-14.07.10:897][  0]LogConfig: Setting CVar [[r.DefaultFeature.MotionBlur:0]]
[2020.02.19-14.07.10:897][  0]LogConfig: Setting CVar [[r.DefaultFeature.LensFlare:0]]
[2020.02.19-14.07.10:897][  0]LogConfig: Setting CVar [[r.TemporalAA.Upsampling:0]]
[2020.02.19-14.07.10:897][  0]LogConfig: Setting CVar [[r.SSGI.Enable:0]]
[2020.02.19-14.07.10:897][  0]LogConfig: Setting CVar [[r.DefaultFeature.AntiAliasing:0]]
[2020.02.19-14.07.10:898][  0]LogConfig: Setting CVar [[r.DefaultFeature.LightUnits:1]]
[2020.02.19-14.07.10:898][  0]LogConfig: Setting CVar [[r.DefaultBackBufferPixelFormat:4]]
[2020.02.19-14.07.10:898][  0]LogConfig: Setting CVar [[r.Shadow.UnbuiltPreviewInGame:1]]
[2020.02.19-14.07.10:898][  0]LogConfig: Setting CVar [[r.StencilForLODDither:0]]
[2020.02.19-14.07.10:898][  0]LogConfig: Setting CVar [[r.EarlyZPass:3]]
[2020.02.19-14.07.10:898][  0]LogConfig: Setting CVar [[r.EarlyZPassOnlyMaterialMasking:0]]
[2020.02.19-14.07.10:898][  0]LogConfig: Setting CVar [[r.DBuffer:1]]
[2020.02.19-14.07.10:898][  0]LogConfig: Setting CVar [[r.ClearSceneMethod:1]]
[2020.02.19-14.07.10:898][  0]LogConfig: Setting CVar [[r.BasePassOutputsVelocity:0]]
[2020.02.19-14.07.10:898][  0]LogConfig: Setting CVar [[r.SelectiveBasePassOutputs:0]]
[2020.02.19-14.07.10:898][  0]LogConfig: Setting CVar [[fx.GPUSimulationTextureSizeX:1024]]
[2020.02.19-14.07.10:898][  0]LogConfig: Setting CVar [[fx.GPUSimulationTextureSizeY:1024]]
[2020.02.19-14.07.10:898][  0]LogConfig: Setting CVar [[r.AllowGlobalClipPlane:0]]
[2020.02.19-14.07.10:898][  0]LogConfig: Setting CVar [[r.GBufferFormat:1]]
[2020.02.19-14.07.10:898][  0]LogConfig: Setting CVar [[r.MorphTarget.Mode:1]]
[2020.02.19-14.07.10:898][  0]LogConfig: Setting CVar [[vr.InstancedStereo:0]]
[2020.02.19-14.07.10:898][  0]LogConfig: Setting CVar [[vr.MultiView:0]]
[2020.02.19-14.07.10:898][  0]LogConfig: Setting CVar [[vr.MobileMultiView:0]]
[2020.02.19-14.07.10:898][  0]LogConfig: Setting CVar [[vr.MobileMultiView.Direct:0]]
[2020.02.19-14.07.10:898][  0]LogConfig: Setting CVar [[vr.RoundRobinOcclusion:0]]
[2020.02.19-14.07.10:898][  0]LogConfig: Setting CVar [[vr.ODSCapture:0]]
[2020.02.19-14.07.10:898][  0]LogConfig: Setting CVar [[r.WireframeCullThreshold:5.000000]]
[2020.02.19-14.07.10:898][  0]LogConfig: Setting CVar [[r.RayTracing:0]]
[2020.02.19-14.07.10:898][  0]LogConfig: Setting CVar [[r.RayTracing.UseTextureLod:0]]
[2020.02.19-14.07.10:898][  0]LogConfig: Setting CVar [[r.SupportStationarySkylight:1]]
[2020.02.19-14.07.10:898][  0]LogConfig: Setting CVar [[r.SupportLowQualityLightmaps:1]]
[2020.02.19-14.07.10:898][  0]LogConfig: Setting CVar [[r.SupportPointLightWholeSceneShadows:1]]
[2020.02.19-14.07.10:898][  0]LogConfig: Setting CVar [[r.SupportAtmosphericFog:1]]
[2020.02.19-14.07.10:898][  0]LogConfig: Setting CVar [[r.SupportSkyAtmosphere:1]]
[2020.02.19-14.07.10:898][  0]LogConfig: Setting CVar [[r.SupportSkyAtmosphereAffectsHeightFog:0]]
[2020.02.19-14.07.10:898][  0]LogConfig: Setting CVar [[r.SkinCache.CompileShaders:0]]
[2020.02.19-14.07.10:898][  0]LogConfig: Setting CVar [[r.Mobile.EnableStaticAndCSMShadowReceivers:1]]
[2020.02.19-14.07.10:898][  0]LogConfig: Setting CVar [[r.Mobile.EnableMovableLightCSMShaderCulling:1]]
[2020.02.19-14.07.10:898][  0]LogConfig: Setting CVar [[r.Mobile.AllowDistanceFieldShadows:1]]
[2020.02.19-14.07.10:898][  0]LogConfig: Setting CVar [[r.Mobile.AllowMovableDirectionalLights:1]]
[2020.02.19-14.07.10:898][  0]LogConfig: Setting CVar [[r.MobileNumDynamicPointLights:4]]
[2020.02.19-14.07.10:898][  0]LogConfig: Setting CVar [[r.MobileDynamicPointLightsUseStaticBranch:1]]
[2020.02.19-14.07.10:898][  0]LogConfig: Setting CVar [[r.Mobile.EnableMovableSpotlights:0]]
[2020.02.19-14.07.10:898][  0]LogConfig: Setting CVar [[r.SkinCache.SceneMemoryLimitInMB:128.000000]]
[2020.02.19-14.07.10:898][  0]LogConfig: Setting CVar [[r.GPUSkin.Limit2BoneInfluences:0]]
[2020.02.19-14.07.10:898][  0]LogConfig: Setting CVar [[r.SupportDepthOnlyIndexBuffers:1]]
[2020.02.19-14.07.10:898][  0]LogConfig: Setting CVar [[r.SupportReversedIndexBuffers:1]]
[2020.02.19-14.07.10:898][  0]LogConfig: Setting CVar [[r.SupportMaterialLayers:0]]
[2020.02.19-14.07.10:898][  0]LogConfig: Setting CVar [[r.LightPropagationVolume:0]]
[2020.02.19-14.07.10:898][  0]LogConfig: Applying CVar settings from Section [/Script/Engine.RendererOverrideSettings] File [C:/Users/AndrejxD/Documents/fishbaloon/FishBaloon/Saved/Config/Windows/Engine.ini]
[2020.02.19-14.07.10:898][  0]LogConfig: Applying CVar settings from Section [/Script/Engine.StreamingSettings] File [C:/Users/AndrejxD/Documents/fishbaloon/FishBaloon/Saved/Config/Windows/Engine.ini]
[2020.02.19-14.07.10:898][  0]LogConfig: Setting CVar [[s.MinBulkDataSizeForAsyncLoading:131072]]
[2020.02.19-14.07.10:898][  0]LogConfig: Setting CVar [[s.AsyncLoadingThreadEnabled:0]]
[2020.02.19-14.07.10:898][  0]LogConfig: Setting CVar [[s.EventDrivenLoaderEnabled:1]]
[2020.02.19-14.07.10:898][  0]LogConfig: Setting CVar [[s.WarnIfTimeLimitExceeded:0]]
[2020.02.19-14.07.10:898][  0]LogConfig: Setting CVar [[s.TimeLimitExceededMultiplier:1.5]]
[2020.02.19-14.07.10:898][  0]LogConfig: Setting CVar [[s.TimeLimitExceededMinTime:0.005]]
[2020.02.19-14.07.10:898][  0]LogConfig: Setting CVar [[s.UseBackgroundLevelStreaming:1]]
[2020.02.19-14.07.10:898][  0]LogConfig: Setting CVar [[s.PriorityAsyncLoadingExtraTime:15.0]]
[2020.02.19-14.07.10:898][  0]LogConfig: Setting CVar [[s.LevelStreamingActorsUpdateTimeLimit:5.0]]
[2020.02.19-14.07.10:898][  0]LogConfig: Setting CVar [[s.PriorityLevelStreamingActorsUpdateExtraTime:5.0]]
[2020.02.19-14.07.10:898][  0]LogConfig: Setting CVar [[s.LevelStreamingComponentsRegistrationGranularity:10]]
[2020.02.19-14.07.10:898][  0]LogConfig: Setting CVar [[s.UnregisterComponentsTimeLimit:1.0]]
[2020.02.19-14.07.10:898][  0]LogConfig: Setting CVar [[s.LevelStreamingComponentsUnregistrationGranularity:5]]
[2020.02.19-14.07.10:898][  0]LogConfig: Setting CVar [[s.FlushStreamingOnExit:1]]
[2020.02.19-14.07.10:898][  0]LogConfig: Applying CVar settings from Section [/Script/Engine.GarbageCollectionSettings] File [C:/Users/AndrejxD/Documents/fishbaloon/FishBaloon/Saved/Config/Windows/Engine.ini]
[2020.02.19-14.07.10:899][  0]LogConfig: Setting CVar [[gc.MaxObjectsNotConsideredByGC:1]]
[2020.02.19-14.07.10:899][  0]LogConfig: Setting CVar [[gc.SizeOfPermanentObjectPool:0]]
[2020.02.19-14.07.10:899][  0]LogConfig: Setting CVar [[gc.FlushStreamingOnGC:0]]
[2020.02.19-14.07.10:899][  0]LogConfig: Setting CVar [[gc.NumRetriesBeforeForcingGC:10]]
[2020.02.19-14.07.10:899][  0]LogConfig: Setting CVar [[gc.AllowParallelGC:1]]
[2020.02.19-14.07.10:899][  0]LogConfig: Setting CVar [[gc.TimeBetweenPurgingPendingKillObjects:61.1]]
[2020.02.19-14.07.10:899][  0]LogConfig: Setting CVar [[gc.MaxObjectsInEditor:25165824]]
[2020.02.19-14.07.10:899][  0]LogConfig: Setting CVar [[gc.IncrementalBeginDestroyEnabled:1]]
[2020.02.19-14.07.10:899][  0]LogConfig: Setting CVar [[gc.CreateGCClusters:1]]
[2020.02.19-14.07.10:899][  0]LogConfig: Setting CVar [[gc.MinGCClusterSize:5]]
[2020.02.19-14.07.10:899][  0]LogConfig: Setting CVar [[gc.ActorClusteringEnabled:0]]
[2020.02.19-14.07.10:899][  0]LogConfig: Setting CVar [[gc.BlueprintClusteringEnabled:0]]
[2020.02.19-14.07.10:899][  0]LogConfig: Setting CVar [[gc.UseDisregardForGCOnDedicatedServers:0]]
[2020.02.19-14.07.10:899][  0]LogConfig: Applying CVar settings from Section [/Script/Engine.NetworkSettings] File [C:/Users/AndrejxD/Documents/fishbaloon/FishBaloon/Saved/Config/Windows/Engine.ini]
[2020.02.19-14.07.10:899][  0]LogConfig: Applying CVar settings from Section [/Script/UnrealEd.CookerSettings] File [C:/Users/AndrejxD/Documents/fishbaloon/FishBaloon/Saved/Config/Windows/Engine.ini]
[2020.02.19-14.07.10:901][  0]LogConfig: Applying CVar settings from Section [ViewDistanceQuality@3] File [C:/Users/AndrejxD/Documents/fishbaloon/FishBaloon/Saved/Config/Windows/Scalability.ini]
[2020.02.19-14.07.10:901][  0]LogConfig: Setting CVar [[r.SkeletalMeshLODBias:0]]
[2020.02.19-14.07.10:901][  0]LogConfig: Setting CVar [[r.ViewDistanceScale:1.0]]
[2020.02.19-14.07.10:901][  0]LogConfig: Applying CVar settings from Section [AntiAliasingQuality@3] File [C:/Users/AndrejxD/Documents/fishbaloon/FishBaloon/Saved/Config/Windows/Scalability.ini]
[2020.02.19-14.07.10:901][  0]LogConfig: Setting CVar [[r.PostProcessAAQuality:4]]
[2020.02.19-14.07.10:901][  0]LogConfig: Applying CVar settings from Section [ShadowQuality@3] File [C:/Users/AndrejxD/Documents/fishbaloon/FishBaloon/Saved/Config/Windows/Scalability.ini]
[2020.02.19-14.07.10:901][  0]LogConfig: Setting CVar [[r.LightFunctionQuality:1]]
[2020.02.19-14.07.10:901][  0]LogConfig: Setting CVar [[r.ShadowQuality:5]]
[2020.02.19-14.07.10:901][  0]LogConfig: Setting CVar [[r.Shadow.CSM.MaxCascades:10]]
[2020.02.19-14.07.10:901][  0]LogConfig: Setting CVar [[r.Shadow.MaxResolution:2048]]
[2020.02.19-14.07.10:901][  0]LogConfig: Setting CVar [[r.Shadow.MaxCSMResolution:2048]]
[2020.02.19-14.07.10:901][  0]LogConfig: Setting CVar [[r.Shadow.RadiusThreshold:0.01]]
[2020.02.19-14.07.10:901][  0]LogConfig: Setting CVar [[r.Shadow.DistanceScale:1.0]]
[2020.02.19-14.07.10:901][  0]LogConfig: Setting CVar [[r.Shadow.CSM.TransitionScale:1.0]]
[2020.02.19-14.07.10:901][  0]LogConfig: Setting CVar [[r.Shadow.PreShadowResolutionFactor:1.0]]
[2020.02.19-14.07.10:901][  0]LogConfig: Setting CVar [[r.DistanceFieldShadowing:1]]
[2020.02.19-14.07.10:901][  0]LogConfig: Setting CVar [[r.DistanceFieldAO:1]]
[2020.02.19-14.07.10:901][  0]LogConfig: Setting CVar [[r.AOQuality:2]]
[2020.02.19-14.07.10:901][  0]LogConfig: Setting CVar [[r.VolumetricFog:1]]
[2020.02.19-14.07.10:901][  0]LogConfig: Setting CVar [[r.VolumetricFog.GridPixelSize:8]]
[2020.02.19-14.07.10:901][  0]LogConfig: Setting CVar [[r.VolumetricFog.GridSizeZ:128]]
[2020.02.19-14.07.10:901][  0]LogConfig: Setting CVar [[r.VolumetricFog.HistoryMissSupersampleCount:4]]
[2020.02.19-14.07.10:901][  0]LogConfig: Setting CVar [[r.LightMaxDrawDistanceScale:1]]
[2020.02.19-14.07.10:901][  0]LogConfig: Setting CVar [[r.CapsuleShadows:1]]
[2020.02.19-14.07.10:901][  0]LogConfig: Applying CVar settings from Section [PostProcessQuality@3] File [C:/Users/AndrejxD/Documents/fishbaloon/FishBaloon/Saved/Config/Windows/Scalability.ini]
[2020.02.19-14.07.10:901][  0]LogConfig: Setting CVar [[r.MotionBlurQuality:4]]
[2020.02.19-14.07.10:901][  0]LogConfig: Setting CVar [[r.AmbientOcclusionMipLevelFactor:0.4]]
[2020.02.19-14.07.10:901][  0]LogConfig: Setting CVar [[r.AmbientOcclusionMaxQuality:100]]
[2020.02.19-14.07.10:901][  0]LogConfig: Setting CVar [[r.AmbientOcclusionLevels:-1]]
[2020.02.19-14.07.10:901][  0]LogConfig: Setting CVar [[r.AmbientOcclusionRadiusScale:1.0]]
[2020.02.19-14.07.10:901][  0]LogConfig: Setting CVar [[r.DepthOfFieldQuality:2]]
[2020.02.19-14.07.10:901][  0]LogConfig: Setting CVar [[r.RenderTargetPoolMin:400]]
[2020.02.19-14.07.10:901][  0]LogConfig: Setting CVar [[r.LensFlareQuality:2]]
[2020.02.19-14.07.10:901][  0]LogConfig: Setting CVar [[r.SceneColorFringeQuality:1]]
[2020.02.19-14.07.10:901][  0]LogConfig: Setting CVar [[r.EyeAdaptationQuality:2]]
[2020.02.19-14.07.10:901][  0]LogConfig: Setting CVar [[r.BloomQuality:5]]
[2020.02.19-14.07.10:901][  0]LogConfig: Setting CVar [[r.FastBlurThreshold:100]]
[2020.02.19-14.07.10:902][  0]LogConfig: Setting CVar [[r.Upscale.Quality:3]]
[2020.02.19-14.07.10:902][  0]LogConfig: Setting CVar [[r.Tonemapper.GrainQuantization:1]]
[2020.02.19-14.07.10:902][  0]LogConfig: Setting CVar [[r.LightShaftQuality:1]]
[2020.02.19-14.07.10:902][  0]LogConfig: Setting CVar [[r.Filter.SizeScale:1]]
[2020.02.19-14.07.10:902][  0]LogConfig: Setting CVar [[r.Tonemapper.Quality:5]]
[2020.02.19-14.07.10:902][  0]LogConfig: Setting CVar [[r.DOF.Gather.AccumulatorQuality:1        ; higher gathering accumulator quality]]
[2020.02.19-14.07.10:902][  0]LogConfig: Setting CVar [[r.DOF.Gather.PostfilterMethod:1          ; Median3x3 postfilering method]]
[2020.02.19-14.07.10:902][  0]LogConfig: Setting CVar [[r.DOF.Gather.EnableBokehSettings:0       ; no bokeh simulation when gathering]]
[2020.02.19-14.07.10:902][  0]LogConfig: Setting CVar [[r.DOF.Gather.RingCount:4                 ; medium number of samples when gathering]]
[2020.02.19-14.07.10:902][  0]LogConfig: Setting CVar [[r.DOF.Scatter.ForegroundCompositing:1    ; additive foreground scattering]]
[2020.02.19-14.07.10:902][  0]LogConfig: Setting CVar [[r.DOF.Scatter.BackgroundCompositing:2    ; additive background scattering]]
[2020.02.19-14.07.10:902][  0]LogConfig: Setting CVar [[r.DOF.Scatter.EnableBokehSettings:1      ; bokeh simulation when scattering]]
[2020.02.19-14.07.10:902][  0]LogConfig: Setting CVar [[r.DOF.Scatter.MaxSpriteRatio:0.1         ; only a maximum of 10% of scattered bokeh]]
[2020.02.19-14.07.10:902][  0]LogConfig: Setting CVar [[r.DOF.Recombine.Quality:1                ; cheap slight out of focus]]
[2020.02.19-14.07.10:902][  0]LogConfig: Setting CVar [[r.DOF.Recombine.EnableBokehSettings:0    ; no bokeh simulation on slight out of focus]]
[2020.02.19-14.07.10:902][  0]LogConfig: Setting CVar [[r.DOF.TemporalAAQuality:1                ; more stable temporal accumulation]]
[2020.02.19-14.07.10:902][  0]LogConfig: Setting CVar [[r.DOF.Kernel.MaxForegroundRadius:0.025]]
[2020.02.19-14.07.10:902][  0]LogConfig: Setting CVar [[r.DOF.Kernel.MaxBackgroundRadius:0.025]]
[2020.02.19-14.07.10:902][  0]LogConfig: Applying CVar settings from Section [TextureQuality@3] File [C:/Users/AndrejxD/Documents/fishbaloon/FishBaloon/Saved/Config/Windows/Scalability.ini]
[2020.02.19-14.07.10:902][  0]LogConfig: Setting CVar [[r.Streaming.MipBias:0]]
[2020.02.19-14.07.10:902][  0]LogConfig: Setting CVar [[r.Streaming.AmortizeCPUToGPUCopy:0]]
[2020.02.19-14.07.10:902][  0]LogConfig: Setting CVar [[r.Streaming.MaxNumTexturesToStreamPerFrame:0]]
[2020.02.19-14.07.10:902][  0]LogConfig: Setting CVar [[r.Streaming.Boost:1]]
[2020.02.19-14.07.10:902][  0]LogConfig: Setting CVar [[r.MaxAnisotropy:8]]
[2020.02.19-14.07.10:902][  0]LogConfig: Setting CVar [[r.VT.MaxAnisotropy:8]]
[2020.02.19-14.07.10:902][  0]LogConfig: Setting CVar [[r.Streaming.LimitPoolSizeToVRAM:0]]
[2020.02.19-14.07.10:902][  0]LogConfig: Setting CVar [[r.Streaming.PoolSize:1000]]
[2020.02.19-14.07.10:902][  0]LogConfig: Setting CVar [[r.Streaming.MaxEffectiveScreenSize:0]]
[2020.02.19-14.07.10:902][  0]LogConfig: Applying CVar settings from Section [EffectsQuality@3] File [C:/Users/AndrejxD/Documents/fishbaloon/FishBaloon/Saved/Config/Windows/Scalability.ini]
[2020.02.19-14.07.10:902][  0]LogConfig: Setting CVar [[r.TranslucencyLightingVolumeDim:64]]
[2020.02.19-14.07.10:902][  0]LogConfig: Setting CVar [[r.RefractionQuality:2]]
[2020.02.19-14.07.10:902][  0]LogConfig: Setting CVar [[r.SSR.Quality:3]]
[2020.02.19-14.07.10:902][  0]LogConfig: Setting CVar [[r.SSR.HalfResSceneColor:0]]
[2020.02.19-14.07.10:902][  0]LogConfig: Setting CVar [[r.SceneColorFormat:4]]
[2020.02.19-14.07.10:902][  0]LogConfig: Setting CVar [[r.DetailMode:2]]
[2020.02.19-14.07.10:902][  0]LogConfig: Setting CVar [[r.TranslucencyVolumeBlur:1]]
[2020.02.19-14.07.10:902][  0]LogConfig: Setting CVar [[r.MaterialQualityLevel:1 ; High quality]]
[2020.02.19-14.07.10:902][  0]LogConfig: Setting CVar [[r.SSS.Scale:1]]
[2020.02.19-14.07.10:902][  0]LogConfig: Setting CVar [[r.SSS.SampleSet:2]]
[2020.02.19-14.07.10:902][  0]LogConfig: Setting CVar [[r.SSS.Quality:1]]
[2020.02.19-14.07.10:902][  0]LogConfig: Setting CVar [[r.SSS.HalfRes:1]]
[2020.02.19-14.07.10:902][  0]LogConfig: Setting CVar [[r.SSGI.Quality:3]]
[2020.02.19-14.07.10:902][  0]LogConfig: Setting CVar [[r.EmitterSpawnRateScale:1.0]]
[2020.02.19-14.07.10:902][  0]LogConfig: Setting CVar [[r.ParticleLightQuality:2]]
[2020.02.19-14.07.10:902][  0]LogConfig: Setting CVar [[r.SkyAtmosphere.AerialPerspectiveLUT.FastApplyOnOpaque:1 ; Always have FastSkyLUT 1 in this case to avoid wrong sky]]
[2020.02.19-14.07.10:902][  0]LogConfig: Setting CVar [[r.SkyAtmosphere.AerialPerspectiveLUT.SampleCountPerSlice:1]]
[2020.02.19-14.07.10:902][  0]LogConfig: Setting CVar [[r.SkyAtmosphere.AerialPerspectiveLUT.DepthResolution:16.0]]
[2020.02.19-14.07.10:902][  0]LogConfig: Setting CVar [[r.SkyAtmosphere.FastSkyLUT:1]]
[2020.02.19-14.07.10:902][  0]LogConfig: Setting CVar [[r.SkyAtmosphere.FastSkyLUT.SampleCountMin:4.0]]
[2020.02.19-14.07.10:902][  0]LogConfig: Setting CVar [[r.SkyAtmosphere.FastSkyLUT.SampleCountMax:32.0]]
[2020.02.19-14.07.10:902][  0]LogConfig: Setting CVar [[r.SkyAtmosphere.SampleCountMin:4.0]]
[2020.02.19-14.07.10:902][  0]LogConfig: Setting CVar [[r.SkyAtmosphere.SampleCountMax:32.0]]
[2020.02.19-14.07.10:902][  0]LogConfig: Setting CVar [[r.SkyAtmosphere.TransmittanceLUT.UseSmallFormat:0]]
[2020.02.19-14.07.10:902][  0]LogConfig: Setting CVar [[r.SkyAtmosphere.TransmittanceLUT.SampleCount:10.0]]
[2020.02.19-14.07.10:902][  0]LogConfig: Setting CVar [[r.SkyAtmosphere.MultiScatteringLUT.SampleCount:15.0]]
[2020.02.19-14.07.10:902][  0]LogConfig: Applying CVar settings from Section [FoliageQuality@3] File [C:/Users/AndrejxD/Documents/fishbaloon/FishBaloon/Saved/Config/Windows/Scalability.ini]
[2020.02.19-14.07.10:902][  0]LogConfig: Setting CVar [[foliage.DensityScale:1.0]]
[2020.02.19-14.07.10:902][  0]LogConfig: Setting CVar [[grass.DensityScale:1.0]]
[2020.02.19-14.07.10:902][  0]LogConfig: Applying CVar settings from Section [ShadingQuality@3] File [C:/Users/AndrejxD/Documents/fishbaloon/FishBaloon/Saved/Config/Windows/Scalability.ini]
[2020.02.19-14.07.10:902][  0]LogConfig: Setting CVar [[r.HairStrands.SkyLighting.SampleCount:16]]
[2020.02.19-14.07.10:902][  0]LogConfig: Setting CVar [[r.HairStrands.SkyLighting.JitterIntegration:0]]
[2020.02.19-14.07.10:902][  0]LogConfig: Setting CVar [[r.HairStrands.SkyAO.SampleCount:16]]
[2020.02.19-14.07.10:902][  0]LogInit: Selected Device Profile: [Windows]
[2020.02.19-14.07.10:902][  0]LogInit: Applying CVar settings loaded from the selected device profile: [Windows]
[2020.02.19-14.07.10:911][  0]LogHAL: Display: Platform has ~ 8 GB [8473591808 / 8589934592 / 8], which maps to Default [LargestMinGB=32, LargerMinGB=12, DefaultMinGB=8, SmallerMinGB=6, SmallestMinGB=0)
[2020.02.19-14.07.10:911][  0]LogInit: Going up to parent DeviceProfile []
[2020.02.19-14.07.10:911][  0]LogConfig: Applying CVar settings from Section [ViewDistanceQuality@3] File [C:/Users/AndrejxD/Documents/fishbaloon/FishBaloon/Saved/Config/Windows/Scalability.ini]
[2020.02.19-14.07.10:911][  0]LogConfig: Setting CVar [[r.SkeletalMeshLODBias:0]]
[2020.02.19-14.07.10:911][  0]LogConfig: Setting CVar [[r.ViewDistanceScale:1.0]]
[2020.02.19-14.07.10:911][  0]LogConfig: Applying CVar settings from Section [AntiAliasingQuality@3] File [C:/Users/AndrejxD/Documents/fishbaloon/FishBaloon/Saved/Config/Windows/Scalability.ini]
[2020.02.19-14.07.10:911][  0]LogConfig: Setting CVar [[r.PostProcessAAQuality:4]]
[2020.02.19-14.07.10:911][  0]LogConfig: Applying CVar settings from Section [ShadowQuality@3] File [C:/Users/AndrejxD/Documents/fishbaloon/FishBaloon/Saved/Config/Windows/Scalability.ini]
[2020.02.19-14.07.10:911][  0]LogConfig: Setting CVar [[r.LightFunctionQuality:1]]
[2020.02.19-14.07.10:911][  0]LogConfig: Setting CVar [[r.ShadowQuality:5]]
[2020.02.19-14.07.10:912][  0]LogConfig: Setting CVar [[r.Shadow.CSM.MaxCascades:10]]
[2020.02.19-14.07.10:912][  0]LogConfig: Setting CVar [[r.Shadow.MaxResolution:2048]]
[2020.02.19-14.07.10:912][  0]LogConfig: Setting CVar [[r.Shadow.MaxCSMResolution:2048]]
[2020.02.19-14.07.10:912][  0]LogConfig: Setting CVar [[r.Shadow.RadiusThreshold:0.01]]
[2020.02.19-14.07.10:912][  0]LogConfig: Setting CVar [[r.Shadow.DistanceScale:1.0]]
[2020.02.19-14.07.10:912][  0]LogConfig: Setting CVar [[r.Shadow.CSM.TransitionScale:1.0]]
[2020.02.19-14.07.10:912][  0]LogConfig: Setting CVar [[r.Shadow.PreShadowResolutionFactor:1.0]]
[2020.02.19-14.07.10:912][  0]LogConfig: Setting CVar [[r.DistanceFieldShadowing:1]]
[2020.02.19-14.07.10:912][  0]LogConfig: Setting CVar [[r.DistanceFieldAO:1]]
[2020.02.19-14.07.10:912][  0]LogConfig: Setting CVar [[r.AOQuality:2]]
[2020.02.19-14.07.10:912][  0]LogConfig: Setting CVar [[r.VolumetricFog:1]]
[2020.02.19-14.07.10:912][  0]LogConfig: Setting CVar [[r.VolumetricFog.GridPixelSize:8]]
[2020.02.19-14.07.10:912][  0]LogConfig: Setting CVar [[r.VolumetricFog.GridSizeZ:128]]
[2020.02.19-14.07.10:912][  0]LogConfig: Setting CVar [[r.VolumetricFog.HistoryMissSupersampleCount:4]]
[2020.02.19-14.07.10:912][  0]LogConfig: Setting CVar [[r.LightMaxDrawDistanceScale:1]]
[2020.02.19-14.07.10:912][  0]LogConfig: Setting CVar [[r.CapsuleShadows:1]]
[2020.02.19-14.07.10:912][  0]LogConfig: Applying CVar settings from Section [PostProcessQuality@3] File [C:/Users/AndrejxD/Documents/fishbaloon/FishBaloon/Saved/Config/Windows/Scalability.ini]
[2020.02.19-14.07.10:912][  0]LogConfig: Setting CVar [[r.MotionBlurQuality:4]]
[2020.02.19-14.07.10:912][  0]LogConfig: Setting CVar [[r.AmbientOcclusionMipLevelFactor:0.4]]
[2020.02.19-14.07.10:912][  0]LogConfig: Setting CVar [[r.AmbientOcclusionMaxQuality:100]]
[2020.02.19-14.07.10:912][  0]LogConfig: Setting CVar [[r.AmbientOcclusionLevels:-1]]
[2020.02.19-14.07.10:912][  0]LogConfig: Setting CVar [[r.AmbientOcclusionRadiusScale:1.0]]
[2020.02.19-14.07.10:912][  0]LogConfig: Setting CVar [[r.DepthOfFieldQuality:2]]
[2020.02.19-14.07.10:912][  0]LogConfig: Setting CVar [[r.RenderTargetPoolMin:400]]
[2020.02.19-14.07.10:912][  0]LogConfig: Setting CVar [[r.LensFlareQuality:2]]
[2020.02.19-14.07.10:912][  0]LogConfig: Setting CVar [[r.SceneColorFringeQuality:1]]
[2020.02.19-14.07.10:912][  0]LogConfig: Setting CVar [[r.EyeAdaptationQuality:2]]
[2020.02.19-14.07.10:912][  0]LogConfig: Setting CVar [[r.BloomQuality:5]]
[2020.02.19-14.07.10:912][  0]LogConfig: Setting CVar [[r.FastBlurThreshold:100]]
[2020.02.19-14.07.10:912][  0]LogConfig: Setting CVar [[r.Upscale.Quality:3]]
[2020.02.19-14.07.10:912][  0]LogConfig: Setting CVar [[r.Tonemapper.GrainQuantization:1]]
[2020.02.19-14.07.10:912][  0]LogConfig: Setting CVar [[r.LightShaftQuality:1]]
[2020.02.19-14.07.10:912][  0]LogConfig: Setting CVar [[r.Filter.SizeScale:1]]
[2020.02.19-14.07.10:912][  0]LogConfig: Setting CVar [[r.Tonemapper.Quality:5]]
[2020.02.19-14.07.10:912][  0]LogConfig: Setting CVar [[r.DOF.Gather.AccumulatorQuality:1        ; higher gathering accumulator quality]]
[2020.02.19-14.07.10:912][  0]LogConfig: Setting CVar [[r.DOF.Gather.PostfilterMethod:1          ; Median3x3 postfilering method]]
[2020.02.19-14.07.10:912][  0]LogConfig: Setting CVar [[r.DOF.Gather.EnableBokehSettings:0       ; no bokeh simulation when gathering]]
[2020.02.19-14.07.10:912][  0]LogConfig: Setting CVar [[r.DOF.Gather.RingCount:4                 ; medium number of samples when gathering]]
[2020.02.19-14.07.10:912][  0]LogConfig: Setting CVar [[r.DOF.Scatter.ForegroundCompositing:1    ; additive foreground scattering]]
[2020.02.19-14.07.10:912][  0]LogConfig: Setting CVar [[r.DOF.Scatter.BackgroundCompositing:2    ; additive background scattering]]
[2020.02.19-14.07.10:912][  0]LogConfig: Setting CVar [[r.DOF.Scatter.EnableBokehSettings:1      ; bokeh simulation when scattering]]
[2020.02.19-14.07.10:912][  0]LogConfig: Setting CVar [[r.DOF.Scatter.MaxSpriteRatio:0.1         ; only a maximum of 10% of scattered bokeh]]
[2020.02.19-14.07.10:912][  0]LogConfig: Setting CVar [[r.DOF.Recombine.Quality:1                ; cheap slight out of focus]]
[2020.02.19-14.07.10:912][  0]LogConfig: Setting CVar [[r.DOF.Recombine.EnableBokehSettings:0    ; no bokeh simulation on slight out of focus]]
[2020.02.19-14.07.10:912][  0]LogConfig: Setting CVar [[r.DOF.TemporalAAQuality:1                ; more stable temporal accumulation]]
[2020.02.19-14.07.10:912][  0]LogConfig: Setting CVar [[r.DOF.Kernel.MaxForegroundRadius:0.025]]
[2020.02.19-14.07.10:912][  0]LogConfig: Setting CVar [[r.DOF.Kernel.MaxBackgroundRadius:0.025]]
[2020.02.19-14.07.10:912][  0]LogConfig: Applying CVar settings from Section [TextureQuality@3] File [C:/Users/AndrejxD/Documents/fishbaloon/FishBaloon/Saved/Config/Windows/Scalability.ini]
[2020.02.19-14.07.10:912][  0]LogConfig: Setting CVar [[r.Streaming.MipBias:0]]
[2020.02.19-14.07.10:912][  0]LogConfig: Setting CVar [[r.Streaming.AmortizeCPUToGPUCopy:0]]
[2020.02.19-14.07.10:912][  0]LogConfig: Setting CVar [[r.Streaming.MaxNumTexturesToStreamPerFrame:0]]
[2020.02.19-14.07.10:912][  0]LogConfig: Setting CVar [[r.Streaming.Boost:1]]
[2020.02.19-14.07.10:912][  0]LogConfig: Setting CVar [[r.MaxAnisotropy:8]]
[2020.02.19-14.07.10:912][  0]LogConfig: Setting CVar [[r.VT.MaxAnisotropy:8]]
[2020.02.19-14.07.10:912][  0]LogConfig: Setting CVar [[r.Streaming.LimitPoolSizeToVRAM:0]]
[2020.02.19-14.07.10:912][  0]LogConfig: Setting CVar [[r.Streaming.PoolSize:1000]]
[2020.02.19-14.07.10:912][  0]LogConfig: Setting CVar [[r.Streaming.MaxEffectiveScreenSize:0]]
[2020.02.19-14.07.10:912][  0]LogConfig: Applying CVar settings from Section [EffectsQuality@3] File [C:/Users/AndrejxD/Documents/fishbaloon/FishBaloon/Saved/Config/Windows/Scalability.ini]
[2020.02.19-14.07.10:912][  0]LogConfig: Setting CVar [[r.TranslucencyLightingVolumeDim:64]]
[2020.02.19-14.07.10:912][  0]LogConfig: Setting CVar [[r.RefractionQuality:2]]
[2020.02.19-14.07.10:912][  0]LogConfig: Setting CVar [[r.SSR.Quality:3]]
[2020.02.19-14.07.10:912][  0]LogConfig: Setting CVar [[r.SSR.HalfResSceneColor:0]]
[2020.02.19-14.07.10:912][  0]LogConfig: Setting CVar [[r.SceneColorFormat:4]]
[2020.02.19-14.07.10:912][  0]LogConfig: Setting CVar [[r.DetailMode:2]]
[2020.02.19-14.07.10:912][  0]LogConfig: Setting CVar [[r.TranslucencyVolumeBlur:1]]
[2020.02.19-14.07.10:912][  0]LogConfig: Setting CVar [[r.MaterialQualityLevel:1 ; High quality]]
[2020.02.19-14.07.10:912][  0]LogConfig: Setting CVar [[r.SSS.Scale:1]]
[2020.02.19-14.07.10:912][  0]LogConfig: Setting CVar [[r.SSS.SampleSet:2]]
[2020.02.19-14.07.10:912][  0]LogConfig: Setting CVar [[r.SSS.Quality:1]]
[2020.02.19-14.07.10:912][  0]LogConfig: Setting CVar [[r.SSS.HalfRes:1]]
[2020.02.19-14.07.10:912][  0]LogConfig: Setting CVar [[r.SSGI.Quality:3]]
[2020.02.19-14.07.10:912][  0]LogConfig: Setting CVar [[r.EmitterSpawnRateScale:1.0]]
[2020.02.19-14.07.10:913][  0]LogConfig: Setting CVar [[r.ParticleLightQuality:2]]
[2020.02.19-14.07.10:913][  0]LogConfig: Setting CVar [[r.SkyAtmosphere.AerialPerspectiveLUT.FastApplyOnOpaque:1 ; Always have FastSkyLUT 1 in this case to avoid wrong sky]]
[2020.02.19-14.07.10:913][  0]LogConfig: Setting CVar [[r.SkyAtmosphere.AerialPerspectiveLUT.SampleCountPerSlice:1]]
[2020.02.19-14.07.10:913][  0]LogConfig: Setting CVar [[r.SkyAtmosphere.AerialPerspectiveLUT.DepthResolution:16.0]]
[2020.02.19-14.07.10:913][  0]LogConfig: Setting CVar [[r.SkyAtmosphere.FastSkyLUT:1]]
[2020.02.19-14.07.10:913][  0]LogConfig: Setting CVar [[r.SkyAtmosphere.FastSkyLUT.SampleCountMin:4.0]]
[2020.02.19-14.07.10:913][  0]LogConfig: Setting CVar [[r.SkyAtmosphere.FastSkyLUT.SampleCountMax:32.0]]
[2020.02.19-14.07.10:913][  0]LogConfig: Setting CVar [[r.SkyAtmosphere.SampleCountMin:4.0]]
[2020.02.19-14.07.10:913][  0]LogConfig: Setting CVar [[r.SkyAtmosphere.SampleCountMax:32.0]]
[2020.02.19-14.07.10:913][  0]LogConfig: Setting CVar [[r.SkyAtmosphere.TransmittanceLUT.UseSmallFormat:0]]
[2020.02.19-14.07.10:913][  0]LogConfig: Setting CVar [[r.SkyAtmosphere.TransmittanceLUT.SampleCount:10.0]]
[2020.02.19-14.07.10:913][  0]LogConfig: Setting CVar [[r.SkyAtmosphere.MultiScatteringLUT.SampleCount:15.0]]
[2020.02.19-14.07.10:913][  0]LogConfig: Applying CVar settings from Section [FoliageQuality@3] File [C:/Users/AndrejxD/Documents/fishbaloon/FishBaloon/Saved/Config/Windows/Scalability.ini]
[2020.02.19-14.07.10:913][  0]LogConfig: Setting CVar [[foliage.DensityScale:1.0]]
[2020.02.19-14.07.10:913][  0]LogConfig: Setting CVar [[grass.DensityScale:1.0]]
[2020.02.19-14.07.10:913][  0]LogConfig: Applying CVar settings from Section [ShadingQuality@3] File [C:/Users/AndrejxD/Documents/fishbaloon/FishBaloon/Saved/Config/Windows/Scalability.ini]
[2020.02.19-14.07.10:913][  0]LogConfig: Setting CVar [[r.HairStrands.SkyLighting.SampleCount:16]]
[2020.02.19-14.07.10:913][  0]LogConfig: Setting CVar [[r.HairStrands.SkyLighting.JitterIntegration:0]]
[2020.02.19-14.07.10:913][  0]LogConfig: Setting CVar [[r.HairStrands.SkyAO.SampleCount:16]]
[2020.02.19-14.07.10:913][  0]LogConfig: Applying CVar settings from Section [Startup] File [../../../Engine/Config/ConsoleVariables.ini]
[2020.02.19-14.07.10:922][  0]LogConfig: Setting CVar [[net.UseAdaptiveNetUpdateFrequency:0]]
[2020.02.19-14.07.10:922][  0]LogConfig: Setting CVar [[p.chaos.AllowCreatePhysxBodies:1]]
[2020.02.19-14.07.10:922][  0]LogConfig: Applying CVar settings from Section [ConsoleVariables] File [C:/Users/AndrejxD/Documents/fishbaloon/FishBaloon/Saved/Config/Windows/Engine.ini]
[2020.02.19-14.07.10:922][  0]LogInit: Computer: DESKTOP-2UGE1GP
[2020.02.19-14.07.10:922][  0]LogInit: User: AndrejxD
[2020.02.19-14.07.10:922][  0]LogInit: CPU Page size=4096, Cores=4
[2020.02.19-14.07.10:922][  0]LogInit: High frequency timer resolution =10.000000 MHz
[2020.02.19-14.07.10:922][  0]LogMemory: Memory total: Physical=7.9GB (8GB approx)
[2020.02.19-14.07.10:922][  0]LogMemory: Platform Memory Stats for Windows
[2020.02.19-14.07.10:922][  0]LogMemory: Process Physical Memory: 105.62 MB used, 105.63 MB peak
[2020.02.19-14.07.10:922][  0]LogMemory: Process Virtual Memory: 100.44 MB used, 100.44 MB peak
[2020.02.19-14.07.10:922][  0]LogMemory: Physical Memory: 4726.24 MB used,  3354.80 MB free, 8081.05 MB total
[2020.02.19-14.07.10:922][  0]LogMemory: Virtual Memory: 5137.61 MB used,  134212592.00 MB free, 134217728.00 MB total
[2020.02.19-14.07.10:925][  0]LogWindows: WindowsPlatformFeatures enabled
[2020.02.19-14.07.10:959][  0]LogInit: Using OS detected language (sl-SI).
[2020.02.19-14.07.10:959][  0]LogInit: Using OS detected locale (sl-SI).
[2020.02.19-14.07.10:960][  0]LogTextLocalizationManager: No localization for 'sl-SI' exists, so 'en' will be used for the language.
[2020.02.19-14.07.11:300][  0]LogInit: Setting process to per monitor DPI aware
[2020.02.19-14.07.11:395][  0]LogSlate: New Slate User Created.  User Index 0, Is Virtual User: 0
[2020.02.19-14.07.11:395][  0]LogSlate: Slate User Registered.  User Index 0, Is Virtual User: 0
[2020.02.19-14.07.14:610][  0]LogHMD: Failed to initialize OpenVR with code 110
[2020.02.19-14.07.14:610][  0]LogD3D11RHI: D3D11 min allowed feature level: 11_0
[2020.02.19-14.07.14:610][  0]LogD3D11RHI: D3D11 max allowed feature level: 11_0
[2020.02.19-14.07.14:610][  0]LogD3D11RHI: D3D11 adapters:
[2020.02.19-14.07.14:696][  0]LogD3D11RHI:    0. 'NVIDIA GeForce GTX 950M' (Feature Level 11_0)
[2020.02.19-14.07.14:696][  0]LogD3D11RHI:       2010/0/4040 MB DedicatedVideo/DedicatedSystem/SharedSystem, Outputs:1, VendorId:0x10de
[2020.02.19-14.07.14:703][  0]LogD3D11RHI:    1. 'Intel(R) HD Graphics 4600' (Feature Level 11_0)
[2020.02.19-14.07.14:703][  0]LogD3D11RHI:       112/0/2048 MB DedicatedVideo/DedicatedSystem/SharedSystem, Outputs:0, VendorId:0x8086
[2020.02.19-14.07.14:705][  0]LogD3D11RHI:    2. 'Microsoft Basic Render Driver' (Feature Level 11_0)
[2020.02.19-14.07.14:705][  0]LogD3D11RHI:       0/0/4040 MB DedicatedVideo/DedicatedSystem/SharedSystem, Outputs:0, VendorId:0x1414
[2020.02.19-14.07.14:705][  0]LogD3D11RHI: Chosen D3D11 Adapter: 0
[2020.02.19-14.07.14:728][  0]LogD3D11RHI: Creating new Direct3DDevice
[2020.02.19-14.07.14:728][  0]LogD3D11RHI:     GPU DeviceId: 0x139a (for the marketing name, search the web for "GPU Device Id")
[2020.02.19-14.07.14:728][  0]LogWindows: EnumDisplayDevices:
[2020.02.19-14.07.14:728][  0]LogWindows:    0. 'Intel(R) HD Graphics 4600' (P:1 D:1)
[2020.02.19-14.07.14:728][  0]LogWindows:    1. 'Intel(R) HD Graphics 4600' (P:0 D:0)
[2020.02.19-14.07.14:729][  0]LogWindows:    2. 'Intel(R) HD Graphics 4600' (P:0 D:0)
[2020.02.19-14.07.14:729][  0]LogWindows: DebugString: PrimaryIsNotTheChoosenAdapter PrimaryIsNotTheChoosenAdapter PrimaryIsNotTheChoosenAdapter FoundDriverCount:0 
[2020.02.19-14.07.14:729][  0]LogD3D11RHI:     Adapter Name: NVIDIA GeForce GTX 950M
[2020.02.19-14.07.14:729][  0]LogD3D11RHI:   Driver Version: Unknown (internal:Unknown, unified:Unknown)
[2020.02.19-14.07.14:729][  0]LogD3D11RHI:      Driver Date: Unknown
[2020.02.19-14.07.14:729][  0]LogRHI: Texture pool is 1407 MB (70% of 2010 MB)
[2020.02.19-14.07.14:785][  0]LogD3D11RHI: RHI has support for 64 bit atomics
[2020.02.19-14.07.14:785][  0]LogD3D11RHI: Async texture creation enabled
[2020.02.19-14.07.14:822][  0]LogD3D11RHI: GPU Timing Frequency: 1000.000000 (Debug: 2 1)
[2020.02.19-14.07.15:224][  0]LogTargetPlatformManager: Display: Loaded TargetPlatform 'AllDesktop'
[2020.02.19-14.07.15:276][  0]LogTargetPlatformManager: Display: Loaded TargetPlatform 'Android'
[2020.02.19-14.07.15:276][  0]LogTargetPlatformManager: Display: Loaded TargetPlatform 'Android_ASTC'
[2020.02.19-14.07.15:277][  0]LogTargetPlatformManager: Display: Loaded TargetPlatform 'Android_ATC'
[2020.02.19-14.07.15:277][  0]LogTargetPlatformManager: Display: Loaded TargetPlatform 'Android_DXT'
[2020.02.19-14.07.15:277][  0]LogTargetPlatformManager: Display: Loaded TargetPlatform 'Android_ETC1'
[2020.02.19-14.07.15:277][  0]LogTargetPlatformManager: Display: Loaded TargetPlatform 'Android_ETC1a'
[2020.02.19-14.07.15:277][  0]LogTargetPlatformManager: Display: Loaded TargetPlatform 'Android_ETC2'
[2020.02.19-14.07.15:277][  0]LogTargetPlatformManager: Display: Loaded TargetPlatform 'Android_PVRTC'
[2020.02.19-14.07.15:277][  0]LogTargetPlatformManager: Display: Loaded TargetPlatform 'AndroidClient'
[2020.02.19-14.07.15:277][  0]LogTargetPlatformManager: Display: Loaded TargetPlatform 'Android_ASTCClient'
[2020.02.19-14.07.15:277][  0]LogTargetPlatformManager: Display: Loaded TargetPlatform 'Android_ATCClient'
[2020.02.19-14.07.15:277][  0]LogTargetPlatformManager: Display: Loaded TargetPlatform 'Android_DXTClient'
[2020.02.19-14.07.15:277][  0]LogTargetPlatformManager: Display: Loaded TargetPlatform 'Android_ETC1Client'
[2020.02.19-14.07.15:277][  0]LogTargetPlatformManager: Display: Loaded TargetPlatform 'Android_ETC1aClient'
[2020.02.19-14.07.15:277][  0]LogTargetPlatformManager: Display: Loaded TargetPlatform 'Android_ETC2Client'
[2020.02.19-14.07.15:277][  0]LogTargetPlatformManager: Display: Loaded TargetPlatform 'Android_PVRTCClient'
[2020.02.19-14.07.15:277][  0]LogTargetPlatformManager: Display: Loaded TargetPlatform 'Android_Multi'
[2020.02.19-14.07.15:277][  0]LogTargetPlatformManager: Display: Loaded TargetPlatform 'Android_MultiClient'
[2020.02.19-14.07.15:312][  0]LogTargetPlatformManager: Display: Loaded TargetPlatform 'IOSClient'
[2020.02.19-14.07.15:313][  0]LogTargetPlatformManager: Display: Loaded TargetPlatform 'IOS'
[2020.02.19-14.07.15:322][  0]LogTargetPlatformManager: Display: Loaded TargetPlatform 'LinuxNoEditor'
[2020.02.19-14.07.15:330][  0]LogTargetPlatformManager: Display: Loaded TargetPlatform 'LinuxClient'
[2020.02.19-14.07.15:339][  0]LogTargetPlatformManager: Display: Loaded TargetPlatform 'LinuxServer'
[2020.02.19-14.07.15:348][  0]LogTargetPlatformManager: Display: Loaded TargetPlatform 'LinuxAArch64NoEditor'
[2020.02.19-14.07.15:357][  0]LogTargetPlatformManager: Display: Loaded TargetPlatform 'LinuxAArch64Client'
[2020.02.19-14.07.15:365][  0]LogTargetPlatformManager: Display: Loaded TargetPlatform 'LinuxAArch64Server'
[2020.02.19-14.07.15:398][  0]LogTargetPlatformManager: Display: Loaded TargetPlatform 'Lumin'
[2020.02.19-14.07.15:399][  0]LogTargetPlatformManager: Display: Loaded TargetPlatform 'LuminClient'
[2020.02.19-14.07.15:415][  0]LogTargetPlatformManager: Display: Loaded TargetPlatform 'TVOSClient'
[2020.02.19-14.07.15:415][  0]LogTargetPlatformManager: Display: Loaded TargetPlatform 'TVOS'
[2020.02.19-14.07.15:424][  0]LogTargetPlatformManager: Display: Loaded TargetPlatform 'WindowsNoEditor'
[2020.02.19-14.07.15:434][  0]LogTargetPlatformManager: Display: Loaded TargetPlatform 'Windows'
[2020.02.19-14.07.15:444][  0]LogTargetPlatformManager: Display: Loaded TargetPlatform 'WindowsClient'
[2020.02.19-14.07.15:453][  0]LogTargetPlatformManager: Display: Loaded TargetPlatform 'WindowsServer'
[2020.02.19-14.07.15:453][  0]LogTargetPlatformManager: Display: Building Assets For Windows
[2020.02.19-14.07.15:458][  0]LogAudioDebug: Display: Lib vorbis DLL was dynamically loaded.
[2020.02.19-14.07.15:494][  0]LogShaderCompilers: Guid format shader working directory is -15 characters bigger than the processId version (../../../../../../Users/AndrejxD/Documents/fishbaloon/FishBaloon/Intermediate/Shaders/WorkingDirectory/8816/).
[2020.02.19-14.07.15:494][  0]LogShaderCompilers: Cleaned the shader compiler working directory 'C:/Users/AndrejxD/AppData/Local/Temp/UnrealShaderWorkingDir/2D74730149D86524C87A12B0D96B3B97/'.
[2020.02.19-14.07.15:495][  0]LogXGEController: Cleaning working directory: C:/Users/AndrejxD/AppData/Local/Temp/UnrealXGEWorkingDir/
[2020.02.19-14.07.15:495][  0]LogXGEController: Cannot use XGE Controller as Incredibuild is not installed on this machine.
[2020.02.19-14.07.15:495][  0]LogShaderCompilers: Cannot use XGE Shader Compiler as Incredibuild is not installed on this machine.
[2020.02.19-14.07.15:495][  0]LogShaderCompilers: Display: Using Local Shader Compiler.
[2020.02.19-14.07.19:135][  0]LogDerivedDataCache: Display: Max Cache Size: 512 MB
[2020.02.19-14.07.19:235][  0]LogDerivedDataCache: Loaded boot cache 0.10s 78MB C:/Users/AndrejxD/AppData/Local/UnrealEngine/4.24/DerivedDataCache/Boot.ddc.
[2020.02.19-14.07.19:235][  0]LogDerivedDataCache: Display: Loaded Boot cache: C:/Users/AndrejxD/AppData/Local/UnrealEngine/4.24/DerivedDataCache/Boot.ddc
[2020.02.19-14.07.19:235][  0]LogDerivedDataCache: FDerivedDataBackendGraph:  Pak pak cache file ../../../../../../Users/AndrejxD/Documents/fishbaloon/FishBaloon/DerivedDataCache/DDC.ddp not found, will not use a pak cache.
[2020.02.19-14.07.19:235][  0]LogDerivedDataCache: Unable to find inner node Pak for hierarchical cache Hierarchy.
[2020.02.19-14.07.19:235][  0]LogDerivedDataCache: FDerivedDataBackendGraph:  CompressedPak pak cache file ../../../../../../Users/AndrejxD/Documents/fishbaloon/FishBaloon/DerivedDataCache/Compressed.ddp not found, will not use a pak cache.
[2020.02.19-14.07.19:235][  0]LogDerivedDataCache: Unable to find inner node CompressedPak for hierarchical cache Hierarchy.
[2020.02.19-14.07.19:248][  0]LogDerivedDataCache: Display: Pak cache opened for reading ../../../Engine/DerivedDataCache/Compressed.ddp.
[2020.02.19-14.07.19:248][  0]LogDerivedDataCache: FDerivedDataBackendGraph:  EnterprisePak pak cache file ../../../Enterprise/DerivedDataCache/Compressed.ddp not found, will not use a pak cache.
[2020.02.19-14.07.19:248][  0]LogDerivedDataCache: Unable to find inner node EnterprisePak for hierarchical cache Hierarchy.
[2020.02.19-14.07.19:250][  0]LogDerivedDataCache: Using Local data cache path C:/Users/AndrejxD/AppData/Local/UnrealEngine/Common/DerivedDataCache: Writable
[2020.02.19-14.07.19:250][  0]LogDerivedDataCache: Shared data cache path not found in *engine.ini, will not use an Shared cache.
[2020.02.19-14.07.19:250][  0]LogDerivedDataCache: Unable to find inner node Shared for hierarchical cache Hierarchy.
[2020.02.19-14.07.19:283][  0]LogMaterial: Verifying Global Shaders for PCD3D_SM5
[2020.02.19-14.07.19:286][  0]LogSlate: Using FreeType 2.10.0
[2020.02.19-14.07.19:301][  0]LogSlate: SlateFontServices - WITH_FREETYPE: 1, WITH_HARFBUZZ: 1
[2020.02.19-14.07.19:551][  0]LogAssetRegistry: FAssetRegistry took 0.0032 seconds to start up
[2020.02.19-14.07.19:918][  0]LogInit: Selected Device Profile: [Windows]
[2020.02.19-14.07.20:137][  0]LogMeshReduction: Using QuadricMeshReduction for automatic static mesh reduction
[2020.02.19-14.07.20:137][  0]LogMeshReduction: Using SimplygonMeshReduction for automatic skeletal mesh reduction
[2020.02.19-14.07.20:137][  0]LogMeshReduction: Using ProxyLODMeshReduction for automatic mesh merging
[2020.02.19-14.07.20:137][  0]LogMeshReduction: No distributed automatic mesh merging module available
[2020.02.19-14.07.20:137][  0]LogMeshMerging: No distributed automatic mesh merging module available
[2020.02.19-14.07.20:152][  0]LogNetVersion: FishBaloon 1.0.0, NetCL: 10570792, EngineNetVer: 13, GameNetVer: 0 (Checksum: 472034395)
[2020.02.19-14.07.22:598][  0]LogPackageLocalizationCache: Processed 10 localized package path(s) for 1 prioritized culture(s) in 0.061398 seconds
[2020.02.19-14.07.22:606][  0]LogUObjectArray: 46750 objects as part of root set at end of initial load.
[2020.02.19-14.07.22:606][  0]LogUObjectAllocator: 8137160 out of 0 bytes used by permanent object pool.
[2020.02.19-14.07.22:606][  0]LogUObjectArray: CloseDisregardForGC: 0/0 objects in disregard for GC pool
[2020.02.19-14.07.23:249][  0]LogTcpMessaging: Initializing TcpMessaging bridge
[2020.02.19-14.07.23:253][  0]LogUdpMessaging: Initializing bridge on interface 0.0.0.0:0 to multicast group 230.0.0.1:6666.
[2020.02.19-14.07.23:350][  0]SourceControl: Source control is disabled
[2020.02.19-14.07.23:350][  0]SourceControl: Source control is disabled
[2020.02.19-14.07.23:352][  0]SourceControl: Source control is disabled
[2020.02.19-14.07.23:354][  0]SourceControl: Source control is disabled
[2020.02.19-14.07.23:356][  0]SourceControl: Source control is disabled
[2020.02.19-14.07.23:366][  0]LogVSAccessor: Display: Unable to create Visual Studio setup instance: 80040154
[2020.02.19-14.07.23:367][  0]LogVSAccessor: Display: Unable to create Visual Studio setup instance: 80040154
[2020.02.19-14.07.23:475][  0]LogAndroidPermission: UAndroidPermissionCallbackProxy::GetInstance
[2020.02.19-14.07.23:491][  0]LogAudioCaptureCore: Display: No Audio Capture implementations found. Audio input will be silent.
[2020.02.19-14.07.23:491][  0]LogAudioCaptureCore: Display: No Audio Capture implementations found. Audio input will be silent.
[2020.02.19-14.07.23:606][  0]LogOcInput: OculusInput pre-init called
[2020.02.19-14.07.23:616][  0]LogWindows: Failed to load 'OVRPlugin.dll' (GetLastError=126)
[2020.02.19-14.07.23:616][  0]LogWindows: File 'OVRPlugin.dll' does not exist
[2020.02.19-14.07.23:711][  0]LogEngine: Initializing Engine...
[2020.02.19-14.07.23:712][  0]LogHMD: Failed to initialize OpenVR with code 110
[2020.02.19-14.07.23:714][  0]LogStats: UGameplayTagsManager::InitializeManager -  0.000 s
[2020.02.19-14.07.24:166][  0]LogInit: Initializing FReadOnlyCVARCache
[2020.02.19-14.07.24:175][  0]LogAIModule: Creating AISystem for world Untitled
[2020.02.19-14.07.24:217][  0]LogAudioMixer: Display: Audio Mixer Platform Settings:
[2020.02.19-14.07.24:217][  0]LogAudioMixer: Display: 	Sample Rate:						  48000
[2020.02.19-14.07.24:217][  0]LogAudioMixer: Display: 	Callback Buffer Frame Size Requested: 1024
[2020.02.19-14.07.24:217][  0]LogAudioMixer: Display: 	Callback Buffer Frame Size To Use:	  1024
[2020.02.19-14.07.24:217][  0]LogAudioMixer: Display: 	Number of buffers to queue:			  2
[2020.02.19-14.07.24:217][  0]LogAudioMixer: Display: 	Max Channels (voices):				  32
[2020.02.19-14.07.24:217][  0]LogAudioMixer: Display: 	Number of Async Source Workers:		  0
[2020.02.19-14.07.24:217][  0]LogAudio: Display: AudioDevice MaxSources: 32
[2020.02.19-14.07.24:217][  0]LogAudio: Display: Using built-in audio occlusion.
[2020.02.19-14.07.24:217][  0]LogAudioMixer: Display: Initializing audio mixer.
[2020.02.19-14.07.24:226][  0]LogAudioMixer: Display: Audio Device Output Speaker Info:
[2020.02.19-14.07.24:226][  0]LogAudioMixer: Display: Name: Speakers (Conexant SmartAudio HD)
[2020.02.19-14.07.24:226][  0]LogAudioMixer: Display: Is Default: Yes
[2020.02.19-14.07.24:226][  0]LogAudioMixer: Display: Sample Rate: 48000
[2020.02.19-14.07.24:226][  0]LogAudioMixer: Display: Channel Count Used: 2
[2020.02.19-14.07.24:226][  0]LogAudioMixer: Display: Device Channel Count: 2
[2020.02.19-14.07.24:226][  0]LogAudioMixer: Display: Channel Order:
[2020.02.19-14.07.24:226][  0]LogAudioMixer: Display: 0: FrontLeft
[2020.02.19-14.07.24:226][  0]LogAudioMixer: Display: 1: FrontRight
[2020.02.19-14.07.24:851][  0]LogAudioMixer: Display: Using Audio Device Speakers (Conexant SmartAudio HD)
[2020.02.19-14.07.24:865][  0]LogInit: FAudioDevice initialized.
[2020.02.19-14.07.24:865][  0]LogNetVersion: Set ProjectVersion to 1.0.0.0. Version Checksum will be recalculated on next use.
[2020.02.19-14.07.24:957][  0]LogDerivedDataCache: Saved boot cache 0.09s 78MB C:/Users/AndrejxD/AppData/Local/UnrealEngine/4.24/DerivedDataCache/Boot.ddc.
[2020.02.19-14.07.24:965][  0]LogInit: Texture streaming: Enabled
[2020.02.19-14.07.24:979][  0]LogEngineSessionManager: EngineSessionManager initialized
[2020.02.19-14.07.24:979][  0]LogEditorSessionSummary: Verbose: Initializing EditorSessionSummaryWriter for editor session tracking
[2020.02.19-14.07.24:981][  0]LogEditorSessionSummary: EditorSessionSummaryWriter initialized
[2020.02.19-14.07.25:077][  0]LogInit: Transaction tracking system initialized
[2020.02.19-14.07.25:100][  0]BlueprintLog: New page: Editor Load
[2020.02.19-14.07.25:185][  0]LocalizationService: Localization service is disabled
[2020.02.19-14.07.25:298][  0]LogVSAccessor: Display: Unable to create Visual Studio setup instance: 80040154
[2020.02.19-14.07.25:299][  0]LogVSAccessor: Display: Unable to create Visual Studio setup instance: 80040154
[2020.02.19-14.07.25:768][  0]LogFileCache: Scanning file cache for directory 'C:/Users/AndrejxD/Documents/fishbaloon/FishBaloon/Content/' took 0.00s
[2020.02.19-14.07.25:768][  0]LogCook: Display: Max memory allowance for cook 16384mb min free memory 0mb
[2020.02.19-14.07.25:769][  0]LogCook: Display: Mobile HDR setting 1
[2020.02.19-14.07.26:855][  0]SourceControl: Source control is disabled
[2020.02.19-14.07.26:855][  0]Cmd: MAP LOAD FILE="../../../../../../Users/AndrejxD/Documents/fishbaloon/FishBaloon/Content/Level/Baselevel.umap" TEMPLATE=0 SHOWPROGRESS=1 FEATURELEVEL=3
[2020.02.19-14.07.26:856][  0]LightingResults: New page: Lighting Build
[2020.02.19-14.07.26:857][  0]LogWorld: UWorld::CleanupWorld for Untitled, bSessionEnded=true, bCleanupResources=true
[2020.02.19-14.07.26:857][  0]LogSlate: InvalidateAllWidgets triggered.  All widgets were invalidated
[2020.02.19-14.07.26:857][  0]MapCheck: New page: Map Check
[2020.02.19-14.07.26:857][  0]LightingResults: New page: Lighting Build
[2020.02.19-14.07.26:896][  0]LogUObjectHash: Compacting FUObjectHashTables data took   3.42ms
[2020.02.19-14.07.27:113][  0]LogAIModule: Creating AISystem for world Baselevel
[2020.02.19-14.07.27:133][  0]LogEditorServer: Finished looking for orphan Actors (0.000 secs)
[2020.02.19-14.07.27:172][  0]LogUObjectHash: Compacting FUObjectHashTables data took   3.52ms
[2020.02.19-14.07.27:172][  0]Cmd: MAP CHECKDEP NOCLEARLOG
[2020.02.19-14.07.27:173][  0]MapCheck: Map check complete: 0 Error(s), 0 Warning(s), took 0,193ms to complete.
[2020.02.19-14.07.27:173][  0]LogFileHelpers: Loading map 'Baselevel' took 0.317
[2020.02.19-14.07.27:346][  0]LogSlate: Updating window title bar state: overlay mode, drag disabled, window buttons hidden, title bar hidden
[2020.02.19-14.07.27:355][  0]LogSlate: Updating window title bar state: overlay mode, drag disabled, window buttons hidden, title bar hidden
[2020.02.19-14.07.27:364][  0]LogSlate: Updating window title bar state: overlay mode, drag disabled, window buttons hidden, title bar hidden
[2020.02.19-14.07.27:372][  0]LogSlate: Updating window title bar state: overlay mode, drag disabled, window buttons hidden, title bar hidden
[2020.02.19-14.07.27:377][  0]LogCollectionManager: Loaded 0 collections in 0.001957 seconds
[2020.02.19-14.07.27:394][  0]LogFileCache: Scanning file cache for directory 'C:/Users/AndrejxD/Documents/fishbaloon/FishBaloon/Saved/Collections/' took 0.00s
[2020.02.19-14.07.27:394][  0]LogFileCache: Scanning file cache for directory 'C:/Users/AndrejxD/Documents/fishbaloon/FishBaloon/Content/Developers/AndrejxD/Collections/' took 0.00s
[2020.02.19-14.07.27:394][  0]LogFileCache: Scanning file cache for directory 'C:/Users/AndrejxD/Documents/fishbaloon/FishBaloon/Content/Collections/' took 0.00s
[2020.02.19-14.07.27:394][  0]LogContentBrowser: Native class hierarchy populated in 0.0100 seconds. Added 3015 classes and 717 folders.
[2020.02.19-14.07.27:397][  0]LogContentBrowser: Native class hierarchy updated for 'WidgetCarousel' in 0.0003 seconds. Added 0 classes and 0 folders.
[2020.02.19-14.07.27:454][  0]LogContentBrowser: Native class hierarchy updated for 'AddContentDialog' in 0.0003 seconds. Added 0 classes and 0 folders.
[2020.02.19-14.07.27:458][  0]LogContentBrowser: Native class hierarchy updated for 'SceneOutliner' in 0.0003 seconds. Added 2 classes and 3 folders.
[2020.02.19-14.07.27:579][  0]LogSlate: Took 0.000148 seconds to synchronously load lazily loaded font '../../../Engine/Content/Slate/Fonts/Roboto-Regular.ttf' (155K)
[2020.02.19-14.07.27:582][  0]LogSlate: Took 0.000180 seconds to synchronously load lazily loaded font '../../../Engine/Content/Slate/Fonts/Roboto-Bold.ttf' (160K)
[2020.02.19-14.07.27:589][  0]LogSlate: Took 0.000177 seconds to synchronously load lazily loaded font '../../../Engine/Content/Editor/Slate/Fonts/FontAwesome.ttf' (139K)
[2020.02.19-14.07.27:713][  0]LogRenderer: Reallocating scene render targets to support 1208x600 Format 10 NumSamples 1 (Frame:1).
[2020.02.19-14.07.27:871][  0]LogContentBrowser: Native class hierarchy updated for 'HierarchicalLODOutliner' in 0.0003 seconds. Added 0 classes and 0 folders.
[2020.02.19-14.07.27:871][  0]LogLoad: (Engine Initialization) Total time: 21.28 seconds
[2020.02.19-14.07.27:871][  0]LogLoad: (Engine Initialization) Total Blueprint compile time: 0.00 seconds
[2020.02.19-14.07.27:938][  0]LogContentStreaming: Texture pool size now 1000 MB
[2020.02.19-14.07.27:998][  0]LogSlate: Took 0.000344 seconds to synchronously load lazily loaded font '../../../Engine/Content/Slate/Fonts/Roboto-Light.ttf' (167K)
[2020.02.19-14.07.28:026][  1]LogFileCache: Retrieving MD5 hashes for directory 'C:/Users/AndrejxD/Documents/fishbaloon/FishBaloon/Content/' took 0.13s
[2020.02.19-14.07.32:633][188]LogAssetRegistry: Asset discovery search completed in 13.0837 seconds
[2020.02.19-14.07.32:639][188]LogCollectionManager: Fixed up redirectors for 0 collections in 0.000009 seconds (updated 0 objects)
[2020.02.19-14.08.05:606][740]LogSlate: Took 0.000178 seconds to synchronously load lazily loaded font '../../../Engine/Content/Slate/Fonts/Roboto-Light.ttf' (167K)
[2020.02.19-14.08.05:629][740]LogAssetEditorSubsystem: Opening Asset editor for AnimBlueprint /Game/Mesh/AnimBP_baloon.AnimBP_baloon
[2020.02.19-14.08.05:641][740]LogContentBrowser: Native class hierarchy updated for 'SkeletonEditor' in 0.0003 seconds. Added 1 classes and 2 folders.
[2020.02.19-14.08.05:933][740]LogActorComponent: RegisterComponentWithWorld: (/Engine/Transient.World_16:PersistentLevel.AnimationEditorPreviewActor_0.DebugSkelMeshComponent_0) Already registered. Aborting.
[2020.02.19-14.08.05:934][740]LogContentBrowser: Native class hierarchy updated for 'PinnedCommandList' in 0.0003 seconds. Added 1 classes and 0 folders.
[2020.02.19-14.08.06:158][740]LogContentBrowser: Native class hierarchy updated for 'BlueprintGraph' in 0.0010 seconds. Added 121 classes and 0 folders.
[2020.02.19-14.08.07:185][740]LogSkeletalMesh: USkeletalMeshComponent::InitArticulated : Bodies already created (/Engine/Transient.World_16:PersistentLevel.AnimationEditorPreviewActor_0.DebugSkelMeshComponent_0) - call TermArticulated first.
[2020.02.19-14.08.07:520][740]LogSlate: Took 0.000259 seconds to synchronously load lazily loaded font '../../../Engine/Content/Slate/Fonts/Roboto-BoldCondensed.ttf' (158K)
[2020.02.19-14.08.07:851][741]LogSlate: Took 0.000234 seconds to synchronously load lazily loaded font '../../../Engine/Content/Slate/Fonts/Roboto-Italic.ttf' (157K)
[2020.02.19-14.10.18:334][332]LogSlate: Took 0.008956 seconds to synchronously load lazily loaded font '../../../Engine/Content/Slate/Fonts/Roboto-BoldCondensedItalic.ttf' (160K)
[2020.02.19-14.10.28:205][788]BlueprintLog: New page: Compile AnimBP_baloon
[2020.02.19-14.10.28:216][788]LogBlueprint: Warning: [Compiler AnimBP_baloon] Hit to Buildup  will never be taken, please connect something to  Can Enter Transition
[2020.02.19-14.10.28:558][788]LogUObjectHash: Compacting FUObjectHashTables data took   6.85ms
[2020.02.19-14.10.33:870][942]BlueprintLog: New page: Compile AnimBP_baloon
[2020.02.19-14.10.33:874][942]LogBlueprint: Warning: [Compiler AnimBP_baloon] Hit to Buildup  will never be taken, please connect something to  Can Enter Transition
[2020.02.19-14.10.34:203][942]LogUObjectHash: Compacting FUObjectHashTables data took   5.38ms
[2020.02.19-14.10.45:455][472]BlueprintLog: New page: Compile AnimBP_baloon
[2020.02.19-14.10.45:728][472]LogUObjectHash: Compacting FUObjectHashTables data took   6.69ms
[2020.02.19-14.11.06:136][352]BlueprintLog: New page: Compile AnimBP_baloon
[2020.02.19-14.11.06:413][352]LogUObjectHash: Compacting FUObjectHashTables data took   6.86ms
[2020.02.19-14.11.12:616][609]BlueprintLog: New page: Compile AnimBP_baloon
[2020.02.19-14.11.12:986][609]LogUObjectHash: Compacting FUObjectHashTables data took   5.75ms
[2020.02.19-14.11.20:465][834]LogAssetEditorSubsystem: Opening Asset editor for BlendSpace /Game/Mesh/Buildup.Buildup
[2020.02.19-14.11.20:479][834]LogActorComponent: RegisterComponentWithWorld: (/Engine/Transient.World_18:PersistentLevel.AnimationEditorPreviewActor_0.DebugSkelMeshComponent_0) Already registered. Aborting.
[2020.02.19-14.11.20:536][834]LogSkeletalMesh: USkeletalMeshComponent::InitArticulated : Bodies already created (/Engine/Transient.World_18:PersistentLevel.AnimationEditorPreviewActor_0.DebugSkelMeshComponent_0) - call TermArticulated first.
[2020.02.19-14.11.21:539][834]LogContentBrowser: Verbose: The majority of assets in the view are of type: AnimSequence
[2020.02.19-14.11.42:608][708]BlueprintLog: New page: Compile AnimBP_baloon
[2020.02.19-14.11.43:056][708]LogUObjectHash: Compacting FUObjectHashTables data took   7.73ms
[2020.02.19-14.11.49:950][986]BlueprintLog: New page: Compile AnimBP_baloon
[2020.02.19-14.11.50:513][986]LogUObjectHash: Compacting FUObjectHashTables data took   7.32ms
[2020.02.19-14.12.00:508][241]LogAssetEditorSubsystem: Opening Asset editor for Blueprint /Game/Blueprints/BP_bomba.BP_bomba
[2020.02.19-14.12.10:464][709]LogUObjectHash: Compacting FUObjectHashTables data took   7.86ms
[2020.02.19-14.12.15:304][709]LogSlate: Window 'Save Content' being destroyed
[2020.02.19-14.12.15:391][709]Cmd: OBJ SAVEPACKAGE PACKAGE="/Game/Blueprints/BP_bomba" FILE="../../../../../../Users/AndrejxD/Documents/fishbaloon/FishBaloon/Content/Blueprints/BP_bomba.uasset" SILENT=true
[2020.02.19-14.12.15:449][709]LogSavePackage: Moving '../../../../../../Users/AndrejxD/Documents/fishbaloon/FishBaloon/Saved/BP_bomba5B77C5E6422C74BAD1A6CC8AD1B68F6B.tmp' to '../../../../../../Users/AndrejxD/Documents/fishbaloon/FishBaloon/Content/Blueprints/BP_bomba.uasset'
[2020.02.19-14.12.15:488][709]Cmd: OBJ SAVEPACKAGE PACKAGE="/Game/Mesh/AnimBP_baloon" FILE="../../../../../../Users/AndrejxD/Documents/fishbaloon/FishBaloon/Content/Mesh/AnimBP_baloon.uasset" SILENT=true
[2020.02.19-14.12.15:523][709]LogSavePackage: Moving '../../../../../../Users/AndrejxD/Documents/fishbaloon/FishBaloon/Saved/AnimBP_baloon82BBD35D4BAF22499EFEFA9796A09BC5.tmp' to '../../../../../../Users/AndrejxD/Documents/fishbaloon/FishBaloon/Content/Mesh/AnimBP_baloon.uasset'
[2020.02.19-14.12.15:572][709]Cmd: OBJ SAVEPACKAGE PACKAGE="/Game/Mesh/Buildup" FILE="../../../../../../Users/AndrejxD/Documents/fishbaloon/FishBaloon/Content/Mesh/Buildup.uasset" SILENT=true
[2020.02.19-14.12.15:622][709]LogSavePackage: Moving '../../../../../../Users/AndrejxD/Documents/fishbaloon/FishBaloon/Saved/BuildupE71F152041FA0E75E304F582EC4FD90E.tmp' to '../../../../../../Users/AndrejxD/Documents/fishbaloon/FishBaloon/Content/Mesh/Buildup.uasset'
[2020.02.19-14.12.15:662][709]AssetCheck: New page: Asset Save: multiple assets
[2020.02.19-14.12.15:662][709]LogContentValidation: Display: Validating Blueprint /Game/Blueprints/BP_bomba.BP_bomba
[2020.02.19-14.12.15:662][709]LogContentValidation: Display: Validating AnimBlueprint /Game/Mesh/AnimBP_baloon.AnimBP_baloon
[2020.02.19-14.12.15:662][709]LogContentValidation: Display: Validating BlendSpace /Game/Mesh/Buildup.Buildup
[2020.02.19-14.12.26:006][849]LogUObjectHash: Compacting FUObjectHashTables data took   5.25ms
