Log file open, 02/21/20 11:46:19
LogWindows: Failed to load 'aqProf.dll' (GetLastError=126)
LogWindows: File 'aqProf.dll' does not exist
LogWindows: Failed to load 'VtuneApi.dll' (GetLastError=126)
LogWindows: File 'VtuneApi.dll' does not exist
LogWindows: Failed to load 'VtuneApi32e.dll' (GetLastError=126)
LogWindows: File 'VtuneApi32e.dll' does not exist
LogConsoleResponse: Display: Failed to find resolution value strings in scalability ini. Falling back to default.
LogInit: Display: Running engine for game: FishBaloon
LogPlatformFile: Not using cached read wrapper
LogTaskGraph: Started task graph with 5 named threads and 23 total threads with 3 sets of task threads.
LogStats: Stats thread started at 0.085341
LogD3D11RHI: Loaded GFSDK_Aftermath_Lib.x64.dll
LogICUInternationalization: ICU TimeZone Detection - Raw Offset: +1:00, Platform Override: ''
LogPluginManager: Mounting plugin Paper2D
LogPluginManager: Mounting plugin AISupport
LogPluginManager: Mounting plugin LightPropagationVolume
LogPluginManager: Mounting plugin ActorLayerUtilities
LogPluginManager: Mounting plugin AnimationSharing
LogPluginManager: Mounting plugin CLionSourceCodeAccess
LogPluginManager: Mounting plugin CodeLiteSourceCodeAccess
LogPluginManager: Mounting plugin GitSourceControl
LogPluginManager: Mounting plugin KDevelopSourceCodeAccess
LogPluginManager: Mounting plugin NullSourceCodeAccess
LogPluginManager: Mounting plugin PerforceSourceControl
LogPluginManager: Mounting plugin PlasticSourceControl
LogPluginManager: Mounting plugin SubversionSourceControl
LogPluginManager: Mounting plugin UObjectPlugin
LogPluginManager: Mounting plugin VisualStudioCodeSourceCodeAccess
LogPluginManager: Mounting plugin VisualStudioSourceCodeAccess
LogPluginManager: Mounting plugin XCodeSourceCodeAccess
LogPluginManager: Mounting plugin AssetManagerEditor
LogPluginManager: Mounting plugin CryptoKeys
LogPluginManager: Mounting plugin CurveEditorTools
LogPluginManager: Mounting plugin DataValidation
LogPluginManager: Mounting plugin FacialAnimation
LogPluginManager: Mounting plugin GameplayTagsEditor
LogPluginManager: Mounting plugin MacGraphicsSwitching
LogPluginManager: Mounting plugin MaterialAnalyzer
LogPluginManager: Mounting plugin MobileLauncherProfileWizard
LogPluginManager: Mounting plugin PluginBrowser
LogPluginManager: Mounting plugin SpeedTreeImporter
LogPluginManager: Mounting plugin DatasmithContent
LogPluginManager: Mounting plugin VariantManagerContent
LogPluginManager: Mounting plugin AlembicImporter
LogPluginManager: Mounting plugin AutomationUtils
LogPluginManager: Mounting plugin BackChannel
LogPluginManager: Mounting plugin CharacterAI
LogPluginManager: Mounting plugin GeometryCache
LogPluginManager: Mounting plugin PlatformCrypto
LogPluginManager: Mounting plugin ProxyLODPlugin
LogPluginManager: Mounting plugin SkeletalReduction
LogPluginManager: Mounting plugin MagicLeap
LogPluginManager: Mounting plugin MagicLeapMedia
LogPluginManager: Mounting plugin MLSDK
LogPluginManager: Mounting plugin AndroidMedia
LogPluginManager: Mounting plugin AvfMedia
LogPluginManager: Mounting plugin ImgMedia
LogPluginManager: Mounting plugin MediaCompositing
LogPluginManager: Mounting plugin MediaPlayerEditor
LogPluginManager: Mounting plugin WebMMedia
LogPluginManager: Mounting plugin WmfMedia
LogPluginManager: Mounting plugin TcpMessaging
LogPluginManager: Mounting plugin UdpMessaging
LogPluginManager: Mounting plugin ActorSequence
LogPluginManager: Mounting plugin LevelSequenceEditor
LogPluginManager: Mounting plugin MatineeToLevelSequence
LogPluginManager: Mounting plugin NetcodeUnitTest
LogPluginManager: Mounting plugin NUTUnrealEngine4
LogPluginManager: Mounting plugin OnlineSubsystemGooglePlay
LogPluginManager: Mounting plugin OnlineSubsystemIOS
LogPluginManager: Mounting plugin OnlineSubsystem
LogPluginManager: Mounting plugin OnlineSubsystemNull
LogPluginManager: Mounting plugin OnlineSubsystemUtils
LogPluginManager: Mounting plugin LauncherChunkInstaller
LogPluginManager: Mounting plugin AndroidDeviceProfileSelector
LogPluginManager: Mounting plugin AndroidMoviePlayer
LogPluginManager: Mounting plugin AndroidPermission
LogPluginManager: Mounting plugin AppleImageUtils
LogPluginManager: Mounting plugin AppleMoviePlayer
LogPluginManager: Mounting plugin ArchVisCharacter
LogPluginManager: Mounting plugin AssetTags
LogPluginManager: Mounting plugin AudioCapture
LogPluginManager: Mounting plugin CableComponent
LogPluginManager: Mounting plugin CustomMeshComponent
LogPluginManager: Mounting plugin EditableMesh
LogPluginManager: Mounting plugin ExampleDeviceProfileSelector
LogPluginManager: Mounting plugin GoogleCloudMessaging
LogPluginManager: Mounting plugin IOSDeviceProfileSelector
LogPluginManager: Mounting plugin LinuxDeviceProfileSelector
LogPluginManager: Mounting plugin LocationServicesBPLibrary
LogPluginManager: Mounting plugin MobilePatchingUtils
LogPluginManager: Mounting plugin OculusVR
LogPluginManager: Mounting plugin PhysXVehicles
LogPluginManager: Mounting plugin PostSplashScreen
LogPluginManager: Mounting plugin ProceduralMeshComponent
LogPluginManager: Mounting plugin RuntimePhysXCooking
LogPluginManager: Mounting plugin SignificanceManager
LogPluginManager: Mounting plugin SteamVR
LogPluginManager: Mounting plugin WebMMoviePlayer
LogPluginManager: Mounting plugin WindowsMoviePlayer
LogPluginManager: Mounting plugin ScreenshotTools
LogInit: Using libcurl 7.55.1-DEV
LogInit:  - built for x86_64-pc-win32
LogInit:  - supports SSL with OpenSSL/1.1.1
LogInit:  - supports HTTP deflate (compression) using libz 1.2.8
LogInit:  - other features:
LogInit:      CURL_VERSION_SSL
LogInit:      CURL_VERSION_LIBZ
LogInit:      CURL_VERSION_IPV6
LogInit:      CURL_VERSION_ASYNCHDNS
LogInit:      CURL_VERSION_LARGEFILE
LogInit:      CURL_VERSION_IDN
LogInit:  CurlRequestOptions (configurable via config and command line):
LogInit:  - bVerifyPeer = true  - Libcurl will verify peer certificate
LogInit:  - bUseHttpProxy = false  - Libcurl will NOT use HTTP proxy
LogInit:  - bDontReuseConnections = false  - Libcurl will reuse connections
LogInit:  - MaxHostConnections = 16  - Libcurl will limit the number of connections to a host
LogInit:  - LocalHostAddr = Default
LogInit:  - BufferSize = 65536
LogOnline: OSS: Creating online subsystem instance for: NULL
LogInit: WinSock: version 1.1 (2.2), MaxSocks=32767, MaxUdp=65467
LogOnline: OSS: TryLoadSubsystemAndSetDefault: Loaded subsystem for module [NULL]
LogInit: Build: ++UE4+Release-4.24-CL-11100242
LogInit: Engine Version: 4.24.2-11100242+++UE4+Release-4.24
LogInit: Compatible Engine Version: 4.24.0-10570792+++UE4+Release-4.24
LogInit: Net CL: 10570792
LogInit: OS: Windows 10 (Release 1803) (), CPU: Intel(R) Core(TM) i7-7700HQ CPU @ 2.80GHz, GPU: Intel(R) HD Graphics 630
LogInit: Compiled (64-bit): Jan 24 2020 02:05:53
LogInit: Compiled with Visual C++: 19.16.27032.01
LogInit: Build Configuration: Development
LogInit: Branch Name: ++UE4+Release-4.24
LogInit: Command Line:  -EpicPortal -epicusername=guwick -epicuserid=ba6bbd1e8c8240e3a2e65daca171f385 -epiclocale=en
LogInit: Base Directory: C:/Program Files/Epic Games/UE_4.24/Engine/Binaries/Win64/
LogInit: Installed Engine Build: 1
LogDevObjectVersion: Number of dev versions registered: 25
LogDevObjectVersion:   Dev-Blueprints (B0D832E4-1F89-4F0D-ACCF-7EB736FD4AA2): 10
LogDevObjectVersion:   Dev-Build (E1C64328-A22C-4D53-A36C-8E866417BD8C): 0
LogDevObjectVersion:   Dev-Core (375EC13C-06E4-48FB-B500-84F0262A717E): 3
LogDevObjectVersion:   Dev-Editor (E4B068ED-F494-42E9-A231-DA0B2E46BB41): 37
LogDevObjectVersion:   Dev-Framework (CFFC743F-43B0-4480-9391-14DF171D2073): 36
LogDevObjectVersion:   Dev-Mobile (B02B49B5-BB20-44E9-A304-32B752E40360): 2
LogDevObjectVersion:   Dev-Networking (A4E4105C-59A1-49B5-A7C5-40C4547EDFEE): 0
LogDevObjectVersion:   Dev-Online (39C831C9-5AE6-47DC-9A44-9C173E1C8E7C): 0
LogDevObjectVersion:   Dev-Physics (78F01B33-EBEA-4F98-B9B4-84EACCB95AA2): 2
LogDevObjectVersion:   Dev-Platform (6631380F-2D4D-43E0-8009-CF276956A95A): 0
LogDevObjectVersion:   Dev-Rendering (12F88B9F-8875-4AFC-A67C-D90C383ABD29): 36
LogDevObjectVersion:   Dev-Sequencer (7B5AE74C-D270-4C10-A958-57980B212A5A): 11
LogDevObjectVersion:   Dev-VR (D7296918-1DD6-4BDD-9DE2-64A83CC13884): 2
LogDevObjectVersion:   Dev-LoadTimes (C2A15278-BFE7-4AFE-6C17-90FF531DF755): 1
LogDevObjectVersion:   Private-Geometry (6EACA3D4-40EC-4CC1-B786-8BED09428FC5): 3
LogDevObjectVersion:   Dev-AnimPhys (29E575DD-E0A3-4627-9D10-D276232CDCEA): 17
LogDevObjectVersion:   Dev-Anim (AF43A65D-7FD3-4947-9873-3E8ED9C1BB05): 2
LogDevObjectVersion:   Dev-ReflectionCapture (6B266CEC-1EC7-4B8F-A30B-E4D90942FC07): 1
LogDevObjectVersion:   Dev-Automation (0DF73D61-A23F-47EA-B727-89E90C41499A): 1
LogDevObjectVersion:   FortniteMain (601D1886-AC64-4F84-AA16-D3DE0DEAC7D6): 31
LogDevObjectVersion:   Dev-Enterprise (9DFFBCD6-494F-0158-E221-12823C92A888): 8
LogDevObjectVersion:   Dev-Niagara (F2AED0AC-9AFE-416F-8664-AA7FFA26D6FC): 1
LogDevObjectVersion:   Dev-Destruction (174F1F0B-B4C6-45A5-B13F-2EE8D0FB917D): 9
LogDevObjectVersion:   Dev-Physics-Ext (35F94A83-E258-406C-A318-09F59610247C): 8
LogDevObjectVersion:   Dev-CineCamera (B2E18506-4273-CFC2-A54E-F4BB758BBA07): 1
LogInit: Presizing for max 25165824 objects, including 0 objects not considered by GC, pre-allocating 0 bytes for permanent pool.
LogInit: Object subsystem initialized
LogConfig: Setting CVar [[con.DebugEarlyDefault:1]]
LogConfig: Setting CVar [[r.setres:1280x720]]
[2020.02.21-10.46.19:558][  0]LogConfig: Setting CVar [[r.VSync:0]]
[2020.02.21-10.46.19:558][  0]LogConfig: Setting CVar [[r.RHICmdBypass:0]]
[2020.02.21-10.46.19:558][  0]LogConfig: Applying CVar settings from Section [/Script/Engine.RendererSettings] File [C:/polanc/UnrealEngine/Fishbaloon/FishBaloon/Saved/Config/Windows/Engine.ini]
[2020.02.21-10.46.19:558][  0]LogConfig: Setting CVar [[r.GPUCrashDebugging:0]]
[2020.02.21-10.46.19:558][  0]LogConfig: Setting CVar [[r.MobileHDR:1]]
[2020.02.21-10.46.19:558][  0]LogConfig: Setting CVar [[r.Mobile.DisableVertexFog:1]]
[2020.02.21-10.46.19:558][  0]LogConfig: Setting CVar [[r.Shadow.CSM.MaxMobileCascades:2]]
[2020.02.21-10.46.19:558][  0]LogConfig: Setting CVar [[r.MobileMSAA:1]]
[2020.02.21-10.46.19:558][  0]LogConfig: Setting CVar [[r.Mobile.UseLegacyShadingModel:0]]
[2020.02.21-10.46.19:558][  0]LogConfig: Setting CVar [[r.Mobile.UseHWsRGBEncoding:0]]
[2020.02.21-10.46.19:558][  0]LogConfig: Setting CVar [[r.Mobile.AllowDitheredLODTransition:0]]
[2020.02.21-10.46.19:558][  0]LogConfig: Setting CVar [[r.Mobile.AllowSoftwareOcclusion:0]]
[2020.02.21-10.46.19:558][  0]LogConfig: Setting CVar [[r.DiscardUnusedQuality:0]]
[2020.02.21-10.46.19:558][  0]LogConfig: Setting CVar [[r.AllowOcclusionQueries:1]]
[2020.02.21-10.46.19:558][  0]LogConfig: Setting CVar [[r.MinScreenRadiusForLights:0.030000]]
[2020.02.21-10.46.19:558][  0]LogConfig: Setting CVar [[r.MinScreenRadiusForDepthPrepass:0.030000]]
[2020.02.21-10.46.19:558][  0]LogConfig: Setting CVar [[r.MinScreenRadiusForCSMDepth:0.010000]]
[2020.02.21-10.46.19:558][  0]LogConfig: Setting CVar [[r.PrecomputedVisibilityWarning:0]]
[2020.02.21-10.46.19:558][  0]LogConfig: Setting CVar [[r.TextureStreaming:1]]
[2020.02.21-10.46.19:558][  0]LogConfig: Setting CVar [[Compat.UseDXT5NormalMaps:0]]
[2020.02.21-10.46.19:558][  0]LogConfig: Setting CVar [[r.VirtualTextures:0]]
[2020.02.21-10.46.19:558][  0]LogConfig: Setting CVar [[r.VirtualTexturedLightmaps:0]]
[2020.02.21-10.46.19:558][  0]LogConfig: Setting CVar [[r.VT.TileSize:128]]
[2020.02.21-10.46.19:558][  0]LogConfig: Setting CVar [[r.VT.TileBorderSize:4]]
[2020.02.21-10.46.19:558][  0]LogConfig: Setting CVar [[r.vt.FeedbackFactor:16]]
[2020.02.21-10.46.19:558][  0]LogConfig: Setting CVar [[r.VT.EnableCompressZlib:1]]
[2020.02.21-10.46.19:558][  0]LogConfig: Setting CVar [[r.VT.EnableCompressCrunch:0]]
[2020.02.21-10.46.19:558][  0]LogConfig: Setting CVar [[r.ClearCoatNormal:0]]
[2020.02.21-10.46.19:558][  0]LogConfig: Setting CVar [[r.ReflectionCaptureResolution:128]]
[2020.02.21-10.46.19:558][  0]LogConfig: Setting CVar [[r.ReflectionEnvironmentLightmapMixBasedOnRoughness:1]]
[2020.02.21-10.46.19:558][  0]LogConfig: Setting CVar [[r.ForwardShading:0]]
[2020.02.21-10.46.19:558][  0]LogConfig: Setting CVar [[r.VertexFoggingForOpaque:1]]
[2020.02.21-10.46.19:558][  0]LogConfig: Setting CVar [[r.AllowStaticLighting:1]]
[2020.02.21-10.46.19:558][  0]LogConfig: Setting CVar [[r.NormalMapsForStaticLighting:0]]
[2020.02.21-10.46.19:558][  0]LogConfig: Setting CVar [[r.GenerateMeshDistanceFields:0]]
[2020.02.21-10.46.19:558][  0]LogConfig: Setting CVar [[r.DistanceFieldBuild.EightBit:0]]
[2020.02.21-10.46.19:558][  0]LogConfig: Setting CVar [[r.GenerateLandscapeGIData:0]]
[2020.02.21-10.46.19:558][  0]LogConfig: Setting CVar [[r.DistanceFieldBuild.Compress:0]]
[2020.02.21-10.46.19:558][  0]LogConfig: Setting CVar [[r.TessellationAdaptivePixelsPerTriangle:48.000000]]
[2020.02.21-10.46.19:558][  0]LogConfig: Setting CVar [[r.SeparateTranslucency:1]]
[2020.02.21-10.46.19:558][  0]LogConfig: Setting CVar [[r.TranslucentSortPolicy:0]]
[2020.02.21-10.46.19:558][  0]LogConfig: Setting CVar [[r.CustomDepth:1]]
[2020.02.21-10.46.19:558][  0]LogConfig: Setting CVar [[r.CustomDepthTemporalAAJitter:1]]
[2020.02.21-10.46.19:558][  0]LogConfig: Setting CVar [[r.PostProcessing.PropagateAlpha:0]]
[2020.02.21-10.46.19:558][  0]LogConfig: Setting CVar [[r.DefaultFeature.Bloom:1]]
[2020.02.21-10.46.19:558][  0]LogConfig: Setting CVar [[r.DefaultFeature.AmbientOcclusion:1]]
[2020.02.21-10.46.19:558][  0]LogConfig: Setting CVar [[r.DefaultFeature.AmbientOcclusionStaticFraction:1]]
[2020.02.21-10.46.19:558][  0]LogConfig: Setting CVar [[r.DefaultFeature.AutoExposure:0]]
[2020.02.21-10.46.19:558][  0]LogConfig: Setting CVar [[r.DefaultFeature.AutoExposure.Method:0]]
[2020.02.21-10.46.19:558][  0]LogConfig: Setting CVar [[r.DefaultFeature.AutoExposure.ExtendDefaultLuminanceRange:0]]
[2020.02.21-10.46.19:558][  0]LogConfig: Setting CVar [[r.UsePreExposure:1]]
[2020.02.21-10.46.19:558][  0]LogConfig: Setting CVar [[r.EyeAdaptation.EditorOnly:1]]
[2020.02.21-10.46.19:558][  0]LogConfig: Setting CVar [[r.DefaultFeature.MotionBlur:0]]
[2020.02.21-10.46.19:559][  0]LogConfig: Setting CVar [[r.DefaultFeature.LensFlare:0]]
[2020.02.21-10.46.19:559][  0]LogConfig: Setting CVar [[r.TemporalAA.Upsampling:0]]
[2020.02.21-10.46.19:559][  0]LogConfig: Setting CVar [[r.SSGI.Enable:0]]
[2020.02.21-10.46.19:559][  0]LogConfig: Setting CVar [[r.DefaultFeature.AntiAliasing:0]]
[2020.02.21-10.46.19:559][  0]LogConfig: Setting CVar [[r.DefaultFeature.LightUnits:1]]
[2020.02.21-10.46.19:559][  0]LogConfig: Setting CVar [[r.DefaultBackBufferPixelFormat:4]]
[2020.02.21-10.46.19:559][  0]LogConfig: Setting CVar [[r.Shadow.UnbuiltPreviewInGame:1]]
[2020.02.21-10.46.19:559][  0]LogConfig: Setting CVar [[r.StencilForLODDither:0]]
[2020.02.21-10.46.19:559][  0]LogConfig: Setting CVar [[r.EarlyZPass:3]]
[2020.02.21-10.46.19:559][  0]LogConfig: Setting CVar [[r.EarlyZPassOnlyMaterialMasking:0]]
[2020.02.21-10.46.19:559][  0]LogConfig: Setting CVar [[r.DBuffer:1]]
[2020.02.21-10.46.19:559][  0]LogConfig: Setting CVar [[r.ClearSceneMethod:1]]
[2020.02.21-10.46.19:559][  0]LogConfig: Setting CVar [[r.BasePassOutputsVelocity:0]]
[2020.02.21-10.46.19:559][  0]LogConfig: Setting CVar [[r.SelectiveBasePassOutputs:0]]
[2020.02.21-10.46.19:559][  0]LogConfig: Setting CVar [[fx.GPUSimulationTextureSizeX:1024]]
[2020.02.21-10.46.19:559][  0]LogConfig: Setting CVar [[fx.GPUSimulationTextureSizeY:1024]]
[2020.02.21-10.46.19:559][  0]LogConfig: Setting CVar [[r.AllowGlobalClipPlane:0]]
[2020.02.21-10.46.19:559][  0]LogConfig: Setting CVar [[r.GBufferFormat:1]]
[2020.02.21-10.46.19:559][  0]LogConfig: Setting CVar [[r.MorphTarget.Mode:1]]
[2020.02.21-10.46.19:559][  0]LogConfig: Setting CVar [[vr.InstancedStereo:0]]
[2020.02.21-10.46.19:559][  0]LogConfig: Setting CVar [[vr.MultiView:0]]
[2020.02.21-10.46.19:559][  0]LogConfig: Setting CVar [[vr.MobileMultiView:0]]
[2020.02.21-10.46.19:559][  0]LogConfig: Setting CVar [[vr.MobileMultiView.Direct:0]]
[2020.02.21-10.46.19:559][  0]LogConfig: Setting CVar [[vr.RoundRobinOcclusion:0]]
[2020.02.21-10.46.19:559][  0]LogConfig: Setting CVar [[vr.ODSCapture:0]]
[2020.02.21-10.46.19:559][  0]LogConfig: Setting CVar [[r.WireframeCullThreshold:5.000000]]
[2020.02.21-10.46.19:559][  0]LogConfig: Setting CVar [[r.RayTracing:0]]
[2020.02.21-10.46.19:559][  0]LogConfig: Setting CVar [[r.RayTracing.UseTextureLod:0]]
[2020.02.21-10.46.19:559][  0]LogConfig: Setting CVar [[r.SupportStationarySkylight:1]]
[2020.02.21-10.46.19:559][  0]LogConfig: Setting CVar [[r.SupportLowQualityLightmaps:1]]
[2020.02.21-10.46.19:559][  0]LogConfig: Setting CVar [[r.SupportPointLightWholeSceneShadows:1]]
[2020.02.21-10.46.19:559][  0]LogConfig: Setting CVar [[r.SupportAtmosphericFog:1]]
[2020.02.21-10.46.19:559][  0]LogConfig: Setting CVar [[r.SupportSkyAtmosphere:1]]
[2020.02.21-10.46.19:559][  0]LogConfig: Setting CVar [[r.SupportSkyAtmosphereAffectsHeightFog:0]]
[2020.02.21-10.46.19:559][  0]LogConfig: Setting CVar [[r.SkinCache.CompileShaders:0]]
[2020.02.21-10.46.19:559][  0]LogConfig: Setting CVar [[r.Mobile.EnableStaticAndCSMShadowReceivers:1]]
[2020.02.21-10.46.19:559][  0]LogConfig: Setting CVar [[r.Mobile.EnableMovableLightCSMShaderCulling:1]]
[2020.02.21-10.46.19:559][  0]LogConfig: Setting CVar [[r.Mobile.AllowDistanceFieldShadows:1]]
[2020.02.21-10.46.19:559][  0]LogConfig: Setting CVar [[r.Mobile.AllowMovableDirectionalLights:1]]
[2020.02.21-10.46.19:559][  0]LogConfig: Setting CVar [[r.MobileNumDynamicPointLights:4]]
[2020.02.21-10.46.19:559][  0]LogConfig: Setting CVar [[r.MobileDynamicPointLightsUseStaticBranch:1]]
[2020.02.21-10.46.19:559][  0]LogConfig: Setting CVar [[r.Mobile.EnableMovableSpotlights:0]]
[2020.02.21-10.46.19:559][  0]LogConfig: Setting CVar [[r.SkinCache.SceneMemoryLimitInMB:128.000000]]
[2020.02.21-10.46.19:559][  0]LogConfig: Setting CVar [[r.GPUSkin.Limit2BoneInfluences:0]]
[2020.02.21-10.46.19:559][  0]LogConfig: Setting CVar [[r.SupportDepthOnlyIndexBuffers:1]]
[2020.02.21-10.46.19:559][  0]LogConfig: Setting CVar [[r.SupportReversedIndexBuffers:1]]
[2020.02.21-10.46.19:559][  0]LogConfig: Setting CVar [[r.SupportMaterialLayers:0]]
[2020.02.21-10.46.19:559][  0]LogConfig: Setting CVar [[r.LightPropagationVolume:0]]
[2020.02.21-10.46.19:559][  0]LogConfig: Applying CVar settings from Section [/Script/Engine.RendererOverrideSettings] File [C:/polanc/UnrealEngine/Fishbaloon/FishBaloon/Saved/Config/Windows/Engine.ini]
[2020.02.21-10.46.19:559][  0]LogConfig: Applying CVar settings from Section [/Script/Engine.StreamingSettings] File [C:/polanc/UnrealEngine/Fishbaloon/FishBaloon/Saved/Config/Windows/Engine.ini]
[2020.02.21-10.46.19:559][  0]LogConfig: Setting CVar [[s.MinBulkDataSizeForAsyncLoading:131072]]
[2020.02.21-10.46.19:560][  0]LogConfig: Setting CVar [[s.AsyncLoadingThreadEnabled:0]]
[2020.02.21-10.46.19:560][  0]LogConfig: Setting CVar [[s.EventDrivenLoaderEnabled:1]]
[2020.02.21-10.46.19:560][  0]LogConfig: Setting CVar [[s.WarnIfTimeLimitExceeded:0]]
[2020.02.21-10.46.19:560][  0]LogConfig: Setting CVar [[s.TimeLimitExceededMultiplier:1.5]]
[2020.02.21-10.46.19:560][  0]LogConfig: Setting CVar [[s.TimeLimitExceededMinTime:0.005]]
[2020.02.21-10.46.19:560][  0]LogConfig: Setting CVar [[s.UseBackgroundLevelStreaming:1]]
[2020.02.21-10.46.19:560][  0]LogConfig: Setting CVar [[s.PriorityAsyncLoadingExtraTime:15.0]]
[2020.02.21-10.46.19:560][  0]LogConfig: Setting CVar [[s.LevelStreamingActorsUpdateTimeLimit:5.0]]
[2020.02.21-10.46.19:560][  0]LogConfig: Setting CVar [[s.PriorityLevelStreamingActorsUpdateExtraTime:5.0]]
[2020.02.21-10.46.19:560][  0]LogConfig: Setting CVar [[s.LevelStreamingComponentsRegistrationGranularity:10]]
[2020.02.21-10.46.19:560][  0]LogConfig: Setting CVar [[s.UnregisterComponentsTimeLimit:1.0]]
[2020.02.21-10.46.19:560][  0]LogConfig: Setting CVar [[s.LevelStreamingComponentsUnregistrationGranularity:5]]
[2020.02.21-10.46.19:560][  0]LogConfig: Setting CVar [[s.FlushStreamingOnExit:1]]
[2020.02.21-10.46.19:560][  0]LogConfig: Applying CVar settings from Section [/Script/Engine.GarbageCollectionSettings] File [C:/polanc/UnrealEngine/Fishbaloon/FishBaloon/Saved/Config/Windows/Engine.ini]
[2020.02.21-10.46.19:560][  0]LogConfig: Setting CVar [[gc.MaxObjectsNotConsideredByGC:1]]
[2020.02.21-10.46.19:560][  0]LogConfig: Setting CVar [[gc.SizeOfPermanentObjectPool:0]]
[2020.02.21-10.46.19:560][  0]LogConfig: Setting CVar [[gc.FlushStreamingOnGC:0]]
[2020.02.21-10.46.19:560][  0]LogConfig: Setting CVar [[gc.NumRetriesBeforeForcingGC:10]]
[2020.02.21-10.46.19:560][  0]LogConfig: Setting CVar [[gc.AllowParallelGC:1]]
[2020.02.21-10.46.19:560][  0]LogConfig: Setting CVar [[gc.TimeBetweenPurgingPendingKillObjects:61.1]]
[2020.02.21-10.46.19:560][  0]LogConfig: Setting CVar [[gc.MaxObjectsInEditor:25165824]]
[2020.02.21-10.46.19:560][  0]LogConfig: Setting CVar [[gc.IncrementalBeginDestroyEnabled:1]]
[2020.02.21-10.46.19:560][  0]LogConfig: Setting CVar [[gc.CreateGCClusters:1]]
[2020.02.21-10.46.19:560][  0]LogConfig: Setting CVar [[gc.MinGCClusterSize:5]]
[2020.02.21-10.46.19:560][  0]LogConfig: Setting CVar [[gc.ActorClusteringEnabled:0]]
[2020.02.21-10.46.19:560][  0]LogConfig: Setting CVar [[gc.BlueprintClusteringEnabled:0]]
[2020.02.21-10.46.19:560][  0]LogConfig: Setting CVar [[gc.UseDisregardForGCOnDedicatedServers:0]]
[2020.02.21-10.46.19:560][  0]LogConfig: Applying CVar settings from Section [/Script/Engine.NetworkSettings] File [C:/polanc/UnrealEngine/Fishbaloon/FishBaloon/Saved/Config/Windows/Engine.ini]
[2020.02.21-10.46.19:560][  0]LogConfig: Applying CVar settings from Section [/Script/UnrealEd.CookerSettings] File [C:/polanc/UnrealEngine/Fishbaloon/FishBaloon/Saved/Config/Windows/Engine.ini]
[2020.02.21-10.46.19:562][  0]LogConfig: Applying CVar settings from Section [ViewDistanceQuality@3] File [C:/polanc/UnrealEngine/Fishbaloon/FishBaloon/Saved/Config/Windows/Scalability.ini]
[2020.02.21-10.46.19:562][  0]LogConfig: Setting CVar [[r.SkeletalMeshLODBias:0]]
[2020.02.21-10.46.19:562][  0]LogConfig: Setting CVar [[r.ViewDistanceScale:1.0]]
[2020.02.21-10.46.19:562][  0]LogConfig: Applying CVar settings from Section [AntiAliasingQuality@3] File [C:/polanc/UnrealEngine/Fishbaloon/FishBaloon/Saved/Config/Windows/Scalability.ini]
[2020.02.21-10.46.19:562][  0]LogConfig: Setting CVar [[r.PostProcessAAQuality:4]]
[2020.02.21-10.46.19:562][  0]LogConfig: Applying CVar settings from Section [ShadowQuality@3] File [C:/polanc/UnrealEngine/Fishbaloon/FishBaloon/Saved/Config/Windows/Scalability.ini]
[2020.02.21-10.46.19:562][  0]LogConfig: Setting CVar [[r.LightFunctionQuality:1]]
[2020.02.21-10.46.19:562][  0]LogConfig: Setting CVar [[r.ShadowQuality:5]]
[2020.02.21-10.46.19:562][  0]LogConfig: Setting CVar [[r.Shadow.CSM.MaxCascades:10]]
[2020.02.21-10.46.19:562][  0]LogConfig: Setting CVar [[r.Shadow.MaxResolution:2048]]
[2020.02.21-10.46.19:562][  0]LogConfig: Setting CVar [[r.Shadow.MaxCSMResolution:2048]]
[2020.02.21-10.46.19:562][  0]LogConfig: Setting CVar [[r.Shadow.RadiusThreshold:0.01]]
[2020.02.21-10.46.19:562][  0]LogConfig: Setting CVar [[r.Shadow.DistanceScale:1.0]]
[2020.02.21-10.46.19:563][  0]LogConfig: Setting CVar [[r.Shadow.CSM.TransitionScale:1.0]]
[2020.02.21-10.46.19:563][  0]LogConfig: Setting CVar [[r.Shadow.PreShadowResolutionFactor:1.0]]
[2020.02.21-10.46.19:563][  0]LogConfig: Setting CVar [[r.DistanceFieldShadowing:1]]
[2020.02.21-10.46.19:563][  0]LogConfig: Setting CVar [[r.DistanceFieldAO:1]]
[2020.02.21-10.46.19:563][  0]LogConfig: Setting CVar [[r.AOQuality:2]]
[2020.02.21-10.46.19:563][  0]LogConfig: Setting CVar [[r.VolumetricFog:1]]
[2020.02.21-10.46.19:563][  0]LogConfig: Setting CVar [[r.VolumetricFog.GridPixelSize:8]]
[2020.02.21-10.46.19:563][  0]LogConfig: Setting CVar [[r.VolumetricFog.GridSizeZ:128]]
[2020.02.21-10.46.19:563][  0]LogConfig: Setting CVar [[r.VolumetricFog.HistoryMissSupersampleCount:4]]
[2020.02.21-10.46.19:563][  0]LogConfig: Setting CVar [[r.LightMaxDrawDistanceScale:1]]
[2020.02.21-10.46.19:563][  0]LogConfig: Setting CVar [[r.CapsuleShadows:1]]
[2020.02.21-10.46.19:563][  0]LogConfig: Applying CVar settings from Section [PostProcessQuality@3] File [C:/polanc/UnrealEngine/Fishbaloon/FishBaloon/Saved/Config/Windows/Scalability.ini]
[2020.02.21-10.46.19:563][  0]LogConfig: Setting CVar [[r.MotionBlurQuality:4]]
[2020.02.21-10.46.19:563][  0]LogConfig: Setting CVar [[r.AmbientOcclusionMipLevelFactor:0.4]]
[2020.02.21-10.46.19:563][  0]LogConfig: Setting CVar [[r.AmbientOcclusionMaxQuality:100]]
[2020.02.21-10.46.19:563][  0]LogConfig: Setting CVar [[r.AmbientOcclusionLevels:-1]]
[2020.02.21-10.46.19:563][  0]LogConfig: Setting CVar [[r.AmbientOcclusionRadiusScale:1.0]]
[2020.02.21-10.46.19:563][  0]LogConfig: Setting CVar [[r.DepthOfFieldQuality:2]]
[2020.02.21-10.46.19:563][  0]LogConfig: Setting CVar [[r.RenderTargetPoolMin:400]]
[2020.02.21-10.46.19:563][  0]LogConfig: Setting CVar [[r.LensFlareQuality:2]]
[2020.02.21-10.46.19:563][  0]LogConfig: Setting CVar [[r.SceneColorFringeQuality:1]]
[2020.02.21-10.46.19:563][  0]LogConfig: Setting CVar [[r.EyeAdaptationQuality:2]]
[2020.02.21-10.46.19:563][  0]LogConfig: Setting CVar [[r.BloomQuality:5]]
[2020.02.21-10.46.19:563][  0]LogConfig: Setting CVar [[r.FastBlurThreshold:100]]
[2020.02.21-10.46.19:563][  0]LogConfig: Setting CVar [[r.Upscale.Quality:3]]
[2020.02.21-10.46.19:563][  0]LogConfig: Setting CVar [[r.Tonemapper.GrainQuantization:1]]
[2020.02.21-10.46.19:563][  0]LogConfig: Setting CVar [[r.LightShaftQuality:1]]
[2020.02.21-10.46.19:563][  0]LogConfig: Setting CVar [[r.Filter.SizeScale:1]]
[2020.02.21-10.46.19:563][  0]LogConfig: Setting CVar [[r.Tonemapper.Quality:5]]
[2020.02.21-10.46.19:563][  0]LogConfig: Setting CVar [[r.DOF.Gather.AccumulatorQuality:1        ; higher gathering accumulator quality]]
[2020.02.21-10.46.19:563][  0]LogConfig: Setting CVar [[r.DOF.Gather.PostfilterMethod:1          ; Median3x3 postfilering method]]
[2020.02.21-10.46.19:563][  0]LogConfig: Setting CVar [[r.DOF.Gather.EnableBokehSettings:0       ; no bokeh simulation when gathering]]
[2020.02.21-10.46.19:563][  0]LogConfig: Setting CVar [[r.DOF.Gather.RingCount:4                 ; medium number of samples when gathering]]
[2020.02.21-10.46.19:563][  0]LogConfig: Setting CVar [[r.DOF.Scatter.ForegroundCompositing:1    ; additive foreground scattering]]
[2020.02.21-10.46.19:563][  0]LogConfig: Setting CVar [[r.DOF.Scatter.BackgroundCompositing:2    ; additive background scattering]]
[2020.02.21-10.46.19:563][  0]LogConfig: Setting CVar [[r.DOF.Scatter.EnableBokehSettings:1      ; bokeh simulation when scattering]]
[2020.02.21-10.46.19:563][  0]LogConfig: Setting CVar [[r.DOF.Scatter.MaxSpriteRatio:0.1         ; only a maximum of 10% of scattered bokeh]]
[2020.02.21-10.46.19:563][  0]LogConfig: Setting CVar [[r.DOF.Recombine.Quality:1                ; cheap slight out of focus]]
[2020.02.21-10.46.19:563][  0]LogConfig: Setting CVar [[r.DOF.Recombine.EnableBokehSettings:0    ; no bokeh simulation on slight out of focus]]
[2020.02.21-10.46.19:563][  0]LogConfig: Setting CVar [[r.DOF.TemporalAAQuality:1                ; more stable temporal accumulation]]
[2020.02.21-10.46.19:563][  0]LogConfig: Setting CVar [[r.DOF.Kernel.MaxForegroundRadius:0.025]]
[2020.02.21-10.46.19:563][  0]LogConfig: Setting CVar [[r.DOF.Kernel.MaxBackgroundRadius:0.025]]
[2020.02.21-10.46.19:563][  0]LogConfig: Applying CVar settings from Section [TextureQuality@3] File [C:/polanc/UnrealEngine/Fishbaloon/FishBaloon/Saved/Config/Windows/Scalability.ini]
[2020.02.21-10.46.19:563][  0]LogConfig: Setting CVar [[r.Streaming.MipBias:0]]
[2020.02.21-10.46.19:563][  0]LogConfig: Setting CVar [[r.Streaming.AmortizeCPUToGPUCopy:0]]
[2020.02.21-10.46.19:563][  0]LogConfig: Setting CVar [[r.Streaming.MaxNumTexturesToStreamPerFrame:0]]
[2020.02.21-10.46.19:563][  0]LogConfig: Setting CVar [[r.Streaming.Boost:1]]
[2020.02.21-10.46.19:563][  0]LogConfig: Setting CVar [[r.MaxAnisotropy:8]]
[2020.02.21-10.46.19:563][  0]LogConfig: Setting CVar [[r.VT.MaxAnisotropy:8]]
[2020.02.21-10.46.19:563][  0]LogConfig: Setting CVar [[r.Streaming.LimitPoolSizeToVRAM:0]]
[2020.02.21-10.46.19:563][  0]LogConfig: Setting CVar [[r.Streaming.PoolSize:1000]]
[2020.02.21-10.46.19:563][  0]LogConfig: Setting CVar [[r.Streaming.MaxEffectiveScreenSize:0]]
[2020.02.21-10.46.19:563][  0]LogConfig: Applying CVar settings from Section [EffectsQuality@3] File [C:/polanc/UnrealEngine/Fishbaloon/FishBaloon/Saved/Config/Windows/Scalability.ini]
[2020.02.21-10.46.19:563][  0]LogConfig: Setting CVar [[r.TranslucencyLightingVolumeDim:64]]
[2020.02.21-10.46.19:563][  0]LogConfig: Setting CVar [[r.RefractionQuality:2]]
[2020.02.21-10.46.19:563][  0]LogConfig: Setting CVar [[r.SSR.Quality:3]]
[2020.02.21-10.46.19:563][  0]LogConfig: Setting CVar [[r.SSR.HalfResSceneColor:0]]
[2020.02.21-10.46.19:563][  0]LogConfig: Setting CVar [[r.SceneColorFormat:4]]
[2020.02.21-10.46.19:563][  0]LogConfig: Setting CVar [[r.DetailMode:2]]
[2020.02.21-10.46.19:563][  0]LogConfig: Setting CVar [[r.TranslucencyVolumeBlur:1]]
[2020.02.21-10.46.19:563][  0]LogConfig: Setting CVar [[r.MaterialQualityLevel:1 ; High quality]]
[2020.02.21-10.46.19:563][  0]LogConfig: Setting CVar [[r.SSS.Scale:1]]
[2020.02.21-10.46.19:563][  0]LogConfig: Setting CVar [[r.SSS.SampleSet:2]]
[2020.02.21-10.46.19:563][  0]LogConfig: Setting CVar [[r.SSS.Quality:1]]
[2020.02.21-10.46.19:563][  0]LogConfig: Setting CVar [[r.SSS.HalfRes:1]]
[2020.02.21-10.46.19:563][  0]LogConfig: Setting CVar [[r.SSGI.Quality:3]]
[2020.02.21-10.46.19:563][  0]LogConfig: Setting CVar [[r.EmitterSpawnRateScale:1.0]]
[2020.02.21-10.46.19:563][  0]LogConfig: Setting CVar [[r.ParticleLightQuality:2]]
[2020.02.21-10.46.19:563][  0]LogConfig: Setting CVar [[r.SkyAtmosphere.AerialPerspectiveLUT.FastApplyOnOpaque:1 ; Always have FastSkyLUT 1 in this case to avoid wrong sky]]
[2020.02.21-10.46.19:563][  0]LogConfig: Setting CVar [[r.SkyAtmosphere.AerialPerspectiveLUT.SampleCountPerSlice:1]]
[2020.02.21-10.46.19:563][  0]LogConfig: Setting CVar [[r.SkyAtmosphere.AerialPerspectiveLUT.DepthResolution:16.0]]
[2020.02.21-10.46.19:563][  0]LogConfig: Setting CVar [[r.SkyAtmosphere.FastSkyLUT:1]]
[2020.02.21-10.46.19:564][  0]LogConfig: Setting CVar [[r.SkyAtmosphere.FastSkyLUT.SampleCountMin:4.0]]
[2020.02.21-10.46.19:564][  0]LogConfig: Setting CVar [[r.SkyAtmosphere.FastSkyLUT.SampleCountMax:32.0]]
[2020.02.21-10.46.19:564][  0]LogConfig: Setting CVar [[r.SkyAtmosphere.SampleCountMin:4.0]]
[2020.02.21-10.46.19:564][  0]LogConfig: Setting CVar [[r.SkyAtmosphere.SampleCountMax:32.0]]
[2020.02.21-10.46.19:564][  0]LogConfig: Setting CVar [[r.SkyAtmosphere.TransmittanceLUT.UseSmallFormat:0]]
[2020.02.21-10.46.19:564][  0]LogConfig: Setting CVar [[r.SkyAtmosphere.TransmittanceLUT.SampleCount:10.0]]
[2020.02.21-10.46.19:564][  0]LogConfig: Setting CVar [[r.SkyAtmosphere.MultiScatteringLUT.SampleCount:15.0]]
[2020.02.21-10.46.19:564][  0]LogConfig: Applying CVar settings from Section [FoliageQuality@3] File [C:/polanc/UnrealEngine/Fishbaloon/FishBaloon/Saved/Config/Windows/Scalability.ini]
[2020.02.21-10.46.19:564][  0]LogConfig: Setting CVar [[foliage.DensityScale:1.0]]
[2020.02.21-10.46.19:564][  0]LogConfig: Setting CVar [[grass.DensityScale:1.0]]
[2020.02.21-10.46.19:564][  0]LogConfig: Applying CVar settings from Section [ShadingQuality@3] File [C:/polanc/UnrealEngine/Fishbaloon/FishBaloon/Saved/Config/Windows/Scalability.ini]
[2020.02.21-10.46.19:564][  0]LogConfig: Setting CVar [[r.HairStrands.SkyLighting.SampleCount:16]]
[2020.02.21-10.46.19:564][  0]LogConfig: Setting CVar [[r.HairStrands.SkyLighting.JitterIntegration:0]]
[2020.02.21-10.46.19:564][  0]LogConfig: Setting CVar [[r.HairStrands.SkyAO.SampleCount:16]]
[2020.02.21-10.46.19:564][  0]LogInit: Selected Device Profile: [Windows]
[2020.02.21-10.46.19:564][  0]LogInit: Applying CVar settings loaded from the selected device profile: [Windows]
[2020.02.21-10.46.19:567][  0]LogHAL: Display: Platform has ~ 16 GB [16952545280 / 17179869184 / 16], which maps to Larger [LargestMinGB=32, LargerMinGB=12, DefaultMinGB=8, SmallerMinGB=6, SmallestMinGB=0)
[2020.02.21-10.46.19:567][  0]LogInit: Going up to parent DeviceProfile []
[2020.02.21-10.46.19:567][  0]LogConfig: Applying CVar settings from Section [ViewDistanceQuality@3] File [C:/polanc/UnrealEngine/Fishbaloon/FishBaloon/Saved/Config/Windows/Scalability.ini]
[2020.02.21-10.46.19:567][  0]LogConfig: Setting CVar [[r.SkeletalMeshLODBias:0]]
[2020.02.21-10.46.19:567][  0]LogConfig: Setting CVar [[r.ViewDistanceScale:1.0]]
[2020.02.21-10.46.19:567][  0]LogConfig: Applying CVar settings from Section [AntiAliasingQuality@3] File [C:/polanc/UnrealEngine/Fishbaloon/FishBaloon/Saved/Config/Windows/Scalability.ini]
[2020.02.21-10.46.19:567][  0]LogConfig: Setting CVar [[r.PostProcessAAQuality:4]]
[2020.02.21-10.46.19:567][  0]LogConfig: Applying CVar settings from Section [ShadowQuality@3] File [C:/polanc/UnrealEngine/Fishbaloon/FishBaloon/Saved/Config/Windows/Scalability.ini]
[2020.02.21-10.46.19:567][  0]LogConfig: Setting CVar [[r.LightFunctionQuality:1]]
[2020.02.21-10.46.19:567][  0]LogConfig: Setting CVar [[r.ShadowQuality:5]]
[2020.02.21-10.46.19:567][  0]LogConfig: Setting CVar [[r.Shadow.CSM.MaxCascades:10]]
[2020.02.21-10.46.19:567][  0]LogConfig: Setting CVar [[r.Shadow.MaxResolution:2048]]
[2020.02.21-10.46.19:567][  0]LogConfig: Setting CVar [[r.Shadow.MaxCSMResolution:2048]]
[2020.02.21-10.46.19:567][  0]LogConfig: Setting CVar [[r.Shadow.RadiusThreshold:0.01]]
[2020.02.21-10.46.19:567][  0]LogConfig: Setting CVar [[r.Shadow.DistanceScale:1.0]]
[2020.02.21-10.46.19:567][  0]LogConfig: Setting CVar [[r.Shadow.CSM.TransitionScale:1.0]]
[2020.02.21-10.46.19:567][  0]LogConfig: Setting CVar [[r.Shadow.PreShadowResolutionFactor:1.0]]
[2020.02.21-10.46.19:567][  0]LogConfig: Setting CVar [[r.DistanceFieldShadowing:1]]
[2020.02.21-10.46.19:567][  0]LogConfig: Setting CVar [[r.DistanceFieldAO:1]]
[2020.02.21-10.46.19:567][  0]LogConfig: Setting CVar [[r.AOQuality:2]]
[2020.02.21-10.46.19:567][  0]LogConfig: Setting CVar [[r.VolumetricFog:1]]
[2020.02.21-10.46.19:567][  0]LogConfig: Setting CVar [[r.VolumetricFog.GridPixelSize:8]]
[2020.02.21-10.46.19:567][  0]LogConfig: Setting CVar [[r.VolumetricFog.GridSizeZ:128]]
[2020.02.21-10.46.19:567][  0]LogConfig: Setting CVar [[r.VolumetricFog.HistoryMissSupersampleCount:4]]
[2020.02.21-10.46.19:567][  0]LogConfig: Setting CVar [[r.LightMaxDrawDistanceScale:1]]
[2020.02.21-10.46.19:567][  0]LogConfig: Setting CVar [[r.CapsuleShadows:1]]
[2020.02.21-10.46.19:568][  0]LogConfig: Applying CVar settings from Section [PostProcessQuality@3] File [C:/polanc/UnrealEngine/Fishbaloon/FishBaloon/Saved/Config/Windows/Scalability.ini]
[2020.02.21-10.46.19:568][  0]LogConfig: Setting CVar [[r.MotionBlurQuality:4]]
[2020.02.21-10.46.19:568][  0]LogConfig: Setting CVar [[r.AmbientOcclusionMipLevelFactor:0.4]]
[2020.02.21-10.46.19:568][  0]LogConfig: Setting CVar [[r.AmbientOcclusionMaxQuality:100]]
[2020.02.21-10.46.19:568][  0]LogConfig: Setting CVar [[r.AmbientOcclusionLevels:-1]]
[2020.02.21-10.46.19:568][  0]LogConfig: Setting CVar [[r.AmbientOcclusionRadiusScale:1.0]]
[2020.02.21-10.46.19:568][  0]LogConfig: Setting CVar [[r.DepthOfFieldQuality:2]]
[2020.02.21-10.46.19:568][  0]LogConfig: Setting CVar [[r.RenderTargetPoolMin:400]]
[2020.02.21-10.46.19:568][  0]LogConfig: Setting CVar [[r.LensFlareQuality:2]]
[2020.02.21-10.46.19:568][  0]LogConfig: Setting CVar [[r.SceneColorFringeQuality:1]]
[2020.02.21-10.46.19:568][  0]LogConfig: Setting CVar [[r.EyeAdaptationQuality:2]]
[2020.02.21-10.46.19:568][  0]LogConfig: Setting CVar [[r.BloomQuality:5]]
[2020.02.21-10.46.19:568][  0]LogConfig: Setting CVar [[r.FastBlurThreshold:100]]
[2020.02.21-10.46.19:568][  0]LogConfig: Setting CVar [[r.Upscale.Quality:3]]
[2020.02.21-10.46.19:568][  0]LogConfig: Setting CVar [[r.Tonemapper.GrainQuantization:1]]
[2020.02.21-10.46.19:568][  0]LogConfig: Setting CVar [[r.LightShaftQuality:1]]
[2020.02.21-10.46.19:568][  0]LogConfig: Setting CVar [[r.Filter.SizeScale:1]]
[2020.02.21-10.46.19:568][  0]LogConfig: Setting CVar [[r.Tonemapper.Quality:5]]
[2020.02.21-10.46.19:568][  0]LogConfig: Setting CVar [[r.DOF.Gather.AccumulatorQuality:1        ; higher gathering accumulator quality]]
[2020.02.21-10.46.19:568][  0]LogConfig: Setting CVar [[r.DOF.Gather.PostfilterMethod:1          ; Median3x3 postfilering method]]
[2020.02.21-10.46.19:568][  0]LogConfig: Setting CVar [[r.DOF.Gather.EnableBokehSettings:0       ; no bokeh simulation when gathering]]
[2020.02.21-10.46.19:568][  0]LogConfig: Setting CVar [[r.DOF.Gather.RingCount:4                 ; medium number of samples when gathering]]
[2020.02.21-10.46.19:568][  0]LogConfig: Setting CVar [[r.DOF.Scatter.ForegroundCompositing:1    ; additive foreground scattering]]
[2020.02.21-10.46.19:568][  0]LogConfig: Setting CVar [[r.DOF.Scatter.BackgroundCompositing:2    ; additive background scattering]]
[2020.02.21-10.46.19:568][  0]LogConfig: Setting CVar [[r.DOF.Scatter.EnableBokehSettings:1      ; bokeh simulation when scattering]]
[2020.02.21-10.46.19:568][  0]LogConfig: Setting CVar [[r.DOF.Scatter.MaxSpriteRatio:0.1         ; only a maximum of 10% of scattered bokeh]]
[2020.02.21-10.46.19:568][  0]LogConfig: Setting CVar [[r.DOF.Recombine.Quality:1                ; cheap slight out of focus]]
[2020.02.21-10.46.19:568][  0]LogConfig: Setting CVar [[r.DOF.Recombine.EnableBokehSettings:0    ; no bokeh simulation on slight out of focus]]
[2020.02.21-10.46.19:568][  0]LogConfig: Setting CVar [[r.DOF.TemporalAAQuality:1                ; more stable temporal accumulation]]
[2020.02.21-10.46.19:568][  0]LogConfig: Setting CVar [[r.DOF.Kernel.MaxForegroundRadius:0.025]]
[2020.02.21-10.46.19:568][  0]LogConfig: Setting CVar [[r.DOF.Kernel.MaxBackgroundRadius:0.025]]
[2020.02.21-10.46.19:568][  0]LogConfig: Applying CVar settings from Section [TextureQuality@3] File [C:/polanc/UnrealEngine/Fishbaloon/FishBaloon/Saved/Config/Windows/Scalability.ini]
[2020.02.21-10.46.19:568][  0]LogConfig: Setting CVar [[r.Streaming.MipBias:0]]
[2020.02.21-10.46.19:568][  0]LogConfig: Setting CVar [[r.Streaming.AmortizeCPUToGPUCopy:0]]
[2020.02.21-10.46.19:568][  0]LogConfig: Setting CVar [[r.Streaming.MaxNumTexturesToStreamPerFrame:0]]
[2020.02.21-10.46.19:568][  0]LogConfig: Setting CVar [[r.Streaming.Boost:1]]
[2020.02.21-10.46.19:568][  0]LogConfig: Setting CVar [[r.MaxAnisotropy:8]]
[2020.02.21-10.46.19:568][  0]LogConfig: Setting CVar [[r.VT.MaxAnisotropy:8]]
[2020.02.21-10.46.19:568][  0]LogConfig: Setting CVar [[r.Streaming.LimitPoolSizeToVRAM:0]]
[2020.02.21-10.46.19:568][  0]LogConfig: Setting CVar [[r.Streaming.PoolSize:1000]]
[2020.02.21-10.46.19:568][  0]LogConfig: Setting CVar [[r.Streaming.MaxEffectiveScreenSize:0]]
[2020.02.21-10.46.19:568][  0]LogConfig: Applying CVar settings from Section [EffectsQuality@3] File [C:/polanc/UnrealEngine/Fishbaloon/FishBaloon/Saved/Config/Windows/Scalability.ini]
[2020.02.21-10.46.19:568][  0]LogConfig: Setting CVar [[r.TranslucencyLightingVolumeDim:64]]
[2020.02.21-10.46.19:568][  0]LogConfig: Setting CVar [[r.RefractionQuality:2]]
[2020.02.21-10.46.19:568][  0]LogConfig: Setting CVar [[r.SSR.Quality:3]]
[2020.02.21-10.46.19:568][  0]LogConfig: Setting CVar [[r.SSR.HalfResSceneColor:0]]
[2020.02.21-10.46.19:568][  0]LogConfig: Setting CVar [[r.SceneColorFormat:4]]
[2020.02.21-10.46.19:568][  0]LogConfig: Setting CVar [[r.DetailMode:2]]
[2020.02.21-10.46.19:568][  0]LogConfig: Setting CVar [[r.TranslucencyVolumeBlur:1]]
[2020.02.21-10.46.19:568][  0]LogConfig: Setting CVar [[r.MaterialQualityLevel:1 ; High quality]]
[2020.02.21-10.46.19:568][  0]LogConfig: Setting CVar [[r.SSS.Scale:1]]
[2020.02.21-10.46.19:568][  0]LogConfig: Setting CVar [[r.SSS.SampleSet:2]]
[2020.02.21-10.46.19:568][  0]LogConfig: Setting CVar [[r.SSS.Quality:1]]
[2020.02.21-10.46.19:568][  0]LogConfig: Setting CVar [[r.SSS.HalfRes:1]]
[2020.02.21-10.46.19:568][  0]LogConfig: Setting CVar [[r.SSGI.Quality:3]]
[2020.02.21-10.46.19:568][  0]LogConfig: Setting CVar [[r.EmitterSpawnRateScale:1.0]]
[2020.02.21-10.46.19:568][  0]LogConfig: Setting CVar [[r.ParticleLightQuality:2]]
[2020.02.21-10.46.19:569][  0]LogConfig: Setting CVar [[r.SkyAtmosphere.AerialPerspectiveLUT.FastApplyOnOpaque:1 ; Always have FastSkyLUT 1 in this case to avoid wrong sky]]
[2020.02.21-10.46.19:569][  0]LogConfig: Setting CVar [[r.SkyAtmosphere.AerialPerspectiveLUT.SampleCountPerSlice:1]]
[2020.02.21-10.46.19:569][  0]LogConfig: Setting CVar [[r.SkyAtmosphere.AerialPerspectiveLUT.DepthResolution:16.0]]
[2020.02.21-10.46.19:569][  0]LogConfig: Setting CVar [[r.SkyAtmosphere.FastSkyLUT:1]]
[2020.02.21-10.46.19:569][  0]LogConfig: Setting CVar [[r.SkyAtmosphere.FastSkyLUT.SampleCountMin:4.0]]
[2020.02.21-10.46.19:569][  0]LogConfig: Setting CVar [[r.SkyAtmosphere.FastSkyLUT.SampleCountMax:32.0]]
[2020.02.21-10.46.19:569][  0]LogConfig: Setting CVar [[r.SkyAtmosphere.SampleCountMin:4.0]]
[2020.02.21-10.46.19:569][  0]LogConfig: Setting CVar [[r.SkyAtmosphere.SampleCountMax:32.0]]
[2020.02.21-10.46.19:569][  0]LogConfig: Setting CVar [[r.SkyAtmosphere.TransmittanceLUT.UseSmallFormat:0]]
[2020.02.21-10.46.19:569][  0]LogConfig: Setting CVar [[r.SkyAtmosphere.TransmittanceLUT.SampleCount:10.0]]
[2020.02.21-10.46.19:569][  0]LogConfig: Setting CVar [[r.SkyAtmosphere.MultiScatteringLUT.SampleCount:15.0]]
[2020.02.21-10.46.19:569][  0]LogConfig: Applying CVar settings from Section [FoliageQuality@3] File [C:/polanc/UnrealEngine/Fishbaloon/FishBaloon/Saved/Config/Windows/Scalability.ini]
[2020.02.21-10.46.19:569][  0]LogConfig: Setting CVar [[foliage.DensityScale:1.0]]
[2020.02.21-10.46.19:569][  0]LogConfig: Setting CVar [[grass.DensityScale:1.0]]
[2020.02.21-10.46.19:569][  0]LogConfig: Applying CVar settings from Section [ShadingQuality@3] File [C:/polanc/UnrealEngine/Fishbaloon/FishBaloon/Saved/Config/Windows/Scalability.ini]
[2020.02.21-10.46.19:569][  0]LogConfig: Setting CVar [[r.HairStrands.SkyLighting.SampleCount:16]]
[2020.02.21-10.46.19:569][  0]LogConfig: Setting CVar [[r.HairStrands.SkyLighting.JitterIntegration:0]]
[2020.02.21-10.46.19:569][  0]LogConfig: Setting CVar [[r.HairStrands.SkyAO.SampleCount:16]]
[2020.02.21-10.46.19:569][  0]LogConfig: Applying CVar settings from Section [Startup] File [../../../Engine/Config/ConsoleVariables.ini]
[2020.02.21-10.46.19:569][  0]LogConfig: Setting CVar [[net.UseAdaptiveNetUpdateFrequency:0]]
[2020.02.21-10.46.19:570][  0]LogConfig: Setting CVar [[p.chaos.AllowCreatePhysxBodies:1]]
[2020.02.21-10.46.19:570][  0]LogConfig: Applying CVar settings from Section [ConsoleVariables] File [C:/polanc/UnrealEngine/Fishbaloon/FishBaloon/Saved/Config/Windows/Engine.ini]
[2020.02.21-10.46.19:570][  0]LogInit: Computer: SC-UIL-PR-02
[2020.02.21-10.46.19:570][  0]LogInit: User: uil
[2020.02.21-10.46.19:570][  0]LogInit: CPU Page size=4096, Cores=4
[2020.02.21-10.46.19:570][  0]LogInit: High frequency timer resolution =2.742187 MHz
[2020.02.21-10.46.19:570][  0]LogMemory: Memory total: Physical=15.8GB (16GB approx)
[2020.02.21-10.46.19:570][  0]LogMemory: Platform Memory Stats for Windows
[2020.02.21-10.46.19:570][  0]LogMemory: Process Physical Memory: 105.07 MB used, 105.07 MB peak
[2020.02.21-10.46.19:570][  0]LogMemory: Process Virtual Memory: 100.64 MB used, 100.64 MB peak
[2020.02.21-10.46.19:570][  0]LogMemory: Physical Memory: 7111.65 MB used,  9055.55 MB free, 16167.21 MB total
[2020.02.21-10.46.19:570][  0]LogMemory: Virtual Memory: 5160.76 MB used,  134212568.00 MB free, 134217728.00 MB total
[2020.02.21-10.46.19:573][  0]LogWindows: WindowsPlatformFeatures enabled
[2020.02.21-10.46.19:593][  0]LogInit: Using OS detected language (sl-SI).
[2020.02.21-10.46.19:593][  0]LogInit: Using OS detected locale (sl-SI).
[2020.02.21-10.46.19:594][  0]LogTextLocalizationManager: No localization for 'sl-SI' exists, so 'en' will be used for the language.
[2020.02.21-10.46.19:838][  0]LogInit: Setting process to per monitor DPI aware
[2020.02.21-10.46.19:866][  0]LogSlate: New Slate User Created.  User Index 0, Is Virtual User: 0
[2020.02.21-10.46.19:866][  0]LogSlate: Slate User Registered.  User Index 0, Is Virtual User: 0
[2020.02.21-10.46.20:065][  0]LogHMD: Failed to initialize OpenVR with code 110
[2020.02.21-10.46.20:065][  0]LogD3D11RHI: D3D11 min allowed feature level: 11_0
[2020.02.21-10.46.20:065][  0]LogD3D11RHI: D3D11 max allowed feature level: 11_0
[2020.02.21-10.46.20:065][  0]LogD3D11RHI: D3D11 adapters:
[2020.02.21-10.46.20:133][  0]LogD3D11RHI:    0. 'NVIDIA Quadro M1200' (Feature Level 11_0)
[2020.02.21-10.46.20:133][  0]LogD3D11RHI:       4062/0/8083 MB DedicatedVideo/DedicatedSystem/SharedSystem, Outputs:1, VendorId:0x10de
[2020.02.21-10.46.20:156][  0]LogD3D11RHI:    1. 'Intel(R) HD Graphics 630' (Feature Level 11_0)
[2020.02.21-10.46.20:156][  0]LogD3D11RHI:       128/0/8083 MB DedicatedVideo/DedicatedSystem/SharedSystem, Outputs:0, VendorId:0x8086
[2020.02.21-10.46.20:159][  0]LogD3D11RHI:    2. 'Microsoft Basic Render Driver' (Feature Level 11_0)
[2020.02.21-10.46.20:159][  0]LogD3D11RHI:       0/0/8083 MB DedicatedVideo/DedicatedSystem/SharedSystem, Outputs:0, VendorId:0x1414
[2020.02.21-10.46.20:159][  0]LogD3D11RHI: Chosen D3D11 Adapter: 0
[2020.02.21-10.46.20:200][  0]LogD3D11RHI: Creating new Direct3DDevice
[2020.02.21-10.46.20:200][  0]LogD3D11RHI:     GPU DeviceId: 0x13b6 (for the marketing name, search the web for "GPU Device Id")
[2020.02.21-10.46.20:200][  0]LogWindows: EnumDisplayDevices:
[2020.02.21-10.46.20:200][  0]LogWindows:    0. 'Intel(R) HD Graphics 630' (P:1 D:1)
[2020.02.21-10.46.20:201][  0]LogWindows:    1. 'Intel(R) HD Graphics 630' (P:0 D:0)
[2020.02.21-10.46.20:201][  0]LogWindows:    2. 'Intel(R) HD Graphics 630' (P:0 D:0)
[2020.02.21-10.46.20:202][  0]LogWindows:    3. 'NVIDIA Quadro M1200' (P:0 D:0)
[2020.02.21-10.46.20:202][  0]LogWindows:    4. 'NVIDIA Quadro M1200' (P:0 D:0)
[2020.02.21-10.46.20:202][  0]LogWindows:    5. 'NVIDIA Quadro M1200' (P:0 D:0)
[2020.02.21-10.46.20:203][  0]LogWindows:    6. 'NVIDIA Quadro M1200' (P:0 D:0)
[2020.02.21-10.46.20:203][  0]LogWindows: DebugString: PrimaryIsNotTheChoosenAdapter PrimaryIsNotTheChoosenAdapter PrimaryIsNotTheChoosenAdapter FoundDriverCount:4 
[2020.02.21-10.46.20:203][  0]LogD3D11RHI:     Adapter Name: NVIDIA Quadro M1200
[2020.02.21-10.46.20:203][  0]LogD3D11RHI:   Driver Version: 385.73 (internal:22.21.13.8573, unified:385.73)
[2020.02.21-10.46.20:203][  0]LogD3D11RHI:      Driver Date: 9-25-2017
[2020.02.21-10.46.20:203][  0]LogRHI: Texture pool is 2843 MB (70% of 4062 MB)
[2020.02.21-10.46.20:244][  0]LogD3D11RHI: RHI does not have support for 64 bit atomics
[2020.02.21-10.46.20:244][  0]LogD3D11RHI: Async texture creation enabled
[2020.02.21-10.46.20:258][  0]LogD3D11RHI: GPU Timing Frequency: 1000.000000 (Debug: 2 1)
[2020.02.21-10.46.20:557][  0]LogTargetPlatformManager: Display: Loaded TargetPlatform 'AllDesktop'
[2020.02.21-10.46.20:587][  0]LogTargetPlatformManager: Display: Loaded TargetPlatform 'Android'
[2020.02.21-10.46.20:587][  0]LogTargetPlatformManager: Display: Loaded TargetPlatform 'Android_ASTC'
[2020.02.21-10.46.20:587][  0]LogTargetPlatformManager: Display: Loaded TargetPlatform 'Android_ATC'
[2020.02.21-10.46.20:587][  0]LogTargetPlatformManager: Display: Loaded TargetPlatform 'Android_DXT'
[2020.02.21-10.46.20:587][  0]LogTargetPlatformManager: Display: Loaded TargetPlatform 'Android_ETC1'
[2020.02.21-10.46.20:587][  0]LogTargetPlatformManager: Display: Loaded TargetPlatform 'Android_ETC1a'
[2020.02.21-10.46.20:587][  0]LogTargetPlatformManager: Display: Loaded TargetPlatform 'Android_ETC2'
[2020.02.21-10.46.20:587][  0]LogTargetPlatformManager: Display: Loaded TargetPlatform 'Android_PVRTC'
[2020.02.21-10.46.20:587][  0]LogTargetPlatformManager: Display: Loaded TargetPlatform 'AndroidClient'
[2020.02.21-10.46.20:587][  0]LogTargetPlatformManager: Display: Loaded TargetPlatform 'Android_ASTCClient'
[2020.02.21-10.46.20:587][  0]LogTargetPlatformManager: Display: Loaded TargetPlatform 'Android_ATCClient'
[2020.02.21-10.46.20:587][  0]LogTargetPlatformManager: Display: Loaded TargetPlatform 'Android_DXTClient'
[2020.02.21-10.46.20:587][  0]LogTargetPlatformManager: Display: Loaded TargetPlatform 'Android_ETC1Client'
[2020.02.21-10.46.20:587][  0]LogTargetPlatformManager: Display: Loaded TargetPlatform 'Android_ETC1aClient'
[2020.02.21-10.46.20:587][  0]LogTargetPlatformManager: Display: Loaded TargetPlatform 'Android_ETC2Client'
[2020.02.21-10.46.20:587][  0]LogTargetPlatformManager: Display: Loaded TargetPlatform 'Android_PVRTCClient'
[2020.02.21-10.46.20:587][  0]LogTargetPlatformManager: Display: Loaded TargetPlatform 'Android_Multi'
[2020.02.21-10.46.20:587][  0]LogTargetPlatformManager: Display: Loaded TargetPlatform 'Android_MultiClient'
[2020.02.21-10.46.20:605][  0]LogTargetPlatformManager: Display: Loaded TargetPlatform 'IOSClient'
[2020.02.21-10.46.20:605][  0]LogTargetPlatformManager: Display: Loaded TargetPlatform 'IOS'
[2020.02.21-10.46.20:612][  0]LogTargetPlatformManager: Display: Loaded TargetPlatform 'LinuxNoEditor'
[2020.02.21-10.46.20:619][  0]LogTargetPlatformManager: Display: Loaded TargetPlatform 'LinuxClient'
[2020.02.21-10.46.20:625][  0]LogTargetPlatformManager: Display: Loaded TargetPlatform 'LinuxServer'
[2020.02.21-10.46.20:632][  0]LogTargetPlatformManager: Display: Loaded TargetPlatform 'LinuxAArch64NoEditor'
[2020.02.21-10.46.20:639][  0]LogTargetPlatformManager: Display: Loaded TargetPlatform 'LinuxAArch64Client'
[2020.02.21-10.46.20:646][  0]LogTargetPlatformManager: Display: Loaded TargetPlatform 'LinuxAArch64Server'
[2020.02.21-10.46.20:668][  0]LogTargetPlatformManager: Display: Loaded TargetPlatform 'Lumin'
[2020.02.21-10.46.20:668][  0]LogTargetPlatformManager: Display: Loaded TargetPlatform 'LuminClient'
[2020.02.21-10.46.20:682][  0]LogTargetPlatformManager: Display: Loaded TargetPlatform 'TVOSClient'
[2020.02.21-10.46.20:682][  0]LogTargetPlatformManager: Display: Loaded TargetPlatform 'TVOS'
[2020.02.21-10.46.20:698][  0]LogTargetPlatformManager: Display: Loaded TargetPlatform 'WindowsNoEditor'
[2020.02.21-10.46.20:706][  0]LogTargetPlatformManager: Display: Loaded TargetPlatform 'Windows'
[2020.02.21-10.46.20:713][  0]LogTargetPlatformManager: Display: Loaded TargetPlatform 'WindowsClient'
[2020.02.21-10.46.20:720][  0]LogTargetPlatformManager: Display: Loaded TargetPlatform 'WindowsServer'
[2020.02.21-10.46.20:720][  0]LogTargetPlatformManager: Display: Building Assets For Windows
[2020.02.21-10.46.20:726][  0]LogAudioDebug: Display: Lib vorbis DLL was dynamically loaded.
[2020.02.21-10.46.20:751][  0]LogShaderCompilers: Guid format shader working directory is -15 characters bigger than the processId version (../../../../../../polanc/UnrealEngine/Fishbaloon/FishBaloon/Intermediate/Shaders/WorkingDirectory/5360/).
[2020.02.21-10.46.20:751][  0]LogShaderCompilers: Cleaned the shader compiler working directory 'C:/Users/uil/AppData/Local/Temp/UnrealShaderWorkingDir/2FC770CE43B178AB3A2FD89A353C7E98/'.
[2020.02.21-10.46.20:754][  0]LogXGEController: Cannot use XGE Controller as Incredibuild is not installed on this machine.
[2020.02.21-10.46.20:754][  0]LogShaderCompilers: Cannot use XGE Shader Compiler as Incredibuild is not installed on this machine.
[2020.02.21-10.46.20:754][  0]LogShaderCompilers: Display: Using Local Shader Compiler.
[2020.02.21-10.46.21:454][  0]LogDerivedDataCache: Display: Max Cache Size: 512 MB
[2020.02.21-10.46.21:521][  0]LogDerivedDataCache: Loaded boot cache 0.07s 99MB C:/Users/uil/AppData/Local/UnrealEngine/4.24/DerivedDataCache/Boot.ddc.
[2020.02.21-10.46.21:522][  0]LogDerivedDataCache: Display: Loaded Boot cache: C:/Users/uil/AppData/Local/UnrealEngine/4.24/DerivedDataCache/Boot.ddc
[2020.02.21-10.46.21:522][  0]LogDerivedDataCache: FDerivedDataBackendGraph:  Pak pak cache file ../../../../../../polanc/UnrealEngine/Fishbaloon/FishBaloon/DerivedDataCache/DDC.ddp not found, will not use a pak cache.
[2020.02.21-10.46.21:522][  0]LogDerivedDataCache: Unable to find inner node Pak for hierarchical cache Hierarchy.
[2020.02.21-10.46.21:522][  0]LogDerivedDataCache: FDerivedDataBackendGraph:  CompressedPak pak cache file ../../../../../../polanc/UnrealEngine/Fishbaloon/FishBaloon/DerivedDataCache/Compressed.ddp not found, will not use a pak cache.
[2020.02.21-10.46.21:522][  0]LogDerivedDataCache: Unable to find inner node CompressedPak for hierarchical cache Hierarchy.
[2020.02.21-10.46.21:533][  0]LogDerivedDataCache: Display: Pak cache opened for reading ../../../Engine/DerivedDataCache/Compressed.ddp.
[2020.02.21-10.46.21:533][  0]LogDerivedDataCache: FDerivedDataBackendGraph:  EnterprisePak pak cache file ../../../Enterprise/DerivedDataCache/Compressed.ddp not found, will not use a pak cache.
[2020.02.21-10.46.21:533][  0]LogDerivedDataCache: Unable to find inner node EnterprisePak for hierarchical cache Hierarchy.
[2020.02.21-10.46.21:534][  0]LogDerivedDataCache: Using Local data cache path C:/Users/uil/AppData/Local/UnrealEngine/Common/DerivedDataCache: Writable
[2020.02.21-10.46.21:534][  0]LogDerivedDataCache: Shared data cache path not found in *engine.ini, will not use an Shared cache.
[2020.02.21-10.46.21:534][  0]LogDerivedDataCache: Unable to find inner node Shared for hierarchical cache Hierarchy.
[2020.02.21-10.46.21:562][  0]LogMaterial: Verifying Global Shaders for PCD3D_SM5
[2020.02.21-10.46.21:564][  0]LogSlate: Using FreeType 2.10.0
[2020.02.21-10.46.21:565][  0]LogSlate: SlateFontServices - WITH_FREETYPE: 1, WITH_HARFBUZZ: 1
[2020.02.21-10.46.21:617][  0]LogAssetRegistry: FAssetRegistry took 0.0023 seconds to start up
[2020.02.21-10.46.21:908][  0]LogInit: Selected Device Profile: [Windows]
[2020.02.21-10.46.22:065][  0]LogMeshReduction: Using QuadricMeshReduction for automatic static mesh reduction
[2020.02.21-10.46.22:065][  0]LogMeshReduction: Using SimplygonMeshReduction for automatic skeletal mesh reduction
[2020.02.21-10.46.22:065][  0]LogMeshReduction: Using ProxyLODMeshReduction for automatic mesh merging
[2020.02.21-10.46.22:065][  0]LogMeshReduction: No distributed automatic mesh merging module available
[2020.02.21-10.46.22:065][  0]LogMeshMerging: No distributed automatic mesh merging module available
[2020.02.21-10.46.22:077][  0]LogNetVersion: FishBaloon 1.0.0, NetCL: 10570792, EngineNetVer: 13, GameNetVer: 0 (Checksum: 472034395)
[2020.02.21-10.46.23:114][  0]LogPackageLocalizationCache: Processed 10 localized package path(s) for 1 prioritized culture(s) in 0.044302 seconds
[2020.02.21-10.46.23:121][  0]LogUObjectArray: 46750 objects as part of root set at end of initial load.
[2020.02.21-10.46.23:122][  0]LogUObjectAllocator: 8137160 out of 0 bytes used by permanent object pool.
[2020.02.21-10.46.23:122][  0]LogUObjectArray: CloseDisregardForGC: 0/0 objects in disregard for GC pool
[2020.02.21-10.46.23:533][  0]LogTcpMessaging: Initializing TcpMessaging bridge
[2020.02.21-10.46.23:536][  0]LogUdpMessaging: Initializing bridge on interface 0.0.0.0:0 to multicast group 230.0.0.1:6666.
[2020.02.21-10.46.23:587][  0]SourceControl: Source control is disabled
[2020.02.21-10.46.23:587][  0]SourceControl: Source control is disabled
[2020.02.21-10.46.23:588][  0]SourceControl: Source control is disabled
[2020.02.21-10.46.23:589][  0]SourceControl: Source control is disabled
[2020.02.21-10.46.23:590][  0]SourceControl: Source control is disabled
[2020.02.21-10.46.23:678][  0]LogAndroidPermission: UAndroidPermissionCallbackProxy::GetInstance
[2020.02.21-10.46.23:688][  0]LogAudioCaptureCore: Display: No Audio Capture implementations found. Audio input will be silent.
[2020.02.21-10.46.23:688][  0]LogAudioCaptureCore: Display: No Audio Capture implementations found. Audio input will be silent.
[2020.02.21-10.46.23:776][  0]LogOcInput: OculusInput pre-init called
[2020.02.21-10.46.23:783][  0]LogWindows: Failed to load 'OVRPlugin.dll' (GetLastError=126)
[2020.02.21-10.46.23:783][  0]LogWindows: File 'OVRPlugin.dll' does not exist
[2020.02.21-10.46.23:851][  0]LogEngine: Initializing Engine...
[2020.02.21-10.46.23:852][  0]LogHMD: Failed to initialize OpenVR with code 110
[2020.02.21-10.46.23:853][  0]LogStats: UGameplayTagsManager::InitializeManager -  0.000 s
[2020.02.21-10.46.24:203][  0]LogInit: Initializing FReadOnlyCVARCache
[2020.02.21-10.46.24:209][  0]LogAIModule: Creating AISystem for world Untitled
[2020.02.21-10.46.24:227][  0]LogAudioMixer: Display: Audio Mixer Platform Settings:
[2020.02.21-10.46.24:227][  0]LogAudioMixer: Display: 	Sample Rate:						  48000
[2020.02.21-10.46.24:227][  0]LogAudioMixer: Display: 	Callback Buffer Frame Size Requested: 1024
[2020.02.21-10.46.24:227][  0]LogAudioMixer: Display: 	Callback Buffer Frame Size To Use:	  1024
[2020.02.21-10.46.24:227][  0]LogAudioMixer: Display: 	Number of buffers to queue:			  2
[2020.02.21-10.46.24:227][  0]LogAudioMixer: Display: 	Max Channels (voices):				  32
[2020.02.21-10.46.24:227][  0]LogAudioMixer: Display: 	Number of Async Source Workers:		  0
[2020.02.21-10.46.24:227][  0]LogAudio: Display: AudioDevice MaxSources: 32
[2020.02.21-10.46.24:227][  0]LogAudio: Display: Using built-in audio occlusion.
[2020.02.21-10.46.24:227][  0]LogAudioMixer: Display: Initializing audio mixer.
[2020.02.21-10.46.24:238][  0]LogAudioMixer: Display: Audio Device Output Speaker Info:
[2020.02.21-10.46.24:238][  0]LogAudioMixer: Display: Name: Zvočnik (Conexant ISST Audio)
[2020.02.21-10.46.24:238][  0]LogAudioMixer: Display: Is Default: Yes
[2020.02.21-10.46.24:238][  0]LogAudioMixer: Display: Sample Rate: 48000
[2020.02.21-10.46.24:238][  0]LogAudioMixer: Display: Channel Count Used: 2
[2020.02.21-10.46.24:238][  0]LogAudioMixer: Display: Device Channel Count: 2
[2020.02.21-10.46.24:238][  0]LogAudioMixer: Display: Channel Order:
[2020.02.21-10.46.24:238][  0]LogAudioMixer: Display: 0: FrontLeft
[2020.02.21-10.46.24:238][  0]LogAudioMixer: Display: 1: FrontRight
[2020.02.21-10.46.24:533][  0]LogAudioMixer: Display: Using Audio Device Zvočnik (Conexant ISST Audio)
[2020.02.21-10.46.24:538][  0]LogInit: FAudioDevice initialized.
[2020.02.21-10.46.24:539][  0]LogNetVersion: Set ProjectVersion to 1.0.0.0. Version Checksum will be recalculated on next use.
[2020.02.21-10.46.24:601][  0]LogDerivedDataCache: Saved boot cache 0.06s 99MB C:/Users/uil/AppData/Local/UnrealEngine/4.24/DerivedDataCache/Boot.ddc.
[2020.02.21-10.46.24:612][  0]LogInit: Texture streaming: Enabled
[2020.02.21-10.46.24:622][  0]LogEngineSessionManager: EngineSessionManager initialized
[2020.02.21-10.46.24:622][  0]LogEditorSessionSummary: Verbose: Initializing EditorSessionSummaryWriter for editor session tracking
[2020.02.21-10.46.24:625][  0]LogEditorSessionSummary: EditorSessionSummaryWriter initialized
[2020.02.21-10.46.24:687][  0]LogInit: Transaction tracking system initialized
[2020.02.21-10.46.24:698][  0]BlueprintLog: New page: Editor Load
[2020.02.21-10.46.24:729][  0]LocalizationService: Localization service is disabled
[2020.02.21-10.46.25:053][  0]LogFileCache: Scanning file cache for directory 'C:/polanc/UnrealEngine/Fishbaloon/FishBaloon/Content/' took 0.01s
[2020.02.21-10.46.25:053][  0]LogCook: Display: Max memory allowance for cook 16384mb min free memory 0mb
[2020.02.21-10.46.25:054][  0]LogCook: Display: Mobile HDR setting 1
[2020.02.21-10.46.25:716][  0]SourceControl: Source control is disabled
[2020.02.21-10.46.25:716][  0]Cmd: MAP LOAD FILE="../../../../../../polanc/UnrealEngine/Fishbaloon/FishBaloon/Content/Level/Baselevel.umap" TEMPLATE=0 SHOWPROGRESS=1 FEATURELEVEL=3
[2020.02.21-10.46.25:717][  0]LightingResults: New page: Lighting Build
[2020.02.21-10.46.25:719][  0]LogWorld: UWorld::CleanupWorld for Untitled, bSessionEnded=true, bCleanupResources=true
[2020.02.21-10.46.25:719][  0]LogSlate: InvalidateAllWidgets triggered.  All widgets were invalidated
[2020.02.21-10.46.25:719][  0]MapCheck: New page: Map Check
[2020.02.21-10.46.25:719][  0]LightingResults: New page: Lighting Build
[2020.02.21-10.46.25:746][  0]LogUObjectHash: Compacting FUObjectHashTables data took   1.59ms
[2020.02.21-10.46.26:118][  0]LogMaterial: Display: Missing cached shader map for material Material, compiling. 
[2020.02.21-10.46.26:188][  0]LogShaderCompilers: Display: Worker (1/5): shaders left to compile 29
[2020.02.21-10.46.26:188][  0]LogShaderCompilers: Display: Worker (2/5): shaders left to compile 23
[2020.02.21-10.46.26:188][  0]LogShaderCompilers: Display: Worker (3/5): shaders left to compile 17
[2020.02.21-10.46.26:188][  0]LogShaderCompilers: Display: Worker (4/5): shaders left to compile 11
[2020.02.21-10.46.26:188][  0]LogShaderCompilers: Display: Worker (5/5): shaders left to compile 5
[2020.02.21-10.46.26:188][  0]LogMaterial: Display: Missing cached shader map for material Body, compiling. 
[2020.02.21-10.46.26:206][  0]LogMaterial: Display: Missing cached shader map for material BLK, compiling. 
[2020.02.21-10.46.26:245][  0]LogMaterial: Display: Missing cached shader map for material kocke, compiling. 
[2020.02.21-10.46.26:268][  0]LogMaterial: Display: Missing cached shader map for material terrain, compiling. 
[2020.02.21-10.46.26:306][  0]LogMaterial: Display: Missing cached shader map for material green, compiling. 
[2020.02.21-10.46.26:334][  0]LogSkeletalMesh: Building Skeletal Mesh Balun...
[2020.02.21-10.46.26:438][  0]LogSkeletalMesh: Section 0: 1485 vertices, 2 active bones
[2020.02.21-10.46.26:438][  0]LogSkeletalMesh: Section 0: Material=0, 2651 triangles
[2020.02.21-10.46.26:445][  0]LogSkeletalMesh: Built Skeletal Mesh [0.11s] /Game/Mesh/Balun.Balun
[2020.02.21-10.46.26:454][  0]LogMaterial: Display: Missing cached shader map for material Iris, compiling. 
[2020.02.21-10.46.26:487][  0]LogMaterial: Display: Missing cached shader map for material Eyes, compiling. 
[2020.02.21-10.46.26:504][  0]LogMaterial: Display: Missing cached shader map for material Tla, compiling. 
[2020.02.21-10.46.26:548][  0]LogAIModule: Creating AISystem for world Baselevel
[2020.02.21-10.46.26:607][  0]LogEditorServer: Finished looking for orphan Actors (0.000 secs)
[2020.02.21-10.46.26:643][  0]LogUObjectHash: Compacting FUObjectHashTables data took   3.67ms
[2020.02.21-10.46.26:643][  0]Cmd: MAP CHECKDEP NOCLEARLOG
[2020.02.21-10.46.26:644][  0]MapCheck: Map check complete: 0 Error(s), 0 Warning(s), took 0,156ms to complete.
[2020.02.21-10.46.26:644][  0]LogFileHelpers: Loading map 'Baselevel' took 0.927
[2020.02.21-10.46.26:854][  0]LogSlate: Updating window title bar state: overlay mode, drag disabled, window buttons hidden, title bar hidden
[2020.02.21-10.46.26:870][  0]LogSlate: Updating window title bar state: overlay mode, drag disabled, window buttons hidden, title bar hidden
[2020.02.21-10.46.26:884][  0]LogSlate: Updating window title bar state: overlay mode, drag disabled, window buttons hidden, title bar hidden
[2020.02.21-10.46.26:899][  0]LogSlate: Updating window title bar state: overlay mode, drag disabled, window buttons hidden, title bar hidden
[2020.02.21-10.46.26:916][  0]LogCollectionManager: Loaded 0 collections in 0.004303 seconds
[2020.02.21-10.46.26:940][  0]LogFileCache: Scanning file cache for directory 'C:/polanc/UnrealEngine/Fishbaloon/FishBaloon/Saved/Collections/' took 0.00s
[2020.02.21-10.46.26:940][  0]LogFileCache: Scanning file cache for directory 'C:/polanc/UnrealEngine/Fishbaloon/FishBaloon/Content/Developers/uil/Collections/' took 0.00s
[2020.02.21-10.46.26:940][  0]LogFileCache: Scanning file cache for directory 'C:/polanc/UnrealEngine/Fishbaloon/FishBaloon/Content/Collections/' took 0.00s
[2020.02.21-10.46.26:940][  0]LogContentBrowser: Native class hierarchy populated in 0.0135 seconds. Added 3015 classes and 717 folders.
[2020.02.21-10.46.26:945][  0]LogContentBrowser: Native class hierarchy updated for 'WidgetCarousel' in 0.0003 seconds. Added 0 classes and 0 folders.
[2020.02.21-10.46.27:468][  0]LogContentBrowser: Native class hierarchy updated for 'AddContentDialog' in 0.0004 seconds. Added 0 classes and 0 folders.
[2020.02.21-10.46.27:515][  0]LogContentBrowser: Native class hierarchy updated for 'SceneOutliner' in 0.0004 seconds. Added 2 classes and 3 folders.
[2020.02.21-10.46.27:709][  0]LogSlate: Took 0.000228 seconds to synchronously load lazily loaded font '../../../Engine/Content/Slate/Fonts/Roboto-Regular.ttf' (155K)
[2020.02.21-10.46.27:712][  0]LogSlate: Took 0.000228 seconds to synchronously load lazily loaded font '../../../Engine/Content/Slate/Fonts/Roboto-Bold.ttf' (160K)
[2020.02.21-10.46.27:729][  0]LogSlate: Took 0.009186 seconds to synchronously load lazily loaded font '../../../Engine/Content/Editor/Slate/Fonts/FontAwesome.ttf' (139K)
[2020.02.21-10.46.27:927][  0]LogRenderer: Reallocating scene render targets to support 1208x572 Format 10 NumSamples 1 (Frame:1).
[2020.02.21-10.46.28:158][  0]LogContentBrowser: Native class hierarchy updated for 'HierarchicalLODOutliner' in 0.0004 seconds. Added 0 classes and 0 folders.
[2020.02.21-10.46.28:158][  0]LogLoad: (Engine Initialization) Total time: 10.25 seconds
[2020.02.21-10.46.28:158][  0]LogLoad: (Engine Initialization) Total Blueprint compile time: 0.00 seconds
[2020.02.21-10.46.28:177][  0]LogWindowsTextInputMethodSystem: Display: IME system now deactivated.
[2020.02.21-10.46.28:213][  0]LogContentStreaming: Texture pool size now 1000 MB
[2020.02.21-10.46.28:259][  0]LogSlate: Took 0.007929 seconds to synchronously load lazily loaded font '../../../Engine/Content/Slate/Fonts/Roboto-Light.ttf' (167K)
[2020.02.21-10.46.28:284][  1]LogFileCache: Retrieving MD5 hashes for directory 'C:/polanc/UnrealEngine/Fishbaloon/FishBaloon/Content/' took 0.10s
[2020.02.21-10.46.29:252][ 38]LogSlate: Took 0.000225 seconds to synchronously load lazily loaded font '../../../Engine/Content/Slate/Fonts/Roboto-Light.ttf' (167K)
[2020.02.21-10.46.29:449][ 40]LogShaderCompilers: Display: Worker (3/5): shaders left to compile 144
[2020.02.21-10.46.29:545][ 42]LogShaderCompilers: Display: Worker (1/5): shaders left to compile 134
[2020.02.21-10.46.30:184][ 71]LogShaderCompilers: Display: Worker (2/5): shaders left to compile 124
[2020.02.21-10.46.30:201][ 72]LogShaderCompilers: Display: Worker (4/5): shaders left to compile 114
[2020.02.21-10.46.32:191][178]LogAssetRegistry: Asset discovery search completed in 10.5666 seconds
[2020.02.21-10.46.32:197][178]LogCollectionManager: Fixed up redirectors for 0 collections in 0.000012 seconds (updated 0 objects)
[2020.02.21-10.46.33:882][276]LogShaderCompilers: Display: Worker (1/5): shaders left to compile 104
[2020.02.21-10.46.34:626][320]LogShaderCompilers: Display: Worker (3/5): shaders left to compile 94
[2020.02.21-10.46.35:261][358]LogShaderCompilers: Display: Worker (2/5): shaders left to compile 84
[2020.02.21-10.46.35:352][364]LogShaderCompilers: Display: Worker (4/5): shaders left to compile 74
[2020.02.21-10.46.36:390][423]LogAssetEditorSubsystem: Opening Asset editor for Blueprint /Game/Blueprints/BP_Character.BP_Character
[2020.02.21-10.46.36:676][423]LogContentBrowser: Native class hierarchy updated for 'BlueprintGraph' in 0.0008 seconds. Added 121 classes and 0 folders.
[2020.02.21-10.46.37:806][423]LogShaderCompilers: Display: Worker (1/5): shaders left to compile 64
[2020.02.21-10.46.38:005][423]LogAssetEditorSubsystem: Opening Asset editor for Blueprint /Game/Blueprints/BP_bomba.BP_bomba
[2020.02.21-10.46.38:555][423]LogAssetEditorSubsystem: Opening Asset editor for SkeletalMesh /Game/Mesh/Balun.Balun
[2020.02.21-10.46.38:600][423]LogContentBrowser: Native class hierarchy updated for 'SkeletonEditor' in 0.0003 seconds. Added 1 classes and 2 folders.
[2020.02.21-10.46.38:858][423]LogActorComponent: RegisterComponentWithWorld: (/Engine/Transient.World_13:PersistentLevel.AnimationEditorPreviewActor_0.DebugSkelMeshComponent_0) Already registered. Aborting.
[2020.02.21-10.46.38:860][423]LogContentBrowser: Native class hierarchy updated for 'PinnedCommandList' in 0.0004 seconds. Added 1 classes and 0 folders.
[2020.02.21-10.46.38:918][423]LogSkeletalMesh: USkeletalMeshComponent::InitArticulated : Bodies already created (/Engine/Transient.World_13:PersistentLevel.AnimationEditorPreviewActor_0.DebugSkelMeshComponent_0) - call TermArticulated first.
[2020.02.21-10.46.39:138][423]LogShaderCompilers: Display: Worker (3/5): shaders left to compile 54
[2020.02.21-10.46.39:204][423]LogAssetEditorSubsystem: Opening Asset editor for PhysicsAsset /Game/Mesh/Balun_PhysicsAsset.Balun_PhysicsAsset
[2020.02.21-10.46.39:249][423]LogContentBrowser: Native class hierarchy updated for 'PhysicsAssetEditor' in 0.0004 seconds. Added 7 classes and 3 folders.
[2020.02.21-10.46.39:267][423]LogActorComponent: RegisterComponentWithWorld: (/Engine/Transient.World_14:PersistentLevel.AnimationEditorPreviewActor_0.PhysicsAssetEditorSkeletalMeshComponent_0) Already registered. Aborting.
[2020.02.21-10.46.39:438][423]LogShaderCompilers: Display: Worker (4/5): shaders left to compile 44
[2020.02.21-10.46.39:621][423]LogAssetEditorSubsystem: Opening Asset editor for BlendSpace /Game/Mesh/Buildup.Buildup
[2020.02.21-10.46.39:649][423]LogActorComponent: RegisterComponentWithWorld: (/Engine/Transient.World_15:PersistentLevel.AnimationEditorPreviewActor_0.DebugSkelMeshComponent_0) Already registered. Aborting.
[2020.02.21-10.46.39:687][423]LogSkeletalMesh: USkeletalMeshComponent::InitArticulated : Bodies already created (/Engine/Transient.World_15:PersistentLevel.AnimationEditorPreviewActor_0.DebugSkelMeshComponent_0) - call TermArticulated first.
[2020.02.21-10.46.39:693][423]LogShaderCompilers: Display: Worker (2/5): shaders left to compile 34
[2020.02.21-10.46.41:456][448]LogShaderCompilers: Display: Worker (1/5): shaders left to compile 25
[2020.02.21-10.46.42:358][481]LogShaderCompilers: Display: Worker (3/5): shaders left to compile 18
[2020.02.21-10.46.43:192][512]LogShaderCompilers: Display: Worker (2/5): shaders left to compile 13
[2020.02.21-10.46.43:880][537]LogShaderCompilers: Display: Worker (3/5): shaders left to compile 9
[2020.02.21-10.46.44:262][551]LogShaderCompilers: Display: Worker (4/5): shaders left to compile 6
[2020.02.21-10.46.45:315][590]LogShaderCompilers: Display: Worker (1/5): shaders left to compile 4
[2020.02.21-10.46.45:348][591]LogShaderCompilers: Display: Worker (4/5): shaders left to compile 2
[2020.02.21-10.46.45:482][597]LogShaderCompilers: Display: Worker (2/5): shaders left to compile 1
[2020.02.21-10.46.47:081][672]LogSlate: Window 'Buildup' being destroyed
[2020.02.21-10.46.47:085][672]LogSlate: Window 'Buildup' being destroyed
[2020.02.21-10.46.47:107][672]LogWorld: UWorld::CleanupWorld for World_11, bSessionEnded=true, bCleanupResources=true
[2020.02.21-10.46.47:107][672]LogSlate: InvalidateAllWidgets triggered.  All widgets were invalidated
[2020.02.21-10.46.47:157][672]LogActorComponent: UnregisterComponent: (/Engine/Transient.EditorFloorComp) Not registered. Aborting.
[2020.02.21-10.46.47:157][672]LogWorld: UWorld::CleanupWorld for World_12, bSessionEnded=true, bCleanupResources=true
[2020.02.21-10.46.47:157][672]LogSlate: InvalidateAllWidgets triggered.  All widgets were invalidated
[2020.02.21-10.46.47:202][672]LogWorld: UWorld::CleanupWorld for World_13, bSessionEnded=true, bCleanupResources=true
[2020.02.21-10.46.47:202][672]LogSlate: InvalidateAllWidgets triggered.  All widgets were invalidated
[2020.02.21-10.46.47:316][672]LogWorld: UWorld::CleanupWorld for World_14, bSessionEnded=true, bCleanupResources=true
[2020.02.21-10.46.47:316][672]LogSlate: InvalidateAllWidgets triggered.  All widgets were invalidated
[2020.02.21-10.46.47:426][672]LogWorld: UWorld::CleanupWorld for World_15, bSessionEnded=true, bCleanupResources=true
[2020.02.21-10.46.47:426][672]LogSlate: InvalidateAllWidgets triggered.  All widgets were invalidated
[2020.02.21-10.46.47:528][672]LogWorld: UWorld::CleanupWorld for World_16, bSessionEnded=true, bCleanupResources=true
[2020.02.21-10.46.47:528][672]LogSlate: InvalidateAllWidgets triggered.  All widgets were invalidated
[2020.02.21-10.46.49:147][759]LogTemp: Repeating last play command: Selected Viewport
[2020.02.21-10.46.49:163][759]LogPlayLevel: PlayLevel: No blueprints needed recompiling
[2020.02.21-10.46.49:163][759]PIE: New page: PIE session: Baselevel (21. feb. 2020 12:46:49)
[2020.02.21-10.46.49:164][759]LogOnline: OSS: Creating online subsystem instance for: NULL
[2020.02.21-10.46.49:165][759]LogOnline: OSS: TryLoadSubsystemAndSetDefault: Loaded subsystem for module [NULL]
[2020.02.21-10.46.49:165][759]LogPlayLevel: Creating play world package: /Game/Level/UEDPIE_0_Baselevel
[2020.02.21-10.46.49:173][759]LogPlayLevel: PIE: StaticDuplicateObject took: (0.007463s)
[2020.02.21-10.46.49:174][759]LogAIModule: Creating AISystem for world Baselevel
[2020.02.21-10.46.49:174][759]LogPlayLevel: PIE: World Init took: (0.000920s)
[2020.02.21-10.46.49:174][759]LogPlayLevel: PIE: Created PIE world by copying editor world from /Game/Level/Baselevel.Baselevel to /Game/Level/UEDPIE_0_Baselevel.Baselevel (0.008632s)
[2020.02.21-10.46.49:256][759]LogUObjectHash: Compacting FUObjectHashTables data took   4.53ms
[2020.02.21-10.46.49:258][759]LogAudioMixer: Display: Audio Mixer Platform Settings:
[2020.02.21-10.46.49:258][759]LogAudioMixer: Display: 	Sample Rate:						  48000
[2020.02.21-10.46.49:258][759]LogAudioMixer: Display: 	Callback Buffer Frame Size Requested: 1024
[2020.02.21-10.46.49:258][759]LogAudioMixer: Display: 	Callback Buffer Frame Size To Use:	  1024
[2020.02.21-10.46.49:258][759]LogAudioMixer: Display: 	Number of buffers to queue:			  2
[2020.02.21-10.46.49:258][759]LogAudioMixer: Display: 	Max Channels (voices):				  32
[2020.02.21-10.46.49:258][759]LogAudioMixer: Display: 	Number of Async Source Workers:		  0
[2020.02.21-10.46.49:258][759]LogAudio: Display: AudioDevice MaxSources: 32
[2020.02.21-10.46.49:258][759]LogAudio: Display: Using built-in audio occlusion.
[2020.02.21-10.46.49:258][759]LogAudioMixer: Display: Initializing audio mixer.
[2020.02.21-10.46.49:263][759]LogAudioMixer: Display: Audio Device Output Speaker Info:
[2020.02.21-10.46.49:263][759]LogAudioMixer: Display: Name: Zvočnik (Conexant ISST Audio)
[2020.02.21-10.46.49:263][759]LogAudioMixer: Display: Is Default: Yes
[2020.02.21-10.46.49:263][759]LogAudioMixer: Display: Sample Rate: 48000
[2020.02.21-10.46.49:263][759]LogAudioMixer: Display: Channel Count Used: 2
[2020.02.21-10.46.49:263][759]LogAudioMixer: Display: Device Channel Count: 2
[2020.02.21-10.46.49:263][759]LogAudioMixer: Display: Channel Order:
[2020.02.21-10.46.49:263][759]LogAudioMixer: Display: 0: FrontLeft
[2020.02.21-10.46.49:263][759]LogAudioMixer: Display: 1: FrontRight
[2020.02.21-10.46.49:277][759]LogAudioMixer: Display: Using Audio Device Zvočnik (Conexant ISST Audio)
[2020.02.21-10.46.49:278][759]LogInit: FAudioDevice initialized.
[2020.02.21-10.46.49:287][759]LogLoad: Game class is 'GM_BASE_C'
[2020.02.21-10.46.49:292][759]LogWorld: Bringing World /Game/Level/UEDPIE_0_Baselevel.Baselevel up for play (max tick rate 60) at 2020.02.21-11.46.49
[2020.02.21-10.46.49:292][759]LogWorld: Bringing up level for play took: 0.003684
[2020.02.21-10.46.49:292][759]LogOnline: OSS: Creating online subsystem instance for: :Context_22
[2020.02.21-10.46.49:296][759]LogContentBrowser: Native class hierarchy updated for 'MovieSceneCapture' in 0.0003 seconds. Added 20 classes and 0 folders.
[2020.02.21-10.46.49:331][759]LogBlueprintUserMessages: [BP_pickup_manager_2] 15
[2020.02.21-10.46.49:332][759]LogBlueprintUserMessages: [BP_pickup_manager_2] 15
[2020.02.21-10.46.49:332][759]LogBlueprintUserMessages: [BP_pickup_manager_2] 1
[2020.02.21-10.46.49:332][759]LogBlueprintUserMessages: [BP_pickup_manager_2] 20
[2020.02.21-10.46.49:332][759]LogBlueprintUserMessages: [BP_pickup_manager_2] 4
[2020.02.21-10.46.49:332][759]LogBlueprintUserMessages: [BP_pickup_manager_2] 4
[2020.02.21-10.46.49:332][759]LogBlueprintUserMessages: [BP_pickup_manager_2] 0
[2020.02.21-10.46.49:332][759]PIE: Play in editor start time for /Game/Level/UEDPIE_0_Baselevel 0,642
[2020.02.21-10.46.52:320][921]LogScript: Warning: Script Msg: Attempted to access index 0 from array 'CallFunc_GetOverlappingActors_OverlappingActors' of length 0 in '/Game/Blueprints/BP_Character.BP_Character_C:ExecuteUbergraph_BP_Character'!
[2020.02.21-10.46.56:256][157]LogScript: Warning: Script Msg: Attempted to access index 0 from array 'CallFunc_GetOverlappingActors_OverlappingActors' of length 0 in '/Game/Blueprints/BP_Character.BP_Character_C:ExecuteUbergraph_BP_Character'!
[2020.02.21-10.46.58:808][310]LogScript: Warning: Script Msg: Attempted to access index 0 from array 'CallFunc_GetOverlappingActors_OverlappingActors' of length 0 in '/Game/Blueprints/BP_Character.BP_Character_C:ExecuteUbergraph_BP_Character'!
[2020.02.21-10.46.59:043][324]LogScript: Warning: Script Msg: Attempted to access index 0 from array 'CallFunc_GetOverlappingActors_OverlappingActors' of length 0 in '/Game/Blueprints/BP_Character.BP_Character_C:ExecuteUbergraph_BP_Character'!
[2020.02.21-10.47.00:177][392]LogScript: Warning: Script Msg: Attempted to access index 0 from array 'CallFunc_GetOverlappingActors_OverlappingActors' of length 0 in '/Game/Blueprints/BP_Character.BP_Character_C:ExecuteUbergraph_BP_Character'!
[2020.02.21-10.47.04:497][651]LogAudioMixer: Display: No commands were queued while flushing the source manager.
[2020.02.21-10.47.04:497][651]LogAudioMixer: Display: No commands were queued while flushing the source manager.
[2020.02.21-10.47.04:497][651]LogSlate: Updating window title bar state: overlay mode, drag disabled, window buttons hidden, title bar hidden
[2020.02.21-10.47.04:497][651]LogWorld: BeginTearingDown for /Game/Level/UEDPIE_0_Baselevel
[2020.02.21-10.47.04:497][651]LogAudioMixer: Display: No commands were queued while flushing the source manager.
[2020.02.21-10.47.04:497][651]LogSpawn: Warning: SpawnActor failed because we are in the process of tearing down the world
[2020.02.21-10.47.04:497][651]LogSpawn: Warning: SpawnActor failed because we are in the process of tearing down the world
[2020.02.21-10.47.04:497][651]LogSpawn: Warning: SpawnActor failed because we are in the process of tearing down the world
[2020.02.21-10.47.04:497][651]LogSpawn: Warning: SpawnActor failed because we are in the process of tearing down the world
[2020.02.21-10.47.04:497][651]LogSpawn: Warning: SpawnActor failed because we are in the process of tearing down the world
[2020.02.21-10.47.04:497][651]LogSpawn: Warning: SpawnActor failed because we are in the process of tearing down the world
[2020.02.21-10.47.04:497][651]LogSpawn: Warning: SpawnActor failed because we are in the process of tearing down the world
[2020.02.21-10.47.04:498][651]LogSpawn: Warning: SpawnActor failed because we are in the process of tearing down the world
[2020.02.21-10.47.04:498][651]LogSpawn: Warning: SpawnActor failed because we are in the process of tearing down the world
[2020.02.21-10.47.04:498][651]LogSpawn: Warning: SpawnActor failed because we are in the process of tearing down the world
[2020.02.21-10.47.04:498][651]LogSpawn: Warning: SpawnActor failed because we are in the process of tearing down the world
[2020.02.21-10.47.04:498][651]LogSpawn: Warning: SpawnActor failed because we are in the process of tearing down the world
[2020.02.21-10.47.04:498][651]LogSpawn: Warning: SpawnActor failed because we are in the process of tearing down the world
[2020.02.21-10.47.04:498][651]LogSpawn: Warning: SpawnActor failed because we are in the process of tearing down the world
[2020.02.21-10.47.04:498][651]LogSpawn: Warning: SpawnActor failed because we are in the process of tearing down the world
[2020.02.21-10.47.04:498][651]LogSpawn: Warning: SpawnActor failed because we are in the process of tearing down the world
[2020.02.21-10.47.04:498][651]LogSpawn: Warning: SpawnActor failed because we are in the process of tearing down the world
[2020.02.21-10.47.04:498][651]LogSpawn: Warning: SpawnActor failed because we are in the process of tearing down the world
[2020.02.21-10.47.04:498][651]LogSpawn: Warning: SpawnActor failed because we are in the process of tearing down the world
[2020.02.21-10.47.04:498][651]LogSpawn: Warning: SpawnActor failed because we are in the process of tearing down the world
[2020.02.21-10.47.04:498][651]LogSpawn: Warning: SpawnActor failed because we are in the process of tearing down the world
[2020.02.21-10.47.04:498][651]LogSpawn: Warning: SpawnActor failed because we are in the process of tearing down the world
[2020.02.21-10.47.04:498][651]LogSpawn: Warning: SpawnActor failed because we are in the process of tearing down the world
[2020.02.21-10.47.04:498][651]LogSpawn: Warning: SpawnActor failed because we are in the process of tearing down the world
[2020.02.21-10.47.04:498][651]LogSpawn: Warning: SpawnActor failed because we are in the process of tearing down the world
[2020.02.21-10.47.04:498][651]LogSpawn: Warning: SpawnActor failed because we are in the process of tearing down the world
[2020.02.21-10.47.04:498][651]LogSpawn: Warning: SpawnActor failed because we are in the process of tearing down the world
[2020.02.21-10.47.04:498][651]LogSpawn: Warning: SpawnActor failed because we are in the process of tearing down the world
[2020.02.21-10.47.04:498][651]LogSpawn: Warning: SpawnActor failed because we are in the process of tearing down the world
[2020.02.21-10.47.04:498][651]LogSpawn: Warning: SpawnActor failed because we are in the process of tearing down the world
[2020.02.21-10.47.04:498][651]LogSpawn: Warning: SpawnActor failed because we are in the process of tearing down the world
[2020.02.21-10.47.04:498][651]LogSpawn: Warning: SpawnActor failed because we are in the process of tearing down the world
[2020.02.21-10.47.04:498][651]LogSpawn: Warning: SpawnActor failed because we are in the process of tearing down the world
[2020.02.21-10.47.04:498][651]LogSpawn: Warning: SpawnActor failed because we are in the process of tearing down the world
[2020.02.21-10.47.04:498][651]LogSpawn: Warning: SpawnActor failed because we are in the process of tearing down the world
[2020.02.21-10.47.04:498][651]LogSpawn: Warning: SpawnActor failed because we are in the process of tearing down the world
[2020.02.21-10.47.04:498][651]LogSpawn: Warning: SpawnActor failed because we are in the process of tearing down the world
[2020.02.21-10.47.04:498][651]LogSpawn: Warning: SpawnActor failed because we are in the process of tearing down the world
[2020.02.21-10.47.04:498][651]LogSpawn: Warning: SpawnActor failed because we are in the process of tearing down the world
[2020.02.21-10.47.04:498][651]LogSpawn: Warning: SpawnActor failed because we are in the process of tearing down the world
[2020.02.21-10.47.04:498][651]LogSpawn: Warning: SpawnActor failed because we are in the process of tearing down the world
[2020.02.21-10.47.04:498][651]LogSpawn: Warning: SpawnActor failed because we are in the process of tearing down the world
[2020.02.21-10.47.04:498][651]LogSpawn: Warning: SpawnActor failed because we are in the process of tearing down the world
[2020.02.21-10.47.04:498][651]LogSpawn: Warning: SpawnActor failed because we are in the process of tearing down the world
[2020.02.21-10.47.04:498][651]LogSpawn: Warning: SpawnActor failed because we are in the process of tearing down the world
[2020.02.21-10.47.04:498][651]LogSpawn: Warning: SpawnActor failed because we are in the process of tearing down the world
[2020.02.21-10.47.04:498][651]LogSpawn: Warning: SpawnActor failed because we are in the process of tearing down the world
[2020.02.21-10.47.04:498][651]LogSpawn: Warning: SpawnActor failed because we are in the process of tearing down the world
[2020.02.21-10.47.04:499][651]LogSpawn: Warning: SpawnActor failed because we are in the process of tearing down the world
[2020.02.21-10.47.04:499][651]LogSpawn: Warning: SpawnActor failed because we are in the process of tearing down the world
[2020.02.21-10.47.04:499][651]LogSpawn: Warning: SpawnActor failed because we are in the process of tearing down the world
[2020.02.21-10.47.04:499][651]LogSpawn: Warning: SpawnActor failed because we are in the process of tearing down the world
[2020.02.21-10.47.04:499][651]LogSpawn: Warning: SpawnActor failed because we are in the process of tearing down the world
[2020.02.21-10.47.04:499][651]LogSpawn: Warning: SpawnActor failed because we are in the process of tearing down the world
[2020.02.21-10.47.04:499][651]LogSpawn: Warning: SpawnActor failed because we are in the process of tearing down the world
[2020.02.21-10.47.04:499][651]LogSpawn: Warning: SpawnActor failed because we are in the process of tearing down the world
[2020.02.21-10.47.04:499][651]LogSpawn: Warning: SpawnActor failed because we are in the process of tearing down the world
[2020.02.21-10.47.04:499][651]LogSpawn: Warning: SpawnActor failed because we are in the process of tearing down the world
[2020.02.21-10.47.04:499][651]LogSpawn: Warning: SpawnActor failed because we are in the process of tearing down the world
[2020.02.21-10.47.04:499][651]LogWorld: UWorld::CleanupWorld for Baselevel, bSessionEnded=true, bCleanupResources=true
[2020.02.21-10.47.04:501][651]LogSlate: InvalidateAllWidgets triggered.  All widgets were invalidated
[2020.02.21-10.47.04:505][651]LogPlayLevel: Display: Shutting down PIE online subsystems
[2020.02.21-10.47.04:511][651]LogSlate: InvalidateAllWidgets triggered.  All widgets were invalidated
[2020.02.21-10.47.04:543][651]LogAudioMixer: Display: No commands were queued while flushing the source manager.
[2020.02.21-10.47.04:546][651]LogSlate: Updating window title bar state: overlay mode, drag disabled, window buttons hidden, title bar hidden
[2020.02.21-10.47.04:599][651]LogUObjectHash: Compacting FUObjectHashTables data took   4.00ms
[2020.02.21-10.47.04:616][652]LogPlayLevel: Display: Destroying online subsystem :Context_22
[2020.02.21-10.47.05:944][716]LogAssetEditorSubsystem: Opening Asset editor for Blueprint /Game/Blueprints/BP_bomba.BP_bomba
[2020.02.21-10.47.06:372][716]LogSlate: Took 0.000202 seconds to synchronously load lazily loaded font '../../../Engine/Content/Slate/Fonts/Roboto-BoldCondensed.ttf' (158K)
[2020.02.21-10.47.08:338][824]LogSlate: Took 0.006737 seconds to synchronously load lazily loaded font '../../../Engine/Content/Slate/Fonts/Roboto-Italic.ttf' (157K)
[2020.02.21-10.47.44:379][906]BlueprintLog: New page: Compile BP_bomba
[2020.02.21-10.47.44:611][906]LogUObjectHash: Compacting FUObjectHashTables data took   3.45ms
[2020.02.21-10.47.45:078][926]Cmd: OBJ SAVEPACKAGE PACKAGE="/Game/Blueprints/BP_bomba" FILE="../../../../../../polanc/UnrealEngine/Fishbaloon/FishBaloon/Content/Blueprints/BP_bomba.uasset" SILENT=true
[2020.02.21-10.47.45:143][926]LogSavePackage: Moving '../../../../../../polanc/UnrealEngine/Fishbaloon/FishBaloon/Saved/BP_bombaDAE520F84B2E683AB8708C920BBD481B.tmp' to '../../../../../../polanc/UnrealEngine/Fishbaloon/FishBaloon/Content/Blueprints/BP_bomba.uasset'
[2020.02.21-10.47.45:159][926]AssetCheck: New page: Asset Save: BP_bomba
[2020.02.21-10.47.45:159][926]LogContentValidation: Display: Validating Blueprint /Game/Blueprints/BP_bomba.BP_bomba
[2020.02.21-10.47.48:220][ 75]LogUObjectHash: Compacting FUObjectHashTables data took   3.39ms
